<?xml version="1.0" encoding="UTF-8" standalone="no"?>
<!DOCTYPE log SYSTEM "logger.dtd">
<log>
<record>
  <date>2022-08-17T14:48:42</date>
  <millis>1660758522761</millis>
  <sequence>0</sequence>
  <level>START</level>
  <class>com.kms.katalon.core.logging.XmlKeywordLogger</class>
  <method>startSuite</method>
  <thread>1</thread>
  <message>Start Test Suite : Test Suites/Suite FalabellaAUT</message>
  <nestedLevel>0</nestedLevel>
  <property name="name">Suite FalabellaAUT</property>
  <property name="description"></property>
  <property name="id">Test Suites/Suite FalabellaAUT</property>
</record>
<record>
  <date>2022-08-17T14:48:42</date>
  <millis>1660758522828</millis>
  <sequence>1</sequence>
  <level>RUN_DATA</level>
  <class>com.kms.katalon.core.logging.XmlKeywordLogger</class>
  <method>logMessage</method>
  <thread>1</thread>
  <message>hostName = FOX_PREDATOR - FOX_PREDATOR</message>
  <nestedLevel>0</nestedLevel>
  <property name="hostName">FOX_PREDATOR - FOX_PREDATOR</property>
</record>
<record>
  <date>2022-08-17T14:48:42</date>
  <millis>1660758522842</millis>
  <sequence>2</sequence>
  <level>RUN_DATA</level>
  <class>com.kms.katalon.core.logging.XmlKeywordLogger</class>
  <method>logMessage</method>
  <thread>1</thread>
  <message>os = Windows 10 64bit</message>
  <nestedLevel>0</nestedLevel>
  <property name="os">Windows 10 64bit</property>
</record>
<record>
  <date>2022-08-17T14:48:42</date>
  <millis>1660758522843</millis>
  <sequence>3</sequence>
  <level>RUN_DATA</level>
  <class>com.kms.katalon.core.logging.XmlKeywordLogger</class>
  <method>logMessage</method>
  <thread>1</thread>
  <message>hostAddress = 192.168.0.102</message>
  <nestedLevel>0</nestedLevel>
  <property name="hostAddress">192.168.0.102</property>
</record>
<record>
  <date>2022-08-17T14:48:42</date>
  <millis>1660758522853</millis>
  <sequence>4</sequence>
  <level>RUN_DATA</level>
  <class>com.kms.katalon.core.logging.XmlKeywordLogger</class>
  <method>logMessage</method>
  <thread>1</thread>
  <message>katalonVersion = 7.5.5.1</message>
  <nestedLevel>0</nestedLevel>
  <property name="katalonVersion">7.5.5.1</property>
</record>
<record>
  <date>2022-08-17T14:48:42</date>
  <millis>1660758522862</millis>
  <sequence>5</sequence>
  <level>START</level>
  <class>com.kms.katalon.core.logging.XmlKeywordLogger</class>
  <method>startKeyword</method>
  <thread>1</thread>
  <message>Start listener action : beforeExportKatalonReports</message>
  <nestedLevel>0</nestedLevel>
</record>
<record>
  <date>2022-08-17T14:48:42</date>
  <millis>1660758522979</millis>
  <sequence>7</sequence>
  <level>INFO</level>
  <class>com.kms.katalon.core.logging.XmlKeywordLogger</class>
  <method>logMessage</method>
  <thread>1</thread>
  <message>This Katalon Studio version has been deprecated. Please upgrade Katalon Studio to the latest version.</message>
  <nestedLevel>0</nestedLevel>
</record>
<record>
  <date>2022-08-17T14:48:42</date>
  <millis>1660758522979</millis>
  <sequence>9</sequence>
  <level>END</level>
  <class>com.kms.katalon.core.logging.XmlKeywordLogger</class>
  <method>endKeyword</method>
  <thread>1</thread>
  <message>End listener action : beforeExportKatalonReports</message>
  <nestedLevel>0</nestedLevel>
</record>
<record>
  <date>2022-08-17T14:48:43</date>
  <millis>1660758523466</millis>
  <sequence>10</sequence>
  <level>START</level>
  <class>com.kms.katalon.core.logging.XmlKeywordLogger</class>
  <method>startTest</method>
  <thread>1</thread>
  <message>Start Test Case : Test Cases/inicioSesion/01 - aperturaPagina</message>
  <nestedLevel>1</nestedLevel>
  <property name="name">Test Cases/inicioSesion/01 - aperturaPagina</property>
  <property name="description"></property>
  <property name="id">Test Cases/inicioSesion/01 - aperturaPagina</property>
  <property name="source">D:\\ProyectosAUT\\Katalon\\FalabellaAUT\\FalabellaAUT\\Test Cases\\inicioSesion\\01 - aperturaPagina.tc</property>
  <property name="tag"></property>
  <property name="isOptional">false</property>
</record>
<record>
  <date>2022-08-17T14:48:44</date>
  <millis>1660758524192</millis>
  <sequence>12</sequence>
  <level>START</level>
  <class>com.kms.katalon.core.logging.XmlKeywordLogger</class>
  <method>startKeyword</method>
  <thread>1</thread>
  <message>Start action : Fecha = new java.util.Date()</message>
  <nestedLevel>1</nestedLevel>
  <property name="startLine">22</property>
  <property name="stepIndex">1</property>
</record>
<record>
  <date>2022-08-17T14:48:44</date>
  <millis>1660758524304</millis>
  <sequence>13</sequence>
  <level>END</level>
  <class>com.kms.katalon.core.logging.XmlKeywordLogger</class>
  <method>endKeyword</method>
  <thread>1</thread>
  <message>End action : Fecha = new java.util.Date()</message>
  <nestedLevel>1</nestedLevel>
</record>
<record>
  <date>2022-08-17T14:48:44</date>
  <millis>1660758524305</millis>
  <sequence>14</sequence>
  <level>START</level>
  <class>com.kms.katalon.core.logging.XmlKeywordLogger</class>
  <method>startKeyword</method>
  <thread>1</thread>
  <message>Start action : Dia = Fecha.format(\&amp;quot;dd_MM_yy\&amp;quot;)</message>
  <nestedLevel>1</nestedLevel>
  <property name="startLine">24</property>
  <property name="stepIndex">2</property>
</record>
<record>
  <date>2022-08-17T14:48:44</date>
  <millis>1660758524307</millis>
  <sequence>15</sequence>
  <level>END</level>
  <class>com.kms.katalon.core.logging.XmlKeywordLogger</class>
  <method>endKeyword</method>
  <thread>1</thread>
  <message>End action : Dia = Fecha.format(\&amp;quot;dd_MM_yy\&amp;quot;)</message>
  <nestedLevel>1</nestedLevel>
</record>
<record>
  <date>2022-08-17T14:48:44</date>
  <millis>1660758524308</millis>
  <sequence>16</sequence>
  <level>START</level>
  <class>com.kms.katalon.core.logging.XmlKeywordLogger</class>
  <method>startKeyword</method>
  <thread>1</thread>
  <message>Start action : Hora = Fecha.format(\&amp;quot;hh_mm_ss\&amp;quot;)</message>
  <nestedLevel>1</nestedLevel>
  <property name="startLine">26</property>
  <property name="stepIndex">3</property>
</record>
<record>
  <date>2022-08-17T14:48:44</date>
  <millis>1660758524310</millis>
  <sequence>17</sequence>
  <level>END</level>
  <class>com.kms.katalon.core.logging.XmlKeywordLogger</class>
  <method>endKeyword</method>
  <thread>1</thread>
  <message>End action : Hora = Fecha.format(\&amp;quot;hh_mm_ss\&amp;quot;)</message>
  <nestedLevel>1</nestedLevel>
</record>
<record>
  <date>2022-08-17T14:48:44</date>
  <millis>1660758524316</millis>
  <sequence>18</sequence>
  <level>START</level>
  <class>com.kms.katalon.core.logging.XmlKeywordLogger</class>
  <method>startKeyword</method>
  <thread>1</thread>
  <message>Start action : robot = new java.awt.Robot()</message>
  <nestedLevel>1</nestedLevel>
  <property name="startLine">28</property>
  <property name="stepIndex">4</property>
</record>
<record>
  <date>2022-08-17T14:48:45</date>
  <millis>1660758525623</millis>
  <sequence>19</sequence>
  <level>END</level>
  <class>com.kms.katalon.core.logging.XmlKeywordLogger</class>
  <method>endKeyword</method>
  <thread>1</thread>
  <message>End action : robot = new java.awt.Robot()</message>
  <nestedLevel>1</nestedLevel>
</record>
<record>
  <date>2022-08-17T14:48:45</date>
  <millis>1660758525627</millis>
  <sequence>20</sequence>
  <level>START</level>
  <class>com.kms.katalon.core.logging.XmlKeywordLogger</class>
  <method>startKeyword</method>
  <thread>1</thread>
  <message>Start action : openBrowser(\&amp;quot;\&amp;quot;)</message>
  <nestedLevel>1</nestedLevel>
  <property name="startLine">30</property>
  <property name="stepIndex">5</property>
</record>
<record>
  <date>2022-08-17T14:48:46</date>
  <millis>1660758526162</millis>
  <sequence>22</sequence>
  <level>INFO</level>
  <class>com.kms.katalon.core.logging.XmlKeywordLogger</class>
  <method>logMessage</method>
  <thread>1</thread>
  <message>Starting &amp;apos;Firefox&amp;apos; driver</message>
  <nestedLevel>1</nestedLevel>
</record>
<record>
  <date>2022-08-17T14:48:46</date>
  <millis>1660758526738</millis>
  <sequence>24</sequence>
  <level>INFO</level>
  <class>com.kms.katalon.core.logging.XmlKeywordLogger</class>
  <method>logMessage</method>
  <thread>1</thread>
  <message>Action delay is set to 0 milliseconds</message>
  <nestedLevel>1</nestedLevel>
</record>
<record>
  <date>2022-08-17T14:48:56</date>
  <millis>1660758536477</millis>
  <sequence>26</sequence>
  <level>RUN_DATA</level>
  <class>com.kms.katalon.core.logging.XmlKeywordLogger</class>
  <method>logMessage</method>
  <thread>1</thread>
  <message>sessionId = 9ad583a8-222a-47e9-87ff-728abd32ae8d</message>
  <nestedLevel>1</nestedLevel>
  <property name="sessionId">9ad583a8-222a-47e9-87ff-728abd32ae8d</property>
</record>
<record>
  <date>2022-08-17T14:48:56</date>
  <millis>1660758536506</millis>
  <sequence>27</sequence>
  <level>RUN_DATA</level>
  <class>com.kms.katalon.core.logging.XmlKeywordLogger</class>
  <method>logMessage</method>
  <thread>1</thread>
  <message>browser = Firefox 103.0</message>
  <nestedLevel>1</nestedLevel>
  <property name="browser">Firefox 103.0</property>
</record>
<record>
  <date>2022-08-17T14:48:56</date>
  <millis>1660758536507</millis>
  <sequence>28</sequence>
  <level>RUN_DATA</level>
  <class>com.kms.katalon.core.logging.XmlKeywordLogger</class>
  <method>logMessage</method>
  <thread>1</thread>
  <message>platform = Windows 10</message>
  <nestedLevel>1</nestedLevel>
  <property name="platform">Windows 10</property>
</record>
<record>
  <date>2022-08-17T14:48:56</date>
  <millis>1660758536508</millis>
  <sequence>29</sequence>
  <level>RUN_DATA</level>
  <class>com.kms.katalon.core.logging.XmlKeywordLogger</class>
  <method>logMessage</method>
  <thread>1</thread>
  <message>seleniumVersion = 3.141.59</message>
  <nestedLevel>1</nestedLevel>
  <property name="seleniumVersion">3.141.59</property>
</record>
<record>
  <date>2022-08-17T14:48:56</date>
  <millis>1660758536510</millis>
  <sequence>30</sequence>
  <level>RUN_DATA</level>
  <class>com.kms.katalon.core.logging.XmlKeywordLogger</class>
  <method>logMessage</method>
  <thread>1</thread>
  <message>proxyInformation = ProxyInformation { proxyOption=NO_PROXY, proxyServerType=HTTP, username=, password=********, proxyServerAddress=, proxyServerPort=0, executionList=\&amp;quot;\&amp;quot;, isApplyToDesiredCapabilities=true }</message>
  <nestedLevel>1</nestedLevel>
  <property name="proxyInformation">ProxyInformation { proxyOption=NO_PROXY, proxyServerType=HTTP, username=, password=********, proxyServerAddress=, proxyServerPort=0, executionList=\&quot;\&quot;, isApplyToDesiredCapabilities=true }</property>
</record>
<record>
  <date>2022-08-17T14:48:56</date>
  <millis>1660758536542</millis>
  <sequence>31</sequence>
  <level>PASSED</level>
  <class>com.kms.katalon.core.logging.XmlKeywordLogger</class>
  <method>logMessage</method>
  <thread>1</thread>
  <message>Browser is opened with url: &amp;apos;&amp;apos;</message>
  <nestedLevel>1</nestedLevel>
</record>
<record>
  <date>2022-08-17T14:48:56</date>
  <millis>1660758536543</millis>
  <sequence>32</sequence>
  <level>END</level>
  <class>com.kms.katalon.core.logging.XmlKeywordLogger</class>
  <method>endKeyword</method>
  <thread>1</thread>
  <message>End action : openBrowser(\&amp;quot;\&amp;quot;)</message>
  <nestedLevel>1</nestedLevel>
</record>
<record>
  <date>2022-08-17T14:48:56</date>
  <millis>1660758536544</millis>
  <sequence>33</sequence>
  <level>START</level>
  <class>com.kms.katalon.core.logging.XmlKeywordLogger</class>
  <method>startKeyword</method>
  <thread>1</thread>
  <message>Start action : navigateToUrl(\&amp;quot;https://www.falabella.com/falabella-cl\&amp;quot;)</message>
  <nestedLevel>1</nestedLevel>
  <property name="startLine">32</property>
  <property name="stepIndex">6</property>
</record>
<record>
  <date>2022-08-17T14:49:00</date>
  <millis>1660758540597</millis>
  <sequence>36</sequence>
  <level>PASSED</level>
  <class>com.kms.katalon.core.logging.XmlKeywordLogger</class>
  <method>logMessage</method>
  <thread>1</thread>
  <message>Navigate to &amp;apos;https://www.falabella.com/falabella-cl&amp;apos; successfully</message>
  <nestedLevel>1</nestedLevel>
</record>
<record>
  <date>2022-08-17T14:49:00</date>
  <millis>1660758540598</millis>
  <sequence>37</sequence>
  <level>END</level>
  <class>com.kms.katalon.core.logging.XmlKeywordLogger</class>
  <method>endKeyword</method>
  <thread>1</thread>
  <message>End action : navigateToUrl(\&amp;quot;https://www.falabella.com/falabella-cl\&amp;quot;)</message>
  <nestedLevel>1</nestedLevel>
</record>
<record>
  <date>2022-08-17T14:49:00</date>
  <millis>1660758540598</millis>
  <sequence>38</sequence>
  <level>START</level>
  <class>com.kms.katalon.core.logging.XmlKeywordLogger</class>
  <method>startKeyword</method>
  <thread>1</thread>
  <message>Start action : if (verifyElementPresent(findTestObject(\&amp;quot;01 - Login/Page_falabellacom  Todo lo que necesitas en_591ae0/div_Logo_Falabella\&amp;quot;), 2, OPTIONAL))</message>
  <nestedLevel>1</nestedLevel>
  <property name="startLine">34</property>
  <property name="stepIndex">7</property>
</record>
<record>
  <date>2022-08-17T14:49:03</date>
  <millis>1660758543815</millis>
  <sequence>46</sequence>
  <level>PASSED</level>
  <class>com.kms.katalon.core.logging.XmlKeywordLogger</class>
  <method>logMessage</method>
  <thread>1</thread>
  <message>Object &amp;apos;Object Repository/01 - Login/Page_falabellacom  Todo lo que necesitas en_591ae0/div_Logo_Falabella&amp;apos; is present</message>
  <nestedLevel>1</nestedLevel>
</record>
<record>
  <date>2022-08-17T14:49:03</date>
  <millis>1660758543817</millis>
  <sequence>47</sequence>
  <level>START</level>
  <class>com.kms.katalon.core.logging.XmlKeywordLogger</class>
  <method>startKeyword</method>
  <thread>1</thread>
  <message>Start action : out.println(\&amp;quot;-&amp;gt; Apertura pagina Falabella OK\&amp;quot;)</message>
  <nestedLevel>2</nestedLevel>
  <property name="startLine">36</property>
  <property name="stepIndex">1</property>
</record>
<record>
  <date>2022-08-17T14:49:03</date>
  <millis>1660758543831</millis>
  <sequence>48</sequence>
  <level>END</level>
  <class>com.kms.katalon.core.logging.XmlKeywordLogger</class>
  <method>endKeyword</method>
  <thread>1</thread>
  <message>End action : out.println(\&amp;quot;-&amp;gt; Apertura pagina Falabella OK\&amp;quot;)</message>
  <nestedLevel>2</nestedLevel>
</record>
<record>
  <date>2022-08-17T14:49:03</date>
  <millis>1660758543832</millis>
  <sequence>49</sequence>
  <level>END</level>
  <class>com.kms.katalon.core.logging.XmlKeywordLogger</class>
  <method>endKeyword</method>
  <thread>1</thread>
  <message>End action : if (verifyElementPresent(findTestObject(\&amp;quot;01 - Login/Page_falabellacom  Todo lo que necesitas en_591ae0/div_Logo_Falabella\&amp;quot;), 2, OPTIONAL))</message>
  <nestedLevel>1</nestedLevel>
</record>
<record>
  <date>2022-08-17T14:49:03</date>
  <millis>1660758543832</millis>
  <sequence>50</sequence>
  <level>PASSED</level>
  <class>com.kms.katalon.core.logging.XmlKeywordLogger</class>
  <method>logMessage</method>
  <thread>1</thread>
  <message>Test Cases/inicioSesion/01 - aperturaPagina</message>
  <nestedLevel>1</nestedLevel>
</record>
<record>
  <date>2022-08-17T14:49:03</date>
  <millis>1660758543833</millis>
  <sequence>51</sequence>
  <level>END</level>
  <class>com.kms.katalon.core.logging.XmlKeywordLogger</class>
  <method>endTest</method>
  <thread>1</thread>
  <message>End Test Case : Test Cases/inicioSesion/01 - aperturaPagina</message>
  <nestedLevel>0</nestedLevel>
</record>
<record>
  <date>2022-08-17T14:49:03</date>
  <millis>1660758543840</millis>
  <sequence>52</sequence>
  <level>START</level>
  <class>com.kms.katalon.core.logging.XmlKeywordLogger</class>
  <method>startTest</method>
  <thread>1</thread>
  <message>Start Test Case : Test Cases/inicioSesion/02 - PopUp articulo carrito</message>
  <nestedLevel>1</nestedLevel>
  <property name="name">Test Cases/inicioSesion/02 - PopUp articulo carrito</property>
  <property name="description"></property>
  <property name="id">Test Cases/inicioSesion/02 - PopUp articulo carrito</property>
  <property name="source">D:\\ProyectosAUT\\Katalon\\FalabellaAUT\\FalabellaAUT\\Test Cases\\inicioSesion\\02 - PopUp articulo carrito.tc</property>
  <property name="tag"></property>
  <property name="isOptional">false</property>
</record>
<record>
  <date>2022-08-17T14:49:04</date>
  <millis>1660758544538</millis>
  <sequence>55</sequence>
  <level>ERROR</level>
  <class>com.kms.katalon.core.logging.XmlKeywordLogger</class>
  <method>logMessage</method>
  <thread>1</thread>
  <message>Test Cases/inicioSesion/02 - PopUp articulo carrito FAILED.\nReason:\norg.codehaus.groovy.control.MultipleCompilationErrorsException: startup failed:\r\nfile:/D:/ProyectosAUT/Katalon/FalabellaAUT/FalabellaAUT/Scripts/inicioSesion/02%20-%20PopUp%20articulo%20carrito/Script1660690344903.groovy: 22: unable to resolve class Robot \n @ line 22, column 7.\r\n   Robot robot = new Robot();\r\n         ^\r\n\r\nfile:/D:/ProyectosAUT/Katalon/FalabellaAUT/FalabellaAUT/Scripts/inicioSesion/02%20-%20PopUp%20articulo%20carrito/Script1660690344903.groovy: 22: unable to resolve class Robot \n @ line 22, column 15.\r\n   Robot robot = new Robot();\r\n                 ^\r\n\r\n2 errors\r\n\r\n\tat com.kms.katalon.core.main.ScriptEngine.getScript(ScriptEngine.java:199)\r\n\tat com.kms.katalon.core.main.ScriptEngine.run(ScriptEngine.java:194)\r\n\tat com.kms.katalon.core.main.ScriptEngine.runScriptAsRawText(ScriptEngine.java:119)\r\n\tat com.kms.katalon.core.main.TestCaseExecutor.runScript(TestCaseExecutor.java:337)\r\n\tat com.kms.katalon.core.main.TestCaseExecutor.doExecute(TestCaseExecutor.java:328)\r\n\tat com.kms.katalon.core.main.TestCaseExecutor.processExecutionPhase(TestCaseExecutor.java:307)\r\n\tat com.kms.katalon.core.main.TestCaseExecutor.accessMainPhase(TestCaseExecutor.java:299)\r\n\tat com.kms.katalon.core.main.TestCaseExecutor.execute(TestCaseExecutor.java:233)\r\n\tat com.kms.katalon.core.main.TestSuiteExecutor.accessTestCaseMainPhase(TestSuiteExecutor.java:169)\r\n\tat com.kms.katalon.core.main.TestSuiteExecutor.accessTestSuiteMainPhase(TestSuiteExecutor.java:142)\r\n\tat com.kms.katalon.core.main.TestSuiteExecutor.execute(TestSuiteExecutor.java:91)\r\n\tat com.kms.katalon.core.main.TestCaseMain.startTestSuite(TestCaseMain.java:157)\r\n\tat com.kms.katalon.core.main.TestCaseMain$startTestSuite$0.call(Unknown Source)\r\n\tat TempTestSuite1660758498692.run(TempTestSuite1660758498692.groovy:37)\r\n</message>
  <exception>
    <message>org.codehaus.groovy.control.MultipleCompilationErrorsException: startup failed:
file:/D:/ProyectosAUT/Katalon/FalabellaAUT/FalabellaAUT/Scripts/inicioSesion/02%20-%20PopUp%20articulo%20carrito/Script1660690344903.groovy: 22: unable to resolve class Robot 
 @ line 22, column 7.
   Robot robot = new Robot();
         ^

file:/D:/ProyectosAUT/Katalon/FalabellaAUT/FalabellaAUT/Scripts/inicioSesion/02%20-%20PopUp%20articulo%20carrito/Script1660690344903.groovy: 22: unable to resolve class Robot 
 @ line 22, column 15.
   Robot robot = new Robot();
                 ^

2 errors
</message>
    <frame>
      <class>com.kms.katalon.core.main.ScriptEngine</class>
      <method>getScript</method>
      <line>199</line>
    </frame>
    <frame>
      <class>com.kms.katalon.core.main.ScriptEngine</class>
      <method>run</method>
      <line>194</line>
    </frame>
    <frame>
      <class>com.kms.katalon.core.main.ScriptEngine</class>
      <method>runScriptAsRawText</method>
      <line>119</line>
    </frame>
    <frame>
      <class>com.kms.katalon.core.main.TestCaseExecutor</class>
      <method>runScript</method>
      <line>337</line>
    </frame>
    <frame>
      <class>com.kms.katalon.core.main.TestCaseExecutor</class>
      <method>doExecute</method>
      <line>328</line>
    </frame>
    <frame>
      <class>com.kms.katalon.core.main.TestCaseExecutor</class>
      <method>processExecutionPhase</method>
      <line>307</line>
    </frame>
    <frame>
      <class>com.kms.katalon.core.main.TestCaseExecutor</class>
      <method>accessMainPhase</method>
      <line>299</line>
    </frame>
    <frame>
      <class>com.kms.katalon.core.main.TestCaseExecutor</class>
      <method>execute</method>
      <line>233</line>
    </frame>
    <frame>
      <class>com.kms.katalon.core.main.TestSuiteExecutor</class>
      <method>accessTestCaseMainPhase</method>
      <line>169</line>
    </frame>
    <frame>
      <class>com.kms.katalon.core.main.TestSuiteExecutor</class>
      <method>accessTestSuiteMainPhase</method>
      <line>142</line>
    </frame>
    <frame>
      <class>com.kms.katalon.core.main.TestSuiteExecutor</class>
      <method>execute</method>
      <line>91</line>
    </frame>
    <frame>
      <class>com.kms.katalon.core.main.TestCaseMain</class>
      <method>startTestSuite</method>
      <line>157</line>
    </frame>
    <frame>
      <class>com.kms.katalon.core.main.TestCaseMain$startTestSuite$0</class>
      <method>call</method>
    </frame>
    <frame>
      <class>TempTestSuite1660758498692</class>
      <method>run</method>
      <line>37</line>
    </frame>
  </exception>
  <nestedLevel>0</nestedLevel>
  <property name="failed.exception.stacktrace">org.codehaus.groovy.control.MultipleCompilationErrorsException: startup failed:\r\nfile:/D:/ProyectosAUT/Katalon/FalabellaAUT/FalabellaAUT/Scripts/inicioSesion/02%20-%20PopUp%20articulo%20carrito/Script1660690344903.groovy: 22: unable to resolve class Robot \n @ line 22, column 7.\r\n   Robot robot = new Robot();\r\n         ^\r\n\r\nfile:/D:/ProyectosAUT/Katalon/FalabellaAUT/FalabellaAUT/Scripts/inicioSesion/02%20-%20PopUp%20articulo%20carrito/Script1660690344903.groovy: 22: unable to resolve class Robot \n @ line 22, column 15.\r\n   Robot robot = new Robot();\r\n                 ^\r\n\r\n2 errors\r\n\r\n\tat com.kms.katalon.core.main.ScriptEngine.getScript(ScriptEngine.java:199)\r\n\tat com.kms.katalon.core.main.ScriptEngine.run(ScriptEngine.java:194)\r\n\tat com.kms.katalon.core.main.ScriptEngine.runScriptAsRawText(ScriptEngine.java:119)\r\n\tat com.kms.katalon.core.main.TestCaseExecutor.runScript(TestCaseExecutor.java:337)\r\n\tat com.kms.katalon.core.main.TestCaseExecutor.doExecute(TestCaseExecutor.java:328)\r\n\tat com.kms.katalon.core.main.TestCaseExecutor.processExecutionPhase(TestCaseExecutor.java:307)\r\n\tat com.kms.katalon.core.main.TestCaseExecutor.accessMainPhase(TestCaseExecutor.java:299)\r\n\tat com.kms.katalon.core.main.TestCaseExecutor.execute(TestCaseExecutor.java:233)\r\n\tat com.kms.katalon.core.main.TestSuiteExecutor.accessTestCaseMainPhase(TestSuiteExecutor.java:169)\r\n\tat com.kms.katalon.core.main.TestSuiteExecutor.accessTestSuiteMainPhase(TestSuiteExecutor.java:142)\r\n\tat com.kms.katalon.core.main.TestSuiteExecutor.execute(TestSuiteExecutor.java:91)\r\n\tat com.kms.katalon.core.main.TestCaseMain.startTestSuite(TestCaseMain.java:157)\r\n\tat com.kms.katalon.core.main.TestCaseMain$startTestSuite$0.call(Unknown Source)\r\n\tat TempTestSuite1660758498692.run(TempTestSuite1660758498692.groovy:37)\r\n</property>
  <property name="failed.exception.class">org.codehaus.groovy.control.MultipleCompilationErrorsException</property>
  <property name="failed.exception.message">startup failed:\r\nfile:/D:/ProyectosAUT/Katalon/FalabellaAUT/FalabellaAUT/Scripts/inicioSesion/02%20-%20PopUp%20articulo%20carrito/Script1660690344903.groovy: 22: unable to resolve class Robot \n @ line 22, column 7.\r\n   Robot robot = new Robot();\r\n         ^\r\n\r\nfile:/D:/ProyectosAUT/Katalon/FalabellaAUT/FalabellaAUT/Scripts/inicioSesion/02%20-%20PopUp%20articulo%20carrito/Script1660690344903.groovy: 22: unable to resolve class Robot \n @ line 22, column 15.\r\n   Robot robot = new Robot();\r\n                 ^\r\n\r\n2 errors\r\n</property>
</record>
<record>
  <date>2022-08-17T14:49:04</date>
  <millis>1660758544540</millis>
  <sequence>57</sequence>
  <level>END</level>
  <class>com.kms.katalon.core.logging.XmlKeywordLogger</class>
  <method>endTest</method>
  <thread>1</thread>
  <message>End Test Case : Test Cases/inicioSesion/02 - PopUp articulo carrito</message>
  <nestedLevel>0</nestedLevel>
</record>
<record>
  <date>2022-08-17T14:49:04</date>
  <millis>1660758544540</millis>
  <sequence>58</sequence>
  <level>START</level>
  <class>com.kms.katalon.core.logging.XmlKeywordLogger</class>
  <method>startKeyword</method>
  <thread>1</thread>
  <message>Start listener action : exportKatalonReports</message>
  <nestedLevel>0</nestedLevel>
</record>
<record>
  <date>2022-08-17T14:49:04</date>
  <millis>1660758544541</millis>
  <sequence>60</sequence>
  <level>INFO</level>
  <class>com.kms.katalon.core.logging.XmlKeywordLogger</class>
  <method>logMessage</method>
  <thread>1</thread>
  <message>This Katalon Studio version has been deprecated. Please upgrade Katalon Studio to the latest version.</message>
  <nestedLevel>0</nestedLevel>
</record>
<record>
  <date>2022-08-17T14:49:05</date>
  <millis>1660758545090</millis>
  <sequence>145</sequence>
  <level>INFO</level>
  <class>com.kms.katalon.core.logging.XmlKeywordLogger</class>
  <method>logMessage</method>
  <thread>1</thread>
  <message>Start generating HTML report folder at: D:\\ProyectosAUT\\Katalon\\FalabellaAUT\\FalabellaAUT\\Reports\\20220817_144818\\Suite FalabellaAUT\\20220817_144818...</message>
  <nestedLevel>0</nestedLevel>
</record>
<record>
  <date>2022-08-17T14:49:05</date>
  <millis>1660758545207</millis>
  <sequence>146</sequence>
  <level>INFO</level>
  <class>com.kms.katalon.core.logging.XmlKeywordLogger</class>
  <method>logMessage</method>
  <thread>1</thread>
  <message>HTML report generated</message>
  <nestedLevel>0</nestedLevel>
</record>
<record>
  <date>2022-08-17T14:49:05</date>
  <millis>1660758545208</millis>
  <sequence>147</sequence>
  <level>INFO</level>
  <class>com.kms.katalon.core.logging.XmlKeywordLogger</class>
  <method>logMessage</method>
  <thread>1</thread>
  <message>Start generating CSV report folder at: D:\\ProyectosAUT\\Katalon\\FalabellaAUT\\FalabellaAUT\\Reports\\20220817_144818\\Suite FalabellaAUT\\20220817_144818...</message>
  <nestedLevel>0</nestedLevel>
</record>
<record>
  <date>2022-08-17T14:49:05</date>
  <millis>1660758545341</millis>
  <sequence>148</sequence>
  <level>INFO</level>
  <class>com.kms.katalon.core.logging.XmlKeywordLogger</class>
  <method>logMessage</method>
  <thread>1</thread>
  <message>CSV report generated</message>
  <nestedLevel>0</nestedLevel>
</record>
<record>
  <date>2022-08-17T14:49:05</date>
  <millis>1660758545341</millis>
  <sequence>149</sequence>
  <level>INFO</level>
  <class>com.kms.katalon.core.logging.XmlKeywordLogger</class>
  <method>logMessage</method>
  <thread>1</thread>
  <message>Start generating JUnit report folder at: D:\\ProyectosAUT\\Katalon\\FalabellaAUT\\FalabellaAUT\\Reports\\20220817_144818\\Suite FalabellaAUT\\20220817_144818...</message>
  <nestedLevel>0</nestedLevel>
</record>
<record>
  <date>2022-08-17T14:49:06</date>
  <millis>1660758546825</millis>
  <sequence>150</sequence>
  <level>INFO</level>
  <class>com.kms.katalon.core.logging.XmlKeywordLogger</class>
  <method>logMessage</method>
  <thread>1</thread>
  <message>JUnit report generated</message>
  <nestedLevel>0</nestedLevel>
</record>
<record>
  <date>2022-08-17T14:49:06</date>
  <millis>1660758546825</millis>
  <sequence>152</sequence>
  <level>END</level>
  <class>com.kms.katalon.core.logging.XmlKeywordLogger</class>
  <method>endKeyword</method>
  <thread>1</thread>
  <message>End listener action : exportKatalonReports</message>
  <nestedLevel>0</nestedLevel>
</record>
<record>
  <date>2022-08-17T14:49:08</date>
  <millis>1660758548662</millis>
  <sequence>153</sequence>
  <level>END</level>
  <class>com.kms.katalon.core.logging.XmlKeywordLogger</class>
  <method>endSuite</method>
  <thread>1</thread>
  <message>End Test Suite : Test Suites/Suite FalabellaAUT</message>
  <nestedLevel>0</nestedLevel>
</record>
</log>