<?xml version="1.0" encoding="UTF-8" standalone="no"?>
<!DOCTYPE log SYSTEM "logger.dtd">
<log>
<record>
  <date>2022-08-17T19:30:11</date>
  <millis>1660775411855</millis>
  <sequence>0</sequence>
  <level>START</level>
  <class>com.kms.katalon.core.logging.XmlKeywordLogger</class>
  <method>startSuite</method>
  <thread>1</thread>
  <message>Start Test Suite : Test Suites/Suite FalabellaAUT</message>
  <nestedLevel>0</nestedLevel>
  <property name="name">Suite FalabellaAUT</property>
  <property name="description"></property>
  <property name="id">Test Suites/Suite FalabellaAUT</property>
</record>
<record>
  <date>2022-08-17T19:30:11</date>
  <millis>1660775411871</millis>
  <sequence>1</sequence>
  <level>RUN_DATA</level>
  <class>com.kms.katalon.core.logging.XmlKeywordLogger</class>
  <method>logMessage</method>
  <thread>1</thread>
  <message>hostName = FOX_PREDATOR - 192.168.1.184</message>
  <nestedLevel>0</nestedLevel>
  <property name="hostName">FOX_PREDATOR - 192.168.1.184</property>
</record>
<record>
  <date>2022-08-17T19:30:11</date>
  <millis>1660775411873</millis>
  <sequence>2</sequence>
  <level>RUN_DATA</level>
  <class>com.kms.katalon.core.logging.XmlKeywordLogger</class>
  <method>logMessage</method>
  <thread>1</thread>
  <message>os = Windows 10 64bit</message>
  <nestedLevel>0</nestedLevel>
  <property name="os">Windows 10 64bit</property>
</record>
<record>
  <date>2022-08-17T19:30:11</date>
  <millis>1660775411873</millis>
  <sequence>3</sequence>
  <level>RUN_DATA</level>
  <class>com.kms.katalon.core.logging.XmlKeywordLogger</class>
  <method>logMessage</method>
  <thread>1</thread>
  <message>hostAddress = 192.168.1.184</message>
  <nestedLevel>0</nestedLevel>
  <property name="hostAddress">192.168.1.184</property>
</record>
<record>
  <date>2022-08-17T19:30:11</date>
  <millis>1660775411874</millis>
  <sequence>4</sequence>
  <level>RUN_DATA</level>
  <class>com.kms.katalon.core.logging.XmlKeywordLogger</class>
  <method>logMessage</method>
  <thread>1</thread>
  <message>katalonVersion = 7.5.5.1</message>
  <nestedLevel>0</nestedLevel>
  <property name="katalonVersion">7.5.5.1</property>
</record>
<record>
  <date>2022-08-17T19:30:11</date>
  <millis>1660775411880</millis>
  <sequence>5</sequence>
  <level>START</level>
  <class>com.kms.katalon.core.logging.XmlKeywordLogger</class>
  <method>startKeyword</method>
  <thread>1</thread>
  <message>Start listener action : beforeExportKatalonReports</message>
  <nestedLevel>0</nestedLevel>
</record>
<record>
  <date>2022-08-17T19:30:11</date>
  <millis>1660775411888</millis>
  <sequence>7</sequence>
  <level>INFO</level>
  <class>com.kms.katalon.core.logging.XmlKeywordLogger</class>
  <method>logMessage</method>
  <thread>1</thread>
  <message>This Katalon Studio version has been deprecated. Please upgrade Katalon Studio to the latest version.</message>
  <nestedLevel>0</nestedLevel>
</record>
<record>
  <date>2022-08-17T19:30:11</date>
  <millis>1660775411889</millis>
  <sequence>9</sequence>
  <level>END</level>
  <class>com.kms.katalon.core.logging.XmlKeywordLogger</class>
  <method>endKeyword</method>
  <thread>1</thread>
  <message>End listener action : beforeExportKatalonReports</message>
  <nestedLevel>0</nestedLevel>
</record>
<record>
  <date>2022-08-17T19:30:12</date>
  <millis>1660775412116</millis>
  <sequence>10</sequence>
  <level>START</level>
  <class>com.kms.katalon.core.logging.XmlKeywordLogger</class>
  <method>startTest</method>
  <thread>1</thread>
  <message>Start Test Case : Test Cases/inicioSesion/01 - aperturaPagina</message>
  <nestedLevel>1</nestedLevel>
  <property name="name">Test Cases/inicioSesion/01 - aperturaPagina</property>
  <property name="description"></property>
  <property name="id">Test Cases/inicioSesion/01 - aperturaPagina</property>
  <property name="source">D:\\ProyectosAUT\\Katalon\\FalabellaAUT\\FalabellaAUT\\Test Cases\\inicioSesion\\01 - aperturaPagina.tc</property>
  <property name="tag"></property>
  <property name="isOptional">false</property>
</record>
<record>
  <date>2022-08-17T19:30:12</date>
  <millis>1660775412531</millis>
  <sequence>12</sequence>
  <level>START</level>
  <class>com.kms.katalon.core.logging.XmlKeywordLogger</class>
  <method>startKeyword</method>
  <thread>1</thread>
  <message>Start action : Fecha = new java.util.Date()</message>
  <nestedLevel>1</nestedLevel>
  <property name="startLine">22</property>
  <property name="stepIndex">1</property>
</record>
<record>
  <date>2022-08-17T19:30:12</date>
  <millis>1660775412541</millis>
  <sequence>13</sequence>
  <level>END</level>
  <class>com.kms.katalon.core.logging.XmlKeywordLogger</class>
  <method>endKeyword</method>
  <thread>1</thread>
  <message>End action : Fecha = new java.util.Date()</message>
  <nestedLevel>1</nestedLevel>
</record>
<record>
  <date>2022-08-17T19:30:12</date>
  <millis>1660775412541</millis>
  <sequence>14</sequence>
  <level>START</level>
  <class>com.kms.katalon.core.logging.XmlKeywordLogger</class>
  <method>startKeyword</method>
  <thread>1</thread>
  <message>Start action : Dia = Fecha.format(\&amp;quot;dd_MM_yy\&amp;quot;)</message>
  <nestedLevel>1</nestedLevel>
  <property name="startLine">24</property>
  <property name="stepIndex">2</property>
</record>
<record>
  <date>2022-08-17T19:30:12</date>
  <millis>1660775412545</millis>
  <sequence>15</sequence>
  <level>END</level>
  <class>com.kms.katalon.core.logging.XmlKeywordLogger</class>
  <method>endKeyword</method>
  <thread>1</thread>
  <message>End action : Dia = Fecha.format(\&amp;quot;dd_MM_yy\&amp;quot;)</message>
  <nestedLevel>1</nestedLevel>
</record>
<record>
  <date>2022-08-17T19:30:12</date>
  <millis>1660775412547</millis>
  <sequence>16</sequence>
  <level>START</level>
  <class>com.kms.katalon.core.logging.XmlKeywordLogger</class>
  <method>startKeyword</method>
  <thread>1</thread>
  <message>Start action : Hora = Fecha.format(\&amp;quot;hh_mm_ss\&amp;quot;)</message>
  <nestedLevel>1</nestedLevel>
  <property name="startLine">26</property>
  <property name="stepIndex">3</property>
</record>
<record>
  <date>2022-08-17T19:30:12</date>
  <millis>1660775412551</millis>
  <sequence>17</sequence>
  <level>END</level>
  <class>com.kms.katalon.core.logging.XmlKeywordLogger</class>
  <method>endKeyword</method>
  <thread>1</thread>
  <message>End action : Hora = Fecha.format(\&amp;quot;hh_mm_ss\&amp;quot;)</message>
  <nestedLevel>1</nestedLevel>
</record>
<record>
  <date>2022-08-17T19:30:12</date>
  <millis>1660775412551</millis>
  <sequence>18</sequence>
  <level>START</level>
  <class>com.kms.katalon.core.logging.XmlKeywordLogger</class>
  <method>startKeyword</method>
  <thread>1</thread>
  <message>Start action : robot = new java.awt.Robot()</message>
  <nestedLevel>1</nestedLevel>
  <property name="startLine">28</property>
  <property name="stepIndex">4</property>
</record>
<record>
  <date>2022-08-17T19:30:12</date>
  <millis>1660775412813</millis>
  <sequence>19</sequence>
  <level>END</level>
  <class>com.kms.katalon.core.logging.XmlKeywordLogger</class>
  <method>endKeyword</method>
  <thread>1</thread>
  <message>End action : robot = new java.awt.Robot()</message>
  <nestedLevel>1</nestedLevel>
</record>
<record>
  <date>2022-08-17T19:30:12</date>
  <millis>1660775412815</millis>
  <sequence>20</sequence>
  <level>START</level>
  <class>com.kms.katalon.core.logging.XmlKeywordLogger</class>
  <method>startKeyword</method>
  <thread>1</thread>
  <message>Start action : openBrowser(\&amp;quot;\&amp;quot;)</message>
  <nestedLevel>1</nestedLevel>
  <property name="startLine">30</property>
  <property name="stepIndex">5</property>
</record>
<record>
  <date>2022-08-17T19:30:13</date>
  <millis>1660775413092</millis>
  <sequence>22</sequence>
  <level>INFO</level>
  <class>com.kms.katalon.core.logging.XmlKeywordLogger</class>
  <method>logMessage</method>
  <thread>1</thread>
  <message>Starting &amp;apos;Chrome&amp;apos; driver</message>
  <nestedLevel>1</nestedLevel>
</record>
<record>
  <date>2022-08-17T19:30:13</date>
  <millis>1660775413127</millis>
  <sequence>24</sequence>
  <level>INFO</level>
  <class>com.kms.katalon.core.logging.XmlKeywordLogger</class>
  <method>logMessage</method>
  <thread>1</thread>
  <message>Action delay is set to 0 milliseconds</message>
  <nestedLevel>1</nestedLevel>
</record>
<record>
  <date>2022-08-17T19:30:15</date>
  <millis>1660775415317</millis>
  <sequence>26</sequence>
  <level>RUN_DATA</level>
  <class>com.kms.katalon.core.logging.XmlKeywordLogger</class>
  <method>logMessage</method>
  <thread>1</thread>
  <message>sessionId = 965239d5fcdf44e43df5924dc71ef24f</message>
  <nestedLevel>1</nestedLevel>
  <property name="sessionId">965239d5fcdf44e43df5924dc71ef24f</property>
</record>
<record>
  <date>2022-08-17T19:30:15</date>
  <millis>1660775415337</millis>
  <sequence>27</sequence>
  <level>RUN_DATA</level>
  <class>com.kms.katalon.core.logging.XmlKeywordLogger</class>
  <method>logMessage</method>
  <thread>1</thread>
  <message>browser = Chrome 104.0.5112.81</message>
  <nestedLevel>1</nestedLevel>
  <property name="browser">Chrome 104.0.5112.81</property>
</record>
<record>
  <date>2022-08-17T19:30:15</date>
  <millis>1660775415340</millis>
  <sequence>28</sequence>
  <level>RUN_DATA</level>
  <class>com.kms.katalon.core.logging.XmlKeywordLogger</class>
  <method>logMessage</method>
  <thread>1</thread>
  <message>platform = Windows 10</message>
  <nestedLevel>1</nestedLevel>
  <property name="platform">Windows 10</property>
</record>
<record>
  <date>2022-08-17T19:30:15</date>
  <millis>1660775415340</millis>
  <sequence>29</sequence>
  <level>RUN_DATA</level>
  <class>com.kms.katalon.core.logging.XmlKeywordLogger</class>
  <method>logMessage</method>
  <thread>1</thread>
  <message>seleniumVersion = 3.141.59</message>
  <nestedLevel>1</nestedLevel>
  <property name="seleniumVersion">3.141.59</property>
</record>
<record>
  <date>2022-08-17T19:30:15</date>
  <millis>1660775415341</millis>
  <sequence>30</sequence>
  <level>RUN_DATA</level>
  <class>com.kms.katalon.core.logging.XmlKeywordLogger</class>
  <method>logMessage</method>
  <thread>1</thread>
  <message>proxyInformation = ProxyInformation { proxyOption=NO_PROXY, proxyServerType=HTTP, username=, password=********, proxyServerAddress=, proxyServerPort=0, executionList=\&amp;quot;\&amp;quot;, isApplyToDesiredCapabilities=true }</message>
  <nestedLevel>1</nestedLevel>
  <property name="proxyInformation">ProxyInformation { proxyOption=NO_PROXY, proxyServerType=HTTP, username=, password=********, proxyServerAddress=, proxyServerPort=0, executionList=\&quot;\&quot;, isApplyToDesiredCapabilities=true }</property>
</record>
<record>
  <date>2022-08-17T19:30:15</date>
  <millis>1660775415364</millis>
  <sequence>31</sequence>
  <level>PASSED</level>
  <class>com.kms.katalon.core.logging.XmlKeywordLogger</class>
  <method>logMessage</method>
  <thread>1</thread>
  <message>Browser is opened with url: &amp;apos;&amp;apos;</message>
  <nestedLevel>1</nestedLevel>
</record>
<record>
  <date>2022-08-17T19:30:15</date>
  <millis>1660775415365</millis>
  <sequence>32</sequence>
  <level>END</level>
  <class>com.kms.katalon.core.logging.XmlKeywordLogger</class>
  <method>endKeyword</method>
  <thread>1</thread>
  <message>End action : openBrowser(\&amp;quot;\&amp;quot;)</message>
  <nestedLevel>1</nestedLevel>
</record>
<record>
  <date>2022-08-17T19:30:15</date>
  <millis>1660775415365</millis>
  <sequence>33</sequence>
  <level>START</level>
  <class>com.kms.katalon.core.logging.XmlKeywordLogger</class>
  <method>startKeyword</method>
  <thread>1</thread>
  <message>Start action : navigateToUrl(\&amp;quot;https://www.falabella.com/falabella-cl\&amp;quot;)</message>
  <nestedLevel>1</nestedLevel>
  <property name="startLine">32</property>
  <property name="stepIndex">6</property>
</record>
<record>
  <date>2022-08-17T19:30:19</date>
  <millis>1660775419456</millis>
  <sequence>36</sequence>
  <level>PASSED</level>
  <class>com.kms.katalon.core.logging.XmlKeywordLogger</class>
  <method>logMessage</method>
  <thread>1</thread>
  <message>Navigate to &amp;apos;https://www.falabella.com/falabella-cl&amp;apos; successfully</message>
  <nestedLevel>1</nestedLevel>
</record>
<record>
  <date>2022-08-17T19:30:19</date>
  <millis>1660775419457</millis>
  <sequence>37</sequence>
  <level>END</level>
  <class>com.kms.katalon.core.logging.XmlKeywordLogger</class>
  <method>endKeyword</method>
  <thread>1</thread>
  <message>End action : navigateToUrl(\&amp;quot;https://www.falabella.com/falabella-cl\&amp;quot;)</message>
  <nestedLevel>1</nestedLevel>
</record>
<record>
  <date>2022-08-17T19:30:19</date>
  <millis>1660775419458</millis>
  <sequence>38</sequence>
  <level>START</level>
  <class>com.kms.katalon.core.logging.XmlKeywordLogger</class>
  <method>startKeyword</method>
  <thread>1</thread>
  <message>Start action : maximizeWindow()</message>
  <nestedLevel>1</nestedLevel>
  <property name="startLine">34</property>
  <property name="stepIndex">7</property>
</record>
<record>
  <date>2022-08-17T19:30:19</date>
  <millis>1660775419756</millis>
  <sequence>40</sequence>
  <level>PASSED</level>
  <class>com.kms.katalon.core.logging.XmlKeywordLogger</class>
  <method>logMessage</method>
  <thread>1</thread>
  <message>Current window maximized</message>
  <nestedLevel>1</nestedLevel>
</record>
<record>
  <date>2022-08-17T19:30:19</date>
  <millis>1660775419757</millis>
  <sequence>41</sequence>
  <level>END</level>
  <class>com.kms.katalon.core.logging.XmlKeywordLogger</class>
  <method>endKeyword</method>
  <thread>1</thread>
  <message>End action : maximizeWindow()</message>
  <nestedLevel>1</nestedLevel>
</record>
<record>
  <date>2022-08-17T19:30:19</date>
  <millis>1660775419757</millis>
  <sequence>42</sequence>
  <level>START</level>
  <class>com.kms.katalon.core.logging.XmlKeywordLogger</class>
  <method>startKeyword</method>
  <thread>1</thread>
  <message>Start action : if (verifyElementPresent(findTestObject(\&amp;quot;01 - Login/Page_falabellacom  Todo lo que necesitas en_591ae0/div_Logo_Falabella\&amp;quot;), 2, OPTIONAL))</message>
  <nestedLevel>1</nestedLevel>
  <property name="startLine">36</property>
  <property name="stepIndex">8</property>
</record>
<record>
  <date>2022-08-17T19:30:20</date>
  <millis>1660775420132</millis>
  <sequence>49</sequence>
  <level>PASSED</level>
  <class>com.kms.katalon.core.logging.XmlKeywordLogger</class>
  <method>logMessage</method>
  <thread>1</thread>
  <message>Object &amp;apos;Object Repository/01 - Login/Page_falabellacom  Todo lo que necesitas en_591ae0/div_Logo_Falabella&amp;apos; is present</message>
  <nestedLevel>1</nestedLevel>
</record>
<record>
  <date>2022-08-17T19:30:20</date>
  <millis>1660775420132</millis>
  <sequence>50</sequence>
  <level>START</level>
  <class>com.kms.katalon.core.logging.XmlKeywordLogger</class>
  <method>startKeyword</method>
  <thread>1</thread>
  <message>Start action : out.println(\&amp;quot;-&amp;gt; Apertura pagina Falabella OK\&amp;quot;)</message>
  <nestedLevel>2</nestedLevel>
  <property name="startLine">38</property>
  <property name="stepIndex">1</property>
</record>
<record>
  <date>2022-08-17T19:30:20</date>
  <millis>1660775420146</millis>
  <sequence>51</sequence>
  <level>END</level>
  <class>com.kms.katalon.core.logging.XmlKeywordLogger</class>
  <method>endKeyword</method>
  <thread>1</thread>
  <message>End action : out.println(\&amp;quot;-&amp;gt; Apertura pagina Falabella OK\&amp;quot;)</message>
  <nestedLevel>2</nestedLevel>
</record>
<record>
  <date>2022-08-17T19:30:20</date>
  <millis>1660775420146</millis>
  <sequence>52</sequence>
  <level>END</level>
  <class>com.kms.katalon.core.logging.XmlKeywordLogger</class>
  <method>endKeyword</method>
  <thread>1</thread>
  <message>End action : if (verifyElementPresent(findTestObject(\&amp;quot;01 - Login/Page_falabellacom  Todo lo que necesitas en_591ae0/div_Logo_Falabella\&amp;quot;), 2, OPTIONAL))</message>
  <nestedLevel>1</nestedLevel>
</record>
<record>
  <date>2022-08-17T19:30:20</date>
  <millis>1660775420146</millis>
  <sequence>53</sequence>
  <level>PASSED</level>
  <class>com.kms.katalon.core.logging.XmlKeywordLogger</class>
  <method>logMessage</method>
  <thread>1</thread>
  <message>Test Cases/inicioSesion/01 - aperturaPagina</message>
  <nestedLevel>1</nestedLevel>
</record>
<record>
  <date>2022-08-17T19:30:20</date>
  <millis>1660775420147</millis>
  <sequence>54</sequence>
  <level>END</level>
  <class>com.kms.katalon.core.logging.XmlKeywordLogger</class>
  <method>endTest</method>
  <thread>1</thread>
  <message>End Test Case : Test Cases/inicioSesion/01 - aperturaPagina</message>
  <nestedLevel>0</nestedLevel>
</record>
<record>
  <date>2022-08-17T19:30:20</date>
  <millis>1660775420153</millis>
  <sequence>55</sequence>
  <level>START</level>
  <class>com.kms.katalon.core.logging.XmlKeywordLogger</class>
  <method>startTest</method>
  <thread>1</thread>
  <message>Start Test Case : Test Cases/inicioSesion/02 - PopUp articulo carrito</message>
  <nestedLevel>1</nestedLevel>
  <property name="name">Test Cases/inicioSesion/02 - PopUp articulo carrito</property>
  <property name="description"></property>
  <property name="id">Test Cases/inicioSesion/02 - PopUp articulo carrito</property>
  <property name="source">D:\\ProyectosAUT\\Katalon\\FalabellaAUT\\FalabellaAUT\\Test Cases\\inicioSesion\\02 - PopUp articulo carrito.tc</property>
  <property name="tag"></property>
  <property name="isOptional">false</property>
</record>
<record>
  <date>2022-08-17T19:30:20</date>
  <millis>1660775420775</millis>
  <sequence>57</sequence>
  <level>START</level>
  <class>com.kms.katalon.core.logging.XmlKeywordLogger</class>
  <method>startKeyword</method>
  <thread>1</thread>
  <message>Start action : Fecha = new java.util.Date()</message>
  <nestedLevel>1</nestedLevel>
  <property name="startLine">24</property>
  <property name="stepIndex">1</property>
</record>
<record>
  <date>2022-08-17T19:30:20</date>
  <millis>1660775420777</millis>
  <sequence>58</sequence>
  <level>END</level>
  <class>com.kms.katalon.core.logging.XmlKeywordLogger</class>
  <method>endKeyword</method>
  <thread>1</thread>
  <message>End action : Fecha = new java.util.Date()</message>
  <nestedLevel>1</nestedLevel>
</record>
<record>
  <date>2022-08-17T19:30:20</date>
  <millis>1660775420777</millis>
  <sequence>59</sequence>
  <level>START</level>
  <class>com.kms.katalon.core.logging.XmlKeywordLogger</class>
  <method>startKeyword</method>
  <thread>1</thread>
  <message>Start action : Dia = Fecha.format(\&amp;quot;dd_MM_yy\&amp;quot;)</message>
  <nestedLevel>1</nestedLevel>
  <property name="startLine">25</property>
  <property name="stepIndex">2</property>
</record>
<record>
  <date>2022-08-17T19:30:20</date>
  <millis>1660775420779</millis>
  <sequence>60</sequence>
  <level>END</level>
  <class>com.kms.katalon.core.logging.XmlKeywordLogger</class>
  <method>endKeyword</method>
  <thread>1</thread>
  <message>End action : Dia = Fecha.format(\&amp;quot;dd_MM_yy\&amp;quot;)</message>
  <nestedLevel>1</nestedLevel>
</record>
<record>
  <date>2022-08-17T19:30:20</date>
  <millis>1660775420779</millis>
  <sequence>61</sequence>
  <level>START</level>
  <class>com.kms.katalon.core.logging.XmlKeywordLogger</class>
  <method>startKeyword</method>
  <thread>1</thread>
  <message>Start action : Hora = Fecha.format(\&amp;quot;hh_mm_ss\&amp;quot;)</message>
  <nestedLevel>1</nestedLevel>
  <property name="startLine">26</property>
  <property name="stepIndex">3</property>
</record>
<record>
  <date>2022-08-17T19:30:20</date>
  <millis>1660775420780</millis>
  <sequence>62</sequence>
  <level>END</level>
  <class>com.kms.katalon.core.logging.XmlKeywordLogger</class>
  <method>endKeyword</method>
  <thread>1</thread>
  <message>End action : Hora = Fecha.format(\&amp;quot;hh_mm_ss\&amp;quot;)</message>
  <nestedLevel>1</nestedLevel>
</record>
<record>
  <date>2022-08-17T19:30:20</date>
  <millis>1660775420780</millis>
  <sequence>63</sequence>
  <level>START</level>
  <class>com.kms.katalon.core.logging.XmlKeywordLogger</class>
  <method>startKeyword</method>
  <thread>1</thread>
  <message>Start action : robot = new java.awt.Robot()</message>
  <nestedLevel>1</nestedLevel>
  <property name="startLine">27</property>
  <property name="stepIndex">4</property>
</record>
<record>
  <date>2022-08-17T19:30:20</date>
  <millis>1660775420781</millis>
  <sequence>64</sequence>
  <level>END</level>
  <class>com.kms.katalon.core.logging.XmlKeywordLogger</class>
  <method>endKeyword</method>
  <thread>1</thread>
  <message>End action : robot = new java.awt.Robot()</message>
  <nestedLevel>1</nestedLevel>
</record>
<record>
  <date>2022-08-17T19:30:20</date>
  <millis>1660775420781</millis>
  <sequence>65</sequence>
  <level>START</level>
  <class>com.kms.katalon.core.logging.XmlKeywordLogger</class>
  <method>startKeyword</method>
  <thread>1</thread>
  <message>Start action : textoItemCompra = &amp;lt;not implemented yet for class: org.codehaus.groovy.ast.expr.EmptyExpression&amp;gt;</message>
  <nestedLevel>1</nestedLevel>
  <property name="startLine">30</property>
  <property name="stepIndex">5</property>
</record>
<record>
  <date>2022-08-17T19:30:20</date>
  <millis>1660775420782</millis>
  <sequence>66</sequence>
  <level>END</level>
  <class>com.kms.katalon.core.logging.XmlKeywordLogger</class>
  <method>endKeyword</method>
  <thread>1</thread>
  <message>End action : textoItemCompra = &amp;lt;not implemented yet for class: org.codehaus.groovy.ast.expr.EmptyExpression&amp;gt;</message>
  <nestedLevel>1</nestedLevel>
</record>
<record>
  <date>2022-08-17T19:30:20</date>
  <millis>1660775420782</millis>
  <sequence>67</sequence>
  <level>START</level>
  <class>com.kms.katalon.core.logging.XmlKeywordLogger</class>
  <method>startKeyword</method>
  <thread>1</thread>
  <message>Start action : textoPreCarro = &amp;lt;not implemented yet for class: org.codehaus.groovy.ast.expr.EmptyExpression&amp;gt;</message>
  <nestedLevel>1</nestedLevel>
  <property name="startLine">31</property>
  <property name="stepIndex">6</property>
</record>
<record>
  <date>2022-08-17T19:30:20</date>
  <millis>1660775420788</millis>
  <sequence>68</sequence>
  <level>END</level>
  <class>com.kms.katalon.core.logging.XmlKeywordLogger</class>
  <method>endKeyword</method>
  <thread>1</thread>
  <message>End action : textoPreCarro = &amp;lt;not implemented yet for class: org.codehaus.groovy.ast.expr.EmptyExpression&amp;gt;</message>
  <nestedLevel>1</nestedLevel>
</record>
<record>
  <date>2022-08-17T19:30:20</date>
  <millis>1660775420789</millis>
  <sequence>69</sequence>
  <level>START</level>
  <class>com.kms.katalon.core.logging.XmlKeywordLogger</class>
  <method>startKeyword</method>
  <thread>1</thread>
  <message>Start action : if (verifyElementPresent(findTestObject(\&amp;quot;Object Repository/02 - PopUp articulo carrito/Page_Falabella_EnvioGratis/div__dy-lb-close\&amp;quot;), 2, OPTIONAL))</message>
  <nestedLevel>1</nestedLevel>
  <property name="startLine">34</property>
  <property name="stepIndex">7</property>
</record>
<record>
  <date>2022-08-17T19:30:20</date>
  <millis>1660775420897</millis>
  <sequence>76</sequence>
  <level>PASSED</level>
  <class>com.kms.katalon.core.logging.XmlKeywordLogger</class>
  <method>logMessage</method>
  <thread>1</thread>
  <message>Object &amp;apos;Object Repository/02 - PopUp articulo carrito/Page_Falabella_EnvioGratis/div__dy-lb-close&amp;apos; is present</message>
  <nestedLevel>1</nestedLevel>
</record>
<record>
  <date>2022-08-17T19:30:20</date>
  <millis>1660775420898</millis>
  <sequence>77</sequence>
  <level>START</level>
  <class>com.kms.katalon.core.logging.XmlKeywordLogger</class>
  <method>startKeyword</method>
  <thread>1</thread>
  <message>Start action : click(findTestObject(\&amp;quot;Object Repository/02 - PopUp articulo carrito/Page_Falabella_EnvioGratis/div__dy-lb-close\&amp;quot;))</message>
  <nestedLevel>2</nestedLevel>
  <property name="startLine">36</property>
  <property name="stepIndex">1</property>
</record>
<record>
  <date>2022-08-17T19:30:21</date>
  <millis>1660775421064</millis>
  <sequence>85</sequence>
  <level>PASSED</level>
  <class>com.kms.katalon.core.logging.XmlKeywordLogger</class>
  <method>logMessage</method>
  <thread>1</thread>
  <message>Object: &amp;apos;Object Repository/02 - PopUp articulo carrito/Page_Falabella_EnvioGratis/div__dy-lb-close&amp;apos; is clicked on</message>
  <nestedLevel>1</nestedLevel>
</record>
<record>
  <date>2022-08-17T19:30:21</date>
  <millis>1660775421064</millis>
  <sequence>86</sequence>
  <level>END</level>
  <class>com.kms.katalon.core.logging.XmlKeywordLogger</class>
  <method>endKeyword</method>
  <thread>1</thread>
  <message>End action : click(findTestObject(\&amp;quot;Object Repository/02 - PopUp articulo carrito/Page_Falabella_EnvioGratis/div__dy-lb-close\&amp;quot;))</message>
  <nestedLevel>2</nestedLevel>
</record>
<record>
  <date>2022-08-17T19:30:21</date>
  <millis>1660775421065</millis>
  <sequence>87</sequence>
  <level>END</level>
  <class>com.kms.katalon.core.logging.XmlKeywordLogger</class>
  <method>endKeyword</method>
  <thread>1</thread>
  <message>End action : if (verifyElementPresent(findTestObject(\&amp;quot;Object Repository/02 - PopUp articulo carrito/Page_Falabella_EnvioGratis/div__dy-lb-close\&amp;quot;), 2, OPTIONAL))</message>
  <nestedLevel>1</nestedLevel>
</record>
<record>
  <date>2022-08-17T19:30:21</date>
  <millis>1660775421065</millis>
  <sequence>88</sequence>
  <level>START</level>
  <class>com.kms.katalon.core.logging.XmlKeywordLogger</class>
  <method>startKeyword</method>
  <thread>1</thread>
  <message>Start action : if (verifyElementPresent(findTestObject(\&amp;quot;Object Repository/02 - PopUp articulo carrito/Page_Falabella_EnvioGratis/button_Aceptar\&amp;quot;), 2, OPTIONAL))</message>
  <nestedLevel>1</nestedLevel>
  <property name="startLine">39</property>
  <property name="stepIndex">8</property>
</record>
<record>
  <date>2022-08-17T19:30:21</date>
  <millis>1660775421173</millis>
  <sequence>95</sequence>
  <level>PASSED</level>
  <class>com.kms.katalon.core.logging.XmlKeywordLogger</class>
  <method>logMessage</method>
  <thread>1</thread>
  <message>Object &amp;apos;Object Repository/02 - PopUp articulo carrito/Page_Falabella_EnvioGratis/button_Aceptar&amp;apos; is present</message>
  <nestedLevel>1</nestedLevel>
</record>
<record>
  <date>2022-08-17T19:30:21</date>
  <millis>1660775421173</millis>
  <sequence>96</sequence>
  <level>START</level>
  <class>com.kms.katalon.core.logging.XmlKeywordLogger</class>
  <method>startKeyword</method>
  <thread>1</thread>
  <message>Start action : click(findTestObject(\&amp;quot;Object Repository/02 - PopUp articulo carrito/Page_Falabella_EnvioGratis/button_Aceptar\&amp;quot;))</message>
  <nestedLevel>2</nestedLevel>
  <property name="startLine">41</property>
  <property name="stepIndex">1</property>
</record>
<record>
  <date>2022-08-17T19:30:21</date>
  <millis>1660775421361</millis>
  <sequence>104</sequence>
  <level>PASSED</level>
  <class>com.kms.katalon.core.logging.XmlKeywordLogger</class>
  <method>logMessage</method>
  <thread>1</thread>
  <message>Object: &amp;apos;Object Repository/02 - PopUp articulo carrito/Page_Falabella_EnvioGratis/button_Aceptar&amp;apos; is clicked on</message>
  <nestedLevel>1</nestedLevel>
</record>
<record>
  <date>2022-08-17T19:30:21</date>
  <millis>1660775421362</millis>
  <sequence>105</sequence>
  <level>END</level>
  <class>com.kms.katalon.core.logging.XmlKeywordLogger</class>
  <method>endKeyword</method>
  <thread>1</thread>
  <message>End action : click(findTestObject(\&amp;quot;Object Repository/02 - PopUp articulo carrito/Page_Falabella_EnvioGratis/button_Aceptar\&amp;quot;))</message>
  <nestedLevel>2</nestedLevel>
</record>
<record>
  <date>2022-08-17T19:30:21</date>
  <millis>1660775421362</millis>
  <sequence>106</sequence>
  <level>END</level>
  <class>com.kms.katalon.core.logging.XmlKeywordLogger</class>
  <method>endKeyword</method>
  <thread>1</thread>
  <message>End action : if (verifyElementPresent(findTestObject(\&amp;quot;Object Repository/02 - PopUp articulo carrito/Page_Falabella_EnvioGratis/button_Aceptar\&amp;quot;), 2, OPTIONAL))</message>
  <nestedLevel>1</nestedLevel>
</record>
<record>
  <date>2022-08-17T19:30:21</date>
  <millis>1660775421362</millis>
  <sequence>107</sequence>
  <level>START</level>
  <class>com.kms.katalon.core.logging.XmlKeywordLogger</class>
  <method>startKeyword</method>
  <thread>1</thread>
  <message>Start action : if (verifyElementPresent(findTestObject(\&amp;quot;Object Repository/02 - PopUp articulo carrito/Page_Falabella_EnvioGratis/img_banner_Envio_Gratis\&amp;quot;), 2, OPTIONAL))</message>
  <nestedLevel>1</nestedLevel>
  <property name="startLine">45</property>
  <property name="stepIndex">9</property>
</record>
<record>
  <date>2022-08-17T19:30:21</date>
  <millis>1660775421450</millis>
  <sequence>114</sequence>
  <level>PASSED</level>
  <class>com.kms.katalon.core.logging.XmlKeywordLogger</class>
  <method>logMessage</method>
  <thread>1</thread>
  <message>Object &amp;apos;Object Repository/02 - PopUp articulo carrito/Page_Falabella_EnvioGratis/img_banner_Envio_Gratis&amp;apos; is present</message>
  <nestedLevel>1</nestedLevel>
</record>
<record>
  <date>2022-08-17T19:30:21</date>
  <millis>1660775421451</millis>
  <sequence>115</sequence>
  <level>START</level>
  <class>com.kms.katalon.core.logging.XmlKeywordLogger</class>
  <method>startKeyword</method>
  <thread>1</thread>
  <message>Start action : click(findTestObject(\&amp;quot;Object Repository/02 - PopUp articulo carrito/Page_Falabella_EnvioGratis/img_banner_Envio_Gratis\&amp;quot;))</message>
  <nestedLevel>2</nestedLevel>
  <property name="startLine">47</property>
  <property name="stepIndex">1</property>
</record>
<record>
  <date>2022-08-17T19:30:25</date>
  <millis>1660775425248</millis>
  <sequence>123</sequence>
  <level>PASSED</level>
  <class>com.kms.katalon.core.logging.XmlKeywordLogger</class>
  <method>logMessage</method>
  <thread>1</thread>
  <message>Object: &amp;apos;Object Repository/02 - PopUp articulo carrito/Page_Falabella_EnvioGratis/img_banner_Envio_Gratis&amp;apos; is clicked on</message>
  <nestedLevel>1</nestedLevel>
</record>
<record>
  <date>2022-08-17T19:30:25</date>
  <millis>1660775425249</millis>
  <sequence>124</sequence>
  <level>END</level>
  <class>com.kms.katalon.core.logging.XmlKeywordLogger</class>
  <method>endKeyword</method>
  <thread>1</thread>
  <message>End action : click(findTestObject(\&amp;quot;Object Repository/02 - PopUp articulo carrito/Page_Falabella_EnvioGratis/img_banner_Envio_Gratis\&amp;quot;))</message>
  <nestedLevel>2</nestedLevel>
</record>
<record>
  <date>2022-08-17T19:30:25</date>
  <millis>1660775425249</millis>
  <sequence>125</sequence>
  <level>END</level>
  <class>com.kms.katalon.core.logging.XmlKeywordLogger</class>
  <method>endKeyword</method>
  <thread>1</thread>
  <message>End action : if (verifyElementPresent(findTestObject(\&amp;quot;Object Repository/02 - PopUp articulo carrito/Page_Falabella_EnvioGratis/img_banner_Envio_Gratis\&amp;quot;), 2, OPTIONAL))</message>
  <nestedLevel>1</nestedLevel>
</record>
<record>
  <date>2022-08-17T19:30:25</date>
  <millis>1660775425249</millis>
  <sequence>126</sequence>
  <level>START</level>
  <class>com.kms.katalon.core.logging.XmlKeywordLogger</class>
  <method>startKeyword</method>
  <thread>1</thread>
  <message>Start action : if (verifyElementPresent(findTestObject(\&amp;quot;Object Repository/02 - PopUp articulo carrito/Page_Falabella_EnvioGratis/b_SubText_1er_subtitulo\&amp;quot;), 2, OPTIONAL))</message>
  <nestedLevel>1</nestedLevel>
  <property name="startLine">50</property>
  <property name="stepIndex">10</property>
</record>
<record>
  <date>2022-08-17T19:30:25</date>
  <millis>1660775425432</millis>
  <sequence>133</sequence>
  <level>PASSED</level>
  <class>com.kms.katalon.core.logging.XmlKeywordLogger</class>
  <method>logMessage</method>
  <thread>1</thread>
  <message>Object &amp;apos;Object Repository/02 - PopUp articulo carrito/Page_Falabella_EnvioGratis/b_SubText_1er_subtitulo&amp;apos; is present</message>
  <nestedLevel>1</nestedLevel>
</record>
<record>
  <date>2022-08-17T19:30:25</date>
  <millis>1660775425433</millis>
  <sequence>134</sequence>
  <level>START</level>
  <class>com.kms.katalon.core.logging.XmlKeywordLogger</class>
  <method>startKeyword</method>
  <thread>1</thread>
  <message>Start action : textoItemCompra = getText(findTestObject(\&amp;quot;Object Repository/02 - PopUp articulo carrito/Page_Falabella_EnvioGratis/b_SubText_1er_subtitulo\&amp;quot;))</message>
  <nestedLevel>2</nestedLevel>
  <property name="startLine">52</property>
  <property name="stepIndex">1</property>
</record>
<record>
  <date>2022-08-17T19:30:25</date>
  <millis>1660775425890</millis>
  <sequence>142</sequence>
  <level>PASSED</level>
  <class>com.kms.katalon.core.logging.XmlKeywordLogger</class>
  <method>logMessage</method>
  <thread>1</thread>
  <message>Text of object &amp;apos;Object Repository/02 - PopUp articulo carrito/Page_Falabella_EnvioGratis/b_SubText_1er_subtitulo&amp;apos; is: &amp;apos;GIORGIO ARMANI&amp;apos;</message>
  <nestedLevel>1</nestedLevel>
</record>
<record>
  <date>2022-08-17T19:30:25</date>
  <millis>1660775425891</millis>
  <sequence>143</sequence>
  <level>END</level>
  <class>com.kms.katalon.core.logging.XmlKeywordLogger</class>
  <method>endKeyword</method>
  <thread>1</thread>
  <message>End action : textoItemCompra = getText(findTestObject(\&amp;quot;Object Repository/02 - PopUp articulo carrito/Page_Falabella_EnvioGratis/b_SubText_1er_subtitulo\&amp;quot;))</message>
  <nestedLevel>2</nestedLevel>
</record>
<record>
  <date>2022-08-17T19:30:25</date>
  <millis>1660775425891</millis>
  <sequence>144</sequence>
  <level>START</level>
  <class>com.kms.katalon.core.logging.XmlKeywordLogger</class>
  <method>startKeyword</method>
  <thread>1</thread>
  <message>Start action : out.println(textoItemCompra)</message>
  <nestedLevel>2</nestedLevel>
  <property name="startLine">53</property>
  <property name="stepIndex">2</property>
</record>
<record>
  <date>2022-08-17T19:30:25</date>
  <millis>1660775425892</millis>
  <sequence>145</sequence>
  <level>END</level>
  <class>com.kms.katalon.core.logging.XmlKeywordLogger</class>
  <method>endKeyword</method>
  <thread>1</thread>
  <message>End action : out.println(textoItemCompra)</message>
  <nestedLevel>2</nestedLevel>
</record>
<record>
  <date>2022-08-17T19:30:25</date>
  <millis>1660775425892</millis>
  <sequence>146</sequence>
  <level>START</level>
  <class>com.kms.katalon.core.logging.XmlKeywordLogger</class>
  <method>startKeyword</method>
  <thread>1</thread>
  <message>Start action : click(findTestObject(\&amp;quot;Object Repository/02 - PopUp articulo carrito/Page_Falabella_EnvioGratis/b_SubText_1er_subtitulo\&amp;quot;))</message>
  <nestedLevel>2</nestedLevel>
  <property name="startLine">54</property>
  <property name="stepIndex">3</property>
</record>
<record>
  <date>2022-08-17T19:30:32</date>
  <millis>1660775432441</millis>
  <sequence>154</sequence>
  <level>PASSED</level>
  <class>com.kms.katalon.core.logging.XmlKeywordLogger</class>
  <method>logMessage</method>
  <thread>1</thread>
  <message>Object: &amp;apos;Object Repository/02 - PopUp articulo carrito/Page_Falabella_EnvioGratis/b_SubText_1er_subtitulo&amp;apos; is clicked on</message>
  <nestedLevel>1</nestedLevel>
</record>
<record>
  <date>2022-08-17T19:30:32</date>
  <millis>1660775432442</millis>
  <sequence>155</sequence>
  <level>END</level>
  <class>com.kms.katalon.core.logging.XmlKeywordLogger</class>
  <method>endKeyword</method>
  <thread>1</thread>
  <message>End action : click(findTestObject(\&amp;quot;Object Repository/02 - PopUp articulo carrito/Page_Falabella_EnvioGratis/b_SubText_1er_subtitulo\&amp;quot;))</message>
  <nestedLevel>2</nestedLevel>
</record>
<record>
  <date>2022-08-17T19:30:32</date>
  <millis>1660775432442</millis>
  <sequence>156</sequence>
  <level>END</level>
  <class>com.kms.katalon.core.logging.XmlKeywordLogger</class>
  <method>endKeyword</method>
  <thread>1</thread>
  <message>End action : if (verifyElementPresent(findTestObject(\&amp;quot;Object Repository/02 - PopUp articulo carrito/Page_Falabella_EnvioGratis/b_SubText_1er_subtitulo\&amp;quot;), 2, OPTIONAL))</message>
  <nestedLevel>1</nestedLevel>
</record>
<record>
  <date>2022-08-17T19:30:32</date>
  <millis>1660775432443</millis>
  <sequence>157</sequence>
  <level>START</level>
  <class>com.kms.katalon.core.logging.XmlKeywordLogger</class>
  <method>startKeyword</method>
  <thread>1</thread>
  <message>Start action : if (verifyElementPresent(findTestObject(\&amp;quot;Object Repository/02 - PopUp articulo carrito/Page_Falabella_EnvioGratis/a_GIORGIO ARMANI\&amp;quot;), 2, OPTIONAL))</message>
  <nestedLevel>1</nestedLevel>
  <property name="startLine">57</property>
  <property name="stepIndex">11</property>
</record>
<record>
  <date>2022-08-17T19:30:32</date>
  <millis>1660775432711</millis>
  <sequence>164</sequence>
  <level>PASSED</level>
  <class>com.kms.katalon.core.logging.XmlKeywordLogger</class>
  <method>logMessage</method>
  <thread>1</thread>
  <message>Object &amp;apos;Object Repository/02 - PopUp articulo carrito/Page_Falabella_EnvioGratis/a_GIORGIO ARMANI&amp;apos; is present</message>
  <nestedLevel>1</nestedLevel>
</record>
<record>
  <date>2022-08-17T19:30:32</date>
  <millis>1660775432712</millis>
  <sequence>165</sequence>
  <level>START</level>
  <class>com.kms.katalon.core.logging.XmlKeywordLogger</class>
  <method>startKeyword</method>
  <thread>1</thread>
  <message>Start action : textoPreCarro = getText(findTestObject(\&amp;quot;Object Repository/02 - PopUp articulo carrito/Page_Falabella_EnvioGratis/a_GIORGIO ARMANI\&amp;quot;))</message>
  <nestedLevel>2</nestedLevel>
  <property name="startLine">60</property>
  <property name="stepIndex">1</property>
</record>
<record>
  <date>2022-08-17T19:30:32</date>
  <millis>1660775432833</millis>
  <sequence>173</sequence>
  <level>PASSED</level>
  <class>com.kms.katalon.core.logging.XmlKeywordLogger</class>
  <method>logMessage</method>
  <thread>1</thread>
  <message>Text of object &amp;apos;Object Repository/02 - PopUp articulo carrito/Page_Falabella_EnvioGratis/a_GIORGIO ARMANI&amp;apos; is: &amp;apos;GIORGIO ARMANI&amp;apos;</message>
  <nestedLevel>1</nestedLevel>
</record>
<record>
  <date>2022-08-17T19:30:32</date>
  <millis>1660775432834</millis>
  <sequence>174</sequence>
  <level>END</level>
  <class>com.kms.katalon.core.logging.XmlKeywordLogger</class>
  <method>endKeyword</method>
  <thread>1</thread>
  <message>End action : textoPreCarro = getText(findTestObject(\&amp;quot;Object Repository/02 - PopUp articulo carrito/Page_Falabella_EnvioGratis/a_GIORGIO ARMANI\&amp;quot;))</message>
  <nestedLevel>2</nestedLevel>
</record>
<record>
  <date>2022-08-17T19:30:32</date>
  <millis>1660775432835</millis>
  <sequence>175</sequence>
  <level>START</level>
  <class>com.kms.katalon.core.logging.XmlKeywordLogger</class>
  <method>startKeyword</method>
  <thread>1</thread>
  <message>Start action : out.println(textoPreCarro)</message>
  <nestedLevel>2</nestedLevel>
  <property name="startLine">61</property>
  <property name="stepIndex">2</property>
</record>
<record>
  <date>2022-08-17T19:30:32</date>
  <millis>1660775432835</millis>
  <sequence>176</sequence>
  <level>END</level>
  <class>com.kms.katalon.core.logging.XmlKeywordLogger</class>
  <method>endKeyword</method>
  <thread>1</thread>
  <message>End action : out.println(textoPreCarro)</message>
  <nestedLevel>2</nestedLevel>
</record>
<record>
  <date>2022-08-17T19:30:32</date>
  <millis>1660775432835</millis>
  <sequence>177</sequence>
  <level>END</level>
  <class>com.kms.katalon.core.logging.XmlKeywordLogger</class>
  <method>endKeyword</method>
  <thread>1</thread>
  <message>End action : if (verifyElementPresent(findTestObject(\&amp;quot;Object Repository/02 - PopUp articulo carrito/Page_Falabella_EnvioGratis/a_GIORGIO ARMANI\&amp;quot;), 2, OPTIONAL))</message>
  <nestedLevel>1</nestedLevel>
</record>
<record>
  <date>2022-08-17T19:30:32</date>
  <millis>1660775432836</millis>
  <sequence>178</sequence>
  <level>START</level>
  <class>com.kms.katalon.core.logging.XmlKeywordLogger</class>
  <method>startKeyword</method>
  <thread>1</thread>
  <message>Start action : Assert.assertEquals(textoPreCarro, textoItemCompra)</message>
  <nestedLevel>1</nestedLevel>
  <property name="startLine">64</property>
  <property name="stepIndex">12</property>
</record>
<record>
  <date>2022-08-17T19:30:32</date>
  <millis>1660775432847</millis>
  <sequence>179</sequence>
  <level>END</level>
  <class>com.kms.katalon.core.logging.XmlKeywordLogger</class>
  <method>endKeyword</method>
  <thread>1</thread>
  <message>End action : Assert.assertEquals(textoPreCarro, textoItemCompra)</message>
  <nestedLevel>1</nestedLevel>
</record>
<record>
  <date>2022-08-17T19:30:32</date>
  <millis>1660775432847</millis>
  <sequence>180</sequence>
  <level>PASSED</level>
  <class>com.kms.katalon.core.logging.XmlKeywordLogger</class>
  <method>logMessage</method>
  <thread>1</thread>
  <message>Test Cases/inicioSesion/02 - PopUp articulo carrito</message>
  <nestedLevel>1</nestedLevel>
</record>
<record>
  <date>2022-08-17T19:30:32</date>
  <millis>1660775432848</millis>
  <sequence>181</sequence>
  <level>END</level>
  <class>com.kms.katalon.core.logging.XmlKeywordLogger</class>
  <method>endTest</method>
  <thread>1</thread>
  <message>End Test Case : Test Cases/inicioSesion/02 - PopUp articulo carrito</message>
  <nestedLevel>0</nestedLevel>
</record>
<record>
  <date>2022-08-17T19:30:32</date>
  <millis>1660775432852</millis>
  <sequence>182</sequence>
  <level>START</level>
  <class>com.kms.katalon.core.logging.XmlKeywordLogger</class>
  <method>startTest</method>
  <thread>1</thread>
  <message>Start Test Case : Test Cases/inicioSesion/03 - AgregarAlCarro</message>
  <nestedLevel>1</nestedLevel>
  <property name="name">Test Cases/inicioSesion/03 - AgregarAlCarro</property>
  <property name="description"></property>
  <property name="id">Test Cases/inicioSesion/03 - AgregarAlCarro</property>
  <property name="source">D:\\ProyectosAUT\\Katalon\\FalabellaAUT\\FalabellaAUT\\Test Cases\\inicioSesion\\03 - AgregarAlCarro.tc</property>
  <property name="tag"></property>
  <property name="isOptional">false</property>
</record>
<record>
  <date>2022-08-17T19:30:33</date>
  <millis>1660775433191</millis>
  <sequence>184</sequence>
  <level>START</level>
  <class>com.kms.katalon.core.logging.XmlKeywordLogger</class>
  <method>startKeyword</method>
  <thread>1</thread>
  <message>Start action : Fecha = new java.util.Date()</message>
  <nestedLevel>1</nestedLevel>
  <property name="startLine">24</property>
  <property name="stepIndex">1</property>
</record>
<record>
  <date>2022-08-17T19:30:33</date>
  <millis>1660775433192</millis>
  <sequence>185</sequence>
  <level>END</level>
  <class>com.kms.katalon.core.logging.XmlKeywordLogger</class>
  <method>endKeyword</method>
  <thread>1</thread>
  <message>End action : Fecha = new java.util.Date()</message>
  <nestedLevel>1</nestedLevel>
</record>
<record>
  <date>2022-08-17T19:30:33</date>
  <millis>1660775433192</millis>
  <sequence>186</sequence>
  <level>START</level>
  <class>com.kms.katalon.core.logging.XmlKeywordLogger</class>
  <method>startKeyword</method>
  <thread>1</thread>
  <message>Start action : Dia = Fecha.format(\&amp;quot;dd_MM_yy\&amp;quot;)</message>
  <nestedLevel>1</nestedLevel>
  <property name="startLine">25</property>
  <property name="stepIndex">2</property>
</record>
<record>
  <date>2022-08-17T19:30:33</date>
  <millis>1660775433193</millis>
  <sequence>187</sequence>
  <level>END</level>
  <class>com.kms.katalon.core.logging.XmlKeywordLogger</class>
  <method>endKeyword</method>
  <thread>1</thread>
  <message>End action : Dia = Fecha.format(\&amp;quot;dd_MM_yy\&amp;quot;)</message>
  <nestedLevel>1</nestedLevel>
</record>
<record>
  <date>2022-08-17T19:30:33</date>
  <millis>1660775433194</millis>
  <sequence>188</sequence>
  <level>START</level>
  <class>com.kms.katalon.core.logging.XmlKeywordLogger</class>
  <method>startKeyword</method>
  <thread>1</thread>
  <message>Start action : Hora = Fecha.format(\&amp;quot;hh_mm_ss\&amp;quot;)</message>
  <nestedLevel>1</nestedLevel>
  <property name="startLine">26</property>
  <property name="stepIndex">3</property>
</record>
<record>
  <date>2022-08-17T19:30:33</date>
  <millis>1660775433194</millis>
  <sequence>189</sequence>
  <level>END</level>
  <class>com.kms.katalon.core.logging.XmlKeywordLogger</class>
  <method>endKeyword</method>
  <thread>1</thread>
  <message>End action : Hora = Fecha.format(\&amp;quot;hh_mm_ss\&amp;quot;)</message>
  <nestedLevel>1</nestedLevel>
</record>
<record>
  <date>2022-08-17T19:30:33</date>
  <millis>1660775433195</millis>
  <sequence>190</sequence>
  <level>START</level>
  <class>com.kms.katalon.core.logging.XmlKeywordLogger</class>
  <method>startKeyword</method>
  <thread>1</thread>
  <message>Start action : robot = new java.awt.Robot()</message>
  <nestedLevel>1</nestedLevel>
  <property name="startLine">27</property>
  <property name="stepIndex">4</property>
</record>
<record>
  <date>2022-08-17T19:30:33</date>
  <millis>1660775433196</millis>
  <sequence>191</sequence>
  <level>END</level>
  <class>com.kms.katalon.core.logging.XmlKeywordLogger</class>
  <method>endKeyword</method>
  <thread>1</thread>
  <message>End action : robot = new java.awt.Robot()</message>
  <nestedLevel>1</nestedLevel>
</record>
<record>
  <date>2022-08-17T19:30:33</date>
  <millis>1660775433196</millis>
  <sequence>192</sequence>
  <level>START</level>
  <class>com.kms.katalon.core.logging.XmlKeywordLogger</class>
  <method>startKeyword</method>
  <thread>1</thread>
  <message>Start action : subPopupPreCarro = &amp;lt;not implemented yet for class: org.codehaus.groovy.ast.expr.EmptyExpression&amp;gt;</message>
  <nestedLevel>1</nestedLevel>
  <property name="startLine">30</property>
  <property name="stepIndex">5</property>
</record>
<record>
  <date>2022-08-17T19:30:33</date>
  <millis>1660775433196</millis>
  <sequence>193</sequence>
  <level>END</level>
  <class>com.kms.katalon.core.logging.XmlKeywordLogger</class>
  <method>endKeyword</method>
  <thread>1</thread>
  <message>End action : subPopupPreCarro = &amp;lt;not implemented yet for class: org.codehaus.groovy.ast.expr.EmptyExpression&amp;gt;</message>
  <nestedLevel>1</nestedLevel>
</record>
<record>
  <date>2022-08-17T19:30:33</date>
  <millis>1660775433197</millis>
  <sequence>194</sequence>
  <level>START</level>
  <class>com.kms.katalon.core.logging.XmlKeywordLogger</class>
  <method>startKeyword</method>
  <thread>1</thread>
  <message>Start action : textoPreCarro = &amp;lt;not implemented yet for class: org.codehaus.groovy.ast.expr.EmptyExpression&amp;gt;</message>
  <nestedLevel>1</nestedLevel>
  <property name="startLine">31</property>
  <property name="stepIndex">6</property>
</record>
<record>
  <date>2022-08-17T19:30:33</date>
  <millis>1660775433197</millis>
  <sequence>195</sequence>
  <level>END</level>
  <class>com.kms.katalon.core.logging.XmlKeywordLogger</class>
  <method>endKeyword</method>
  <thread>1</thread>
  <message>End action : textoPreCarro = &amp;lt;not implemented yet for class: org.codehaus.groovy.ast.expr.EmptyExpression&amp;gt;</message>
  <nestedLevel>1</nestedLevel>
</record>
<record>
  <date>2022-08-17T19:30:33</date>
  <millis>1660775433197</millis>
  <sequence>196</sequence>
  <level>START</level>
  <class>com.kms.katalon.core.logging.XmlKeywordLogger</class>
  <method>startKeyword</method>
  <thread>1</thread>
  <message>Start action : if (verifyElementPresent(findTestObject(\&amp;quot;01 - Login/Page_falabellacom  Todo lo que necesitas en_591ae0/div_Logo_Falabella\&amp;quot;), 2, OPTIONAL))</message>
  <nestedLevel>1</nestedLevel>
  <property name="startLine">34</property>
  <property name="stepIndex">7</property>
</record>
<record>
  <date>2022-08-17T19:30:33</date>
  <millis>1660775433323</millis>
  <sequence>203</sequence>
  <level>PASSED</level>
  <class>com.kms.katalon.core.logging.XmlKeywordLogger</class>
  <method>logMessage</method>
  <thread>1</thread>
  <message>Object &amp;apos;Object Repository/01 - Login/Page_falabellacom  Todo lo que necesitas en_591ae0/div_Logo_Falabella&amp;apos; is present</message>
  <nestedLevel>1</nestedLevel>
</record>
<record>
  <date>2022-08-17T19:30:33</date>
  <millis>1660775433323</millis>
  <sequence>204</sequence>
  <level>START</level>
  <class>com.kms.katalon.core.logging.XmlKeywordLogger</class>
  <method>startKeyword</method>
  <thread>1</thread>
  <message>Start action : out.println(\&amp;quot;-&amp;gt; Apertura pagina Falabella OK\&amp;quot;)</message>
  <nestedLevel>2</nestedLevel>
  <property name="startLine">36</property>
  <property name="stepIndex">1</property>
</record>
<record>
  <date>2022-08-17T19:30:33</date>
  <millis>1660775433324</millis>
  <sequence>205</sequence>
  <level>END</level>
  <class>com.kms.katalon.core.logging.XmlKeywordLogger</class>
  <method>endKeyword</method>
  <thread>1</thread>
  <message>End action : out.println(\&amp;quot;-&amp;gt; Apertura pagina Falabella OK\&amp;quot;)</message>
  <nestedLevel>2</nestedLevel>
</record>
<record>
  <date>2022-08-17T19:30:33</date>
  <millis>1660775433325</millis>
  <sequence>206</sequence>
  <level>END</level>
  <class>com.kms.katalon.core.logging.XmlKeywordLogger</class>
  <method>endKeyword</method>
  <thread>1</thread>
  <message>End action : if (verifyElementPresent(findTestObject(\&amp;quot;01 - Login/Page_falabellacom  Todo lo que necesitas en_591ae0/div_Logo_Falabella\&amp;quot;), 2, OPTIONAL))</message>
  <nestedLevel>1</nestedLevel>
</record>
<record>
  <date>2022-08-17T19:30:33</date>
  <millis>1660775433325</millis>
  <sequence>207</sequence>
  <level>START</level>
  <class>com.kms.katalon.core.logging.XmlKeywordLogger</class>
  <method>startKeyword</method>
  <thread>1</thread>
  <message>Start action : if (verifyElementPresent(findTestObject(\&amp;quot;Object Repository/02 - PopUp articulo carrito/Page_Falabella_EnvioGratis/a_GIORGIO ARMANI\&amp;quot;), 2, OPTIONAL))</message>
  <nestedLevel>1</nestedLevel>
  <property name="startLine">45</property>
  <property name="stepIndex">9</property>
</record>
<record>
  <date>2022-08-17T19:30:33</date>
  <millis>1660775433383</millis>
  <sequence>214</sequence>
  <level>PASSED</level>
  <class>com.kms.katalon.core.logging.XmlKeywordLogger</class>
  <method>logMessage</method>
  <thread>1</thread>
  <message>Object &amp;apos;Object Repository/02 - PopUp articulo carrito/Page_Falabella_EnvioGratis/a_GIORGIO ARMANI&amp;apos; is present</message>
  <nestedLevel>1</nestedLevel>
</record>
<record>
  <date>2022-08-17T19:30:33</date>
  <millis>1660775433383</millis>
  <sequence>215</sequence>
  <level>START</level>
  <class>com.kms.katalon.core.logging.XmlKeywordLogger</class>
  <method>startKeyword</method>
  <thread>1</thread>
  <message>Start action : textoPreCarro = getText(findTestObject(\&amp;quot;Object Repository/02 - PopUp articulo carrito/Page_Falabella_EnvioGratis/a_GIORGIO ARMANI\&amp;quot;))</message>
  <nestedLevel>2</nestedLevel>
  <property name="startLine">47</property>
  <property name="stepIndex">1</property>
</record>
<record>
  <date>2022-08-17T19:30:33</date>
  <millis>1660775433462</millis>
  <sequence>223</sequence>
  <level>PASSED</level>
  <class>com.kms.katalon.core.logging.XmlKeywordLogger</class>
  <method>logMessage</method>
  <thread>1</thread>
  <message>Text of object &amp;apos;Object Repository/02 - PopUp articulo carrito/Page_Falabella_EnvioGratis/a_GIORGIO ARMANI&amp;apos; is: &amp;apos;GIORGIO ARMANI&amp;apos;</message>
  <nestedLevel>1</nestedLevel>
</record>
<record>
  <date>2022-08-17T19:30:33</date>
  <millis>1660775433462</millis>
  <sequence>224</sequence>
  <level>END</level>
  <class>com.kms.katalon.core.logging.XmlKeywordLogger</class>
  <method>endKeyword</method>
  <thread>1</thread>
  <message>End action : textoPreCarro = getText(findTestObject(\&amp;quot;Object Repository/02 - PopUp articulo carrito/Page_Falabella_EnvioGratis/a_GIORGIO ARMANI\&amp;quot;))</message>
  <nestedLevel>2</nestedLevel>
</record>
<record>
  <date>2022-08-17T19:30:33</date>
  <millis>1660775433462</millis>
  <sequence>225</sequence>
  <level>START</level>
  <class>com.kms.katalon.core.logging.XmlKeywordLogger</class>
  <method>startKeyword</method>
  <thread>1</thread>
  <message>Start action : out.println(textoPreCarro)</message>
  <nestedLevel>2</nestedLevel>
  <property name="startLine">48</property>
  <property name="stepIndex">2</property>
</record>
<record>
  <date>2022-08-17T19:30:33</date>
  <millis>1660775433463</millis>
  <sequence>226</sequence>
  <level>END</level>
  <class>com.kms.katalon.core.logging.XmlKeywordLogger</class>
  <method>endKeyword</method>
  <thread>1</thread>
  <message>End action : out.println(textoPreCarro)</message>
  <nestedLevel>2</nestedLevel>
</record>
<record>
  <date>2022-08-17T19:30:33</date>
  <millis>1660775433463</millis>
  <sequence>227</sequence>
  <level>END</level>
  <class>com.kms.katalon.core.logging.XmlKeywordLogger</class>
  <method>endKeyword</method>
  <thread>1</thread>
  <message>End action : if (verifyElementPresent(findTestObject(\&amp;quot;Object Repository/02 - PopUp articulo carrito/Page_Falabella_EnvioGratis/a_GIORGIO ARMANI\&amp;quot;), 2, OPTIONAL))</message>
  <nestedLevel>1</nestedLevel>
</record>
<record>
  <date>2022-08-17T19:30:33</date>
  <millis>1660775433463</millis>
  <sequence>228</sequence>
  <level>START</level>
  <class>com.kms.katalon.core.logging.XmlKeywordLogger</class>
  <method>startKeyword</method>
  <thread>1</thread>
  <message>Start action : if (verifyElementPresent(findTestObject(\&amp;quot;Object Repository/03 - AgregarAlCarro/Page_popup_agregar_carro/button_Agregar al Carro\&amp;quot;), 2, OPTIONAL))</message>
  <nestedLevel>1</nestedLevel>
  <property name="startLine">51</property>
  <property name="stepIndex">10</property>
</record>
<record>
  <date>2022-08-17T19:30:33</date>
  <millis>1660775433536</millis>
  <sequence>235</sequence>
  <level>PASSED</level>
  <class>com.kms.katalon.core.logging.XmlKeywordLogger</class>
  <method>logMessage</method>
  <thread>1</thread>
  <message>Object &amp;apos;Object Repository/03 - AgregarAlCarro/Page_popup_agregar_carro/button_Agregar al Carro&amp;apos; is present</message>
  <nestedLevel>1</nestedLevel>
</record>
<record>
  <date>2022-08-17T19:30:33</date>
  <millis>1660775433537</millis>
  <sequence>236</sequence>
  <level>START</level>
  <class>com.kms.katalon.core.logging.XmlKeywordLogger</class>
  <method>startKeyword</method>
  <thread>1</thread>
  <message>Start action : click(findTestObject(\&amp;quot;Object Repository/03 - AgregarAlCarro/Page_popup_agregar_carro/button_Agregar al Carro\&amp;quot;))</message>
  <nestedLevel>2</nestedLevel>
  <property name="startLine">53</property>
  <property name="stepIndex">1</property>
</record>
<record>
  <date>2022-08-17T19:30:33</date>
  <millis>1660775433761</millis>
  <sequence>244</sequence>
  <level>PASSED</level>
  <class>com.kms.katalon.core.logging.XmlKeywordLogger</class>
  <method>logMessage</method>
  <thread>1</thread>
  <message>Object: &amp;apos;Object Repository/03 - AgregarAlCarro/Page_popup_agregar_carro/button_Agregar al Carro&amp;apos; is clicked on</message>
  <nestedLevel>1</nestedLevel>
</record>
<record>
  <date>2022-08-17T19:30:33</date>
  <millis>1660775433761</millis>
  <sequence>245</sequence>
  <level>END</level>
  <class>com.kms.katalon.core.logging.XmlKeywordLogger</class>
  <method>endKeyword</method>
  <thread>1</thread>
  <message>End action : click(findTestObject(\&amp;quot;Object Repository/03 - AgregarAlCarro/Page_popup_agregar_carro/button_Agregar al Carro\&amp;quot;))</message>
  <nestedLevel>2</nestedLevel>
</record>
<record>
  <date>2022-08-17T19:30:33</date>
  <millis>1660775433761</millis>
  <sequence>246</sequence>
  <level>END</level>
  <class>com.kms.katalon.core.logging.XmlKeywordLogger</class>
  <method>endKeyword</method>
  <thread>1</thread>
  <message>End action : if (verifyElementPresent(findTestObject(\&amp;quot;Object Repository/03 - AgregarAlCarro/Page_popup_agregar_carro/button_Agregar al Carro\&amp;quot;), 2, OPTIONAL))</message>
  <nestedLevel>1</nestedLevel>
</record>
<record>
  <date>2022-08-17T19:30:33</date>
  <millis>1660775433762</millis>
  <sequence>247</sequence>
  <level>START</level>
  <class>com.kms.katalon.core.logging.XmlKeywordLogger</class>
  <method>startKeyword</method>
  <thread>1</thread>
  <message>Start action : if (verifyElementPresent(findTestObject(\&amp;quot;Object Repository/03 - AgregarAlCarro/Page_popup_agregar_carro/span_Popup_GIORGIO ARMANI\&amp;quot;), 2, OPTIONAL))</message>
  <nestedLevel>1</nestedLevel>
  <property name="startLine">56</property>
  <property name="stepIndex">11</property>
</record>
<record>
  <date>2022-08-17T19:30:35</date>
  <millis>1660775435633</millis>
  <sequence>254</sequence>
  <level>PASSED</level>
  <class>com.kms.katalon.core.logging.XmlKeywordLogger</class>
  <method>logMessage</method>
  <thread>1</thread>
  <message>Object &amp;apos;Object Repository/03 - AgregarAlCarro/Page_popup_agregar_carro/span_Popup_GIORGIO ARMANI&amp;apos; is present</message>
  <nestedLevel>1</nestedLevel>
</record>
<record>
  <date>2022-08-17T19:30:35</date>
  <millis>1660775435633</millis>
  <sequence>255</sequence>
  <level>START</level>
  <class>com.kms.katalon.core.logging.XmlKeywordLogger</class>
  <method>startKeyword</method>
  <thread>1</thread>
  <message>Start action : subPopupPreCarro = getText(findTestObject(\&amp;quot;Object Repository/03 - AgregarAlCarro/Page_popup_agregar_carro/span_Popup_GIORGIO ARMANI\&amp;quot;))</message>
  <nestedLevel>2</nestedLevel>
  <property name="startLine">58</property>
  <property name="stepIndex">1</property>
</record>
<record>
  <date>2022-08-17T19:30:35</date>
  <millis>1660775435736</millis>
  <sequence>263</sequence>
  <level>PASSED</level>
  <class>com.kms.katalon.core.logging.XmlKeywordLogger</class>
  <method>logMessage</method>
  <thread>1</thread>
  <message>Text of object &amp;apos;Object Repository/03 - AgregarAlCarro/Page_popup_agregar_carro/span_Popup_GIORGIO ARMANI&amp;apos; is: &amp;apos;GIORGIO ARMANI&amp;apos;</message>
  <nestedLevel>1</nestedLevel>
</record>
<record>
  <date>2022-08-17T19:30:35</date>
  <millis>1660775435737</millis>
  <sequence>264</sequence>
  <level>END</level>
  <class>com.kms.katalon.core.logging.XmlKeywordLogger</class>
  <method>endKeyword</method>
  <thread>1</thread>
  <message>End action : subPopupPreCarro = getText(findTestObject(\&amp;quot;Object Repository/03 - AgregarAlCarro/Page_popup_agregar_carro/span_Popup_GIORGIO ARMANI\&amp;quot;))</message>
  <nestedLevel>2</nestedLevel>
</record>
<record>
  <date>2022-08-17T19:30:35</date>
  <millis>1660775435737</millis>
  <sequence>265</sequence>
  <level>START</level>
  <class>com.kms.katalon.core.logging.XmlKeywordLogger</class>
  <method>startKeyword</method>
  <thread>1</thread>
  <message>Start action : out.println(subPopupPreCarro)</message>
  <nestedLevel>2</nestedLevel>
  <property name="startLine">59</property>
  <property name="stepIndex">2</property>
</record>
<record>
  <date>2022-08-17T19:30:35</date>
  <millis>1660775435738</millis>
  <sequence>266</sequence>
  <level>END</level>
  <class>com.kms.katalon.core.logging.XmlKeywordLogger</class>
  <method>endKeyword</method>
  <thread>1</thread>
  <message>End action : out.println(subPopupPreCarro)</message>
  <nestedLevel>2</nestedLevel>
</record>
<record>
  <date>2022-08-17T19:30:35</date>
  <millis>1660775435738</millis>
  <sequence>267</sequence>
  <level>END</level>
  <class>com.kms.katalon.core.logging.XmlKeywordLogger</class>
  <method>endKeyword</method>
  <thread>1</thread>
  <message>End action : if (verifyElementPresent(findTestObject(\&amp;quot;Object Repository/03 - AgregarAlCarro/Page_popup_agregar_carro/span_Popup_GIORGIO ARMANI\&amp;quot;), 2, OPTIONAL))</message>
  <nestedLevel>1</nestedLevel>
</record>
<record>
  <date>2022-08-17T19:30:35</date>
  <millis>1660775435738</millis>
  <sequence>268</sequence>
  <level>START</level>
  <class>com.kms.katalon.core.logging.XmlKeywordLogger</class>
  <method>startKeyword</method>
  <thread>1</thread>
  <message>Start action : Assert.assertEquals(textoPreCarro, subPopupPreCarro)</message>
  <nestedLevel>1</nestedLevel>
  <property name="startLine">62</property>
  <property name="stepIndex">12</property>
</record>
<record>
  <date>2022-08-17T19:30:35</date>
  <millis>1660775435738</millis>
  <sequence>269</sequence>
  <level>END</level>
  <class>com.kms.katalon.core.logging.XmlKeywordLogger</class>
  <method>endKeyword</method>
  <thread>1</thread>
  <message>End action : Assert.assertEquals(textoPreCarro, subPopupPreCarro)</message>
  <nestedLevel>1</nestedLevel>
</record>
<record>
  <date>2022-08-17T19:30:35</date>
  <millis>1660775435738</millis>
  <sequence>270</sequence>
  <level>PASSED</level>
  <class>com.kms.katalon.core.logging.XmlKeywordLogger</class>
  <method>logMessage</method>
  <thread>1</thread>
  <message>Test Cases/inicioSesion/03 - AgregarAlCarro</message>
  <nestedLevel>1</nestedLevel>
</record>
<record>
  <date>2022-08-17T19:30:35</date>
  <millis>1660775435739</millis>
  <sequence>271</sequence>
  <level>END</level>
  <class>com.kms.katalon.core.logging.XmlKeywordLogger</class>
  <method>endTest</method>
  <thread>1</thread>
  <message>End Test Case : Test Cases/inicioSesion/03 - AgregarAlCarro</message>
  <nestedLevel>0</nestedLevel>
</record>
<record>
  <date>2022-08-17T19:30:35</date>
  <millis>1660775435742</millis>
  <sequence>272</sequence>
  <level>START</level>
  <class>com.kms.katalon.core.logging.XmlKeywordLogger</class>
  <method>startTest</method>
  <thread>1</thread>
  <message>Start Test Case : Test Cases/inicioSesion/04 - Revision carrito</message>
  <nestedLevel>1</nestedLevel>
  <property name="name">Test Cases/inicioSesion/04 - Revision carrito</property>
  <property name="description"></property>
  <property name="id">Test Cases/inicioSesion/04 - Revision carrito</property>
  <property name="source">D:\\ProyectosAUT\\Katalon\\FalabellaAUT\\FalabellaAUT\\Test Cases\\inicioSesion\\04 - Revision carrito.tc</property>
  <property name="tag"></property>
  <property name="isOptional">false</property>
</record>
<record>
  <date>2022-08-17T19:30:36</date>
  <millis>1660775436094</millis>
  <sequence>274</sequence>
  <level>START</level>
  <class>com.kms.katalon.core.logging.XmlKeywordLogger</class>
  <method>startKeyword</method>
  <thread>1</thread>
  <message>Start action : Fecha = new java.util.Date()</message>
  <nestedLevel>1</nestedLevel>
  <property name="startLine">24</property>
  <property name="stepIndex">1</property>
</record>
<record>
  <date>2022-08-17T19:30:36</date>
  <millis>1660775436095</millis>
  <sequence>275</sequence>
  <level>END</level>
  <class>com.kms.katalon.core.logging.XmlKeywordLogger</class>
  <method>endKeyword</method>
  <thread>1</thread>
  <message>End action : Fecha = new java.util.Date()</message>
  <nestedLevel>1</nestedLevel>
</record>
<record>
  <date>2022-08-17T19:30:36</date>
  <millis>1660775436095</millis>
  <sequence>276</sequence>
  <level>START</level>
  <class>com.kms.katalon.core.logging.XmlKeywordLogger</class>
  <method>startKeyword</method>
  <thread>1</thread>
  <message>Start action : Dia = Fecha.format(\&amp;quot;dd_MM_yy\&amp;quot;)</message>
  <nestedLevel>1</nestedLevel>
  <property name="startLine">25</property>
  <property name="stepIndex">2</property>
</record>
<record>
  <date>2022-08-17T19:30:36</date>
  <millis>1660775436096</millis>
  <sequence>277</sequence>
  <level>END</level>
  <class>com.kms.katalon.core.logging.XmlKeywordLogger</class>
  <method>endKeyword</method>
  <thread>1</thread>
  <message>End action : Dia = Fecha.format(\&amp;quot;dd_MM_yy\&amp;quot;)</message>
  <nestedLevel>1</nestedLevel>
</record>
<record>
  <date>2022-08-17T19:30:36</date>
  <millis>1660775436096</millis>
  <sequence>278</sequence>
  <level>START</level>
  <class>com.kms.katalon.core.logging.XmlKeywordLogger</class>
  <method>startKeyword</method>
  <thread>1</thread>
  <message>Start action : Hora = Fecha.format(\&amp;quot;hh_mm_ss\&amp;quot;)</message>
  <nestedLevel>1</nestedLevel>
  <property name="startLine">26</property>
  <property name="stepIndex">3</property>
</record>
<record>
  <date>2022-08-17T19:30:36</date>
  <millis>1660775436096</millis>
  <sequence>279</sequence>
  <level>END</level>
  <class>com.kms.katalon.core.logging.XmlKeywordLogger</class>
  <method>endKeyword</method>
  <thread>1</thread>
  <message>End action : Hora = Fecha.format(\&amp;quot;hh_mm_ss\&amp;quot;)</message>
  <nestedLevel>1</nestedLevel>
</record>
<record>
  <date>2022-08-17T19:30:36</date>
  <millis>1660775436096</millis>
  <sequence>280</sequence>
  <level>START</level>
  <class>com.kms.katalon.core.logging.XmlKeywordLogger</class>
  <method>startKeyword</method>
  <thread>1</thread>
  <message>Start action : robot = new java.awt.Robot()</message>
  <nestedLevel>1</nestedLevel>
  <property name="startLine">27</property>
  <property name="stepIndex">4</property>
</record>
<record>
  <date>2022-08-17T19:30:36</date>
  <millis>1660775436097</millis>
  <sequence>281</sequence>
  <level>END</level>
  <class>com.kms.katalon.core.logging.XmlKeywordLogger</class>
  <method>endKeyword</method>
  <thread>1</thread>
  <message>End action : robot = new java.awt.Robot()</message>
  <nestedLevel>1</nestedLevel>
</record>
<record>
  <date>2022-08-17T19:30:36</date>
  <millis>1660775436097</millis>
  <sequence>282</sequence>
  <level>START</level>
  <class>com.kms.katalon.core.logging.XmlKeywordLogger</class>
  <method>startKeyword</method>
  <thread>1</thread>
  <message>Start action : NumArticuloPopUp = &amp;lt;not implemented yet for class: org.codehaus.groovy.ast.expr.EmptyExpression&amp;gt;</message>
  <nestedLevel>1</nestedLevel>
  <property name="startLine">29</property>
  <property name="stepIndex">5</property>
</record>
<record>
  <date>2022-08-17T19:30:36</date>
  <millis>1660775436097</millis>
  <sequence>283</sequence>
  <level>END</level>
  <class>com.kms.katalon.core.logging.XmlKeywordLogger</class>
  <method>endKeyword</method>
  <thread>1</thread>
  <message>End action : NumArticuloPopUp = &amp;lt;not implemented yet for class: org.codehaus.groovy.ast.expr.EmptyExpression&amp;gt;</message>
  <nestedLevel>1</nestedLevel>
</record>
<record>
  <date>2022-08-17T19:30:36</date>
  <millis>1660775436098</millis>
  <sequence>284</sequence>
  <level>START</level>
  <class>com.kms.katalon.core.logging.XmlKeywordLogger</class>
  <method>startKeyword</method>
  <thread>1</thread>
  <message>Start action : NumArticuloCarrito = &amp;lt;not implemented yet for class: org.codehaus.groovy.ast.expr.EmptyExpression&amp;gt;</message>
  <nestedLevel>1</nestedLevel>
  <property name="startLine">30</property>
  <property name="stepIndex">6</property>
</record>
<record>
  <date>2022-08-17T19:30:36</date>
  <millis>1660775436098</millis>
  <sequence>285</sequence>
  <level>END</level>
  <class>com.kms.katalon.core.logging.XmlKeywordLogger</class>
  <method>endKeyword</method>
  <thread>1</thread>
  <message>End action : NumArticuloCarrito = &amp;lt;not implemented yet for class: org.codehaus.groovy.ast.expr.EmptyExpression&amp;gt;</message>
  <nestedLevel>1</nestedLevel>
</record>
<record>
  <date>2022-08-17T19:30:36</date>
  <millis>1660775436098</millis>
  <sequence>286</sequence>
  <level>START</level>
  <class>com.kms.katalon.core.logging.XmlKeywordLogger</class>
  <method>startKeyword</method>
  <thread>1</thread>
  <message>Start action : if (verifyElementPresent(findTestObject(\&amp;quot;Object Repository/04 - Revision carrito/Page_Revision carrito/span_CodProdPopUp\&amp;quot;), 2, OPTIONAL))</message>
  <nestedLevel>1</nestedLevel>
  <property name="startLine">33</property>
  <property name="stepIndex">7</property>
</record>
<record>
  <date>2022-08-17T19:30:36</date>
  <millis>1660775436178</millis>
  <sequence>293</sequence>
  <level>PASSED</level>
  <class>com.kms.katalon.core.logging.XmlKeywordLogger</class>
  <method>logMessage</method>
  <thread>1</thread>
  <message>Object &amp;apos;Object Repository/04 - Revision carrito/Page_Revision carrito/span_CodProdPopUp&amp;apos; is present</message>
  <nestedLevel>1</nestedLevel>
</record>
<record>
  <date>2022-08-17T19:30:36</date>
  <millis>1660775436179</millis>
  <sequence>294</sequence>
  <level>START</level>
  <class>com.kms.katalon.core.logging.XmlKeywordLogger</class>
  <method>startKeyword</method>
  <thread>1</thread>
  <message>Start action : NumArticuloPopUp = getText(findTestObject(\&amp;quot;Object Repository/03 - AgregarAlCarro/Page_popup_agregar_carro/span_Popup_GIORGIO ARMANI\&amp;quot;))</message>
  <nestedLevel>2</nestedLevel>
  <property name="startLine">35</property>
  <property name="stepIndex">1</property>
</record>
<record>
  <date>2022-08-17T19:30:36</date>
  <millis>1660775436276</millis>
  <sequence>302</sequence>
  <level>PASSED</level>
  <class>com.kms.katalon.core.logging.XmlKeywordLogger</class>
  <method>logMessage</method>
  <thread>1</thread>
  <message>Text of object &amp;apos;Object Repository/03 - AgregarAlCarro/Page_popup_agregar_carro/span_Popup_GIORGIO ARMANI&amp;apos; is: &amp;apos;GIORGIO ARMANI&amp;apos;</message>
  <nestedLevel>1</nestedLevel>
</record>
<record>
  <date>2022-08-17T19:30:36</date>
  <millis>1660775436277</millis>
  <sequence>303</sequence>
  <level>END</level>
  <class>com.kms.katalon.core.logging.XmlKeywordLogger</class>
  <method>endKeyword</method>
  <thread>1</thread>
  <message>End action : NumArticuloPopUp = getText(findTestObject(\&amp;quot;Object Repository/03 - AgregarAlCarro/Page_popup_agregar_carro/span_Popup_GIORGIO ARMANI\&amp;quot;))</message>
  <nestedLevel>2</nestedLevel>
</record>
<record>
  <date>2022-08-17T19:30:36</date>
  <millis>1660775436277</millis>
  <sequence>304</sequence>
  <level>START</level>
  <class>com.kms.katalon.core.logging.XmlKeywordLogger</class>
  <method>startKeyword</method>
  <thread>1</thread>
  <message>Start action : out.println(NumArticuloPopUp)</message>
  <nestedLevel>2</nestedLevel>
  <property name="startLine">36</property>
  <property name="stepIndex">2</property>
</record>
<record>
  <date>2022-08-17T19:30:36</date>
  <millis>1660775436278</millis>
  <sequence>305</sequence>
  <level>END</level>
  <class>com.kms.katalon.core.logging.XmlKeywordLogger</class>
  <method>endKeyword</method>
  <thread>1</thread>
  <message>End action : out.println(NumArticuloPopUp)</message>
  <nestedLevel>2</nestedLevel>
</record>
<record>
  <date>2022-08-17T19:30:36</date>
  <millis>1660775436278</millis>
  <sequence>306</sequence>
  <level>END</level>
  <class>com.kms.katalon.core.logging.XmlKeywordLogger</class>
  <method>endKeyword</method>
  <thread>1</thread>
  <message>End action : if (verifyElementPresent(findTestObject(\&amp;quot;Object Repository/04 - Revision carrito/Page_Revision carrito/span_CodProdPopUp\&amp;quot;), 2, OPTIONAL))</message>
  <nestedLevel>1</nestedLevel>
</record>
<record>
  <date>2022-08-17T19:30:36</date>
  <millis>1660775436278</millis>
  <sequence>307</sequence>
  <level>START</level>
  <class>com.kms.katalon.core.logging.XmlKeywordLogger</class>
  <method>startKeyword</method>
  <thread>1</thread>
  <message>Start action : if (verifyElementPresent(findTestObject(\&amp;quot;Object Repository/03 - AgregarAlCarro/Page_popup_agregar_carro/button_popup_Seguir comprando\&amp;quot;), 2, OPTIONAL))</message>
  <nestedLevel>1</nestedLevel>
  <property name="startLine">40</property>
  <property name="stepIndex">8</property>
</record>
<record>
  <date>2022-08-17T19:30:36</date>
  <millis>1660775436347</millis>
  <sequence>314</sequence>
  <level>PASSED</level>
  <class>com.kms.katalon.core.logging.XmlKeywordLogger</class>
  <method>logMessage</method>
  <thread>1</thread>
  <message>Object &amp;apos;Object Repository/03 - AgregarAlCarro/Page_popup_agregar_carro/button_popup_Seguir comprando&amp;apos; is present</message>
  <nestedLevel>1</nestedLevel>
</record>
<record>
  <date>2022-08-17T19:30:36</date>
  <millis>1660775436347</millis>
  <sequence>315</sequence>
  <level>START</level>
  <class>com.kms.katalon.core.logging.XmlKeywordLogger</class>
  <method>startKeyword</method>
  <thread>1</thread>
  <message>Start action : click(findTestObject(\&amp;quot;Object Repository/03 - AgregarAlCarro/Page_popup_agregar_carro/button_popup_Seguir comprando\&amp;quot;))</message>
  <nestedLevel>2</nestedLevel>
  <property name="startLine">42</property>
  <property name="stepIndex">1</property>
</record>
<record>
  <date>2022-08-17T19:30:36</date>
  <millis>1660775436741</millis>
  <sequence>323</sequence>
  <level>PASSED</level>
  <class>com.kms.katalon.core.logging.XmlKeywordLogger</class>
  <method>logMessage</method>
  <thread>1</thread>
  <message>Object: &amp;apos;Object Repository/03 - AgregarAlCarro/Page_popup_agregar_carro/button_popup_Seguir comprando&amp;apos; is clicked on</message>
  <nestedLevel>1</nestedLevel>
</record>
<record>
  <date>2022-08-17T19:30:36</date>
  <millis>1660775436742</millis>
  <sequence>324</sequence>
  <level>END</level>
  <class>com.kms.katalon.core.logging.XmlKeywordLogger</class>
  <method>endKeyword</method>
  <thread>1</thread>
  <message>End action : click(findTestObject(\&amp;quot;Object Repository/03 - AgregarAlCarro/Page_popup_agregar_carro/button_popup_Seguir comprando\&amp;quot;))</message>
  <nestedLevel>2</nestedLevel>
</record>
<record>
  <date>2022-08-17T19:30:36</date>
  <millis>1660775436742</millis>
  <sequence>325</sequence>
  <level>END</level>
  <class>com.kms.katalon.core.logging.XmlKeywordLogger</class>
  <method>endKeyword</method>
  <thread>1</thread>
  <message>End action : if (verifyElementPresent(findTestObject(\&amp;quot;Object Repository/03 - AgregarAlCarro/Page_popup_agregar_carro/button_popup_Seguir comprando\&amp;quot;), 2, OPTIONAL))</message>
  <nestedLevel>1</nestedLevel>
</record>
<record>
  <date>2022-08-17T19:30:36</date>
  <millis>1660775436742</millis>
  <sequence>326</sequence>
  <level>START</level>
  <class>com.kms.katalon.core.logging.XmlKeywordLogger</class>
  <method>startKeyword</method>
  <thread>1</thread>
  <message>Start action : if (verifyElementPresent(findTestObject(\&amp;quot;Object Repository/01 - Login/Page_falabellacom  Todo lo que necesitas en_591ae0/div_Logo_Falabella\&amp;quot;), 2, OPTIONAL))</message>
  <nestedLevel>1</nestedLevel>
  <property name="startLine">46</property>
  <property name="stepIndex">9</property>
</record>
<record>
  <date>2022-08-17T19:30:36</date>
  <millis>1660775436811</millis>
  <sequence>333</sequence>
  <level>PASSED</level>
  <class>com.kms.katalon.core.logging.XmlKeywordLogger</class>
  <method>logMessage</method>
  <thread>1</thread>
  <message>Object &amp;apos;Object Repository/01 - Login/Page_falabellacom  Todo lo que necesitas en_591ae0/div_Logo_Falabella&amp;apos; is present</message>
  <nestedLevel>1</nestedLevel>
</record>
<record>
  <date>2022-08-17T19:30:36</date>
  <millis>1660775436811</millis>
  <sequence>334</sequence>
  <level>START</level>
  <class>com.kms.katalon.core.logging.XmlKeywordLogger</class>
  <method>startKeyword</method>
  <thread>1</thread>
  <message>Start action : click(findTestObject(\&amp;quot;Object Repository/01 - Login/Page_falabellacom  Todo lo que necesitas en_591ae0/div_Logo_Falabella\&amp;quot;))</message>
  <nestedLevel>2</nestedLevel>
  <property name="startLine">48</property>
  <property name="stepIndex">1</property>
</record>
<record>
  <date>2022-08-17T19:30:39</date>
  <millis>1660775439255</millis>
  <sequence>342</sequence>
  <level>PASSED</level>
  <class>com.kms.katalon.core.logging.XmlKeywordLogger</class>
  <method>logMessage</method>
  <thread>1</thread>
  <message>Object: &amp;apos;Object Repository/01 - Login/Page_falabellacom  Todo lo que necesitas en_591ae0/div_Logo_Falabella&amp;apos; is clicked on</message>
  <nestedLevel>1</nestedLevel>
</record>
<record>
  <date>2022-08-17T19:30:39</date>
  <millis>1660775439256</millis>
  <sequence>343</sequence>
  <level>END</level>
  <class>com.kms.katalon.core.logging.XmlKeywordLogger</class>
  <method>endKeyword</method>
  <thread>1</thread>
  <message>End action : click(findTestObject(\&amp;quot;Object Repository/01 - Login/Page_falabellacom  Todo lo que necesitas en_591ae0/div_Logo_Falabella\&amp;quot;))</message>
  <nestedLevel>2</nestedLevel>
</record>
<record>
  <date>2022-08-17T19:30:39</date>
  <millis>1660775439256</millis>
  <sequence>344</sequence>
  <level>END</level>
  <class>com.kms.katalon.core.logging.XmlKeywordLogger</class>
  <method>endKeyword</method>
  <thread>1</thread>
  <message>End action : if (verifyElementPresent(findTestObject(\&amp;quot;Object Repository/01 - Login/Page_falabellacom  Todo lo que necesitas en_591ae0/div_Logo_Falabella\&amp;quot;), 2, OPTIONAL))</message>
  <nestedLevel>1</nestedLevel>
</record>
<record>
  <date>2022-08-17T19:30:39</date>
  <millis>1660775439256</millis>
  <sequence>345</sequence>
  <level>START</level>
  <class>com.kms.katalon.core.logging.XmlKeywordLogger</class>
  <method>startKeyword</method>
  <thread>1</thread>
  <message>Start action : if (verifyElementPresent(findTestObject(\&amp;quot;Object Repository/04 - Revision carrito/Page_Revision carrito/i_CarroCompras\&amp;quot;), 2, OPTIONAL))</message>
  <nestedLevel>1</nestedLevel>
  <property name="startLine">51</property>
  <property name="stepIndex">10</property>
</record>
<record>
  <date>2022-08-17T19:30:39</date>
  <millis>1660775439502</millis>
  <sequence>352</sequence>
  <level>PASSED</level>
  <class>com.kms.katalon.core.logging.XmlKeywordLogger</class>
  <method>logMessage</method>
  <thread>1</thread>
  <message>Object &amp;apos;Object Repository/04 - Revision carrito/Page_Revision carrito/i_CarroCompras&amp;apos; is present</message>
  <nestedLevel>1</nestedLevel>
</record>
<record>
  <date>2022-08-17T19:30:39</date>
  <millis>1660775439503</millis>
  <sequence>353</sequence>
  <level>START</level>
  <class>com.kms.katalon.core.logging.XmlKeywordLogger</class>
  <method>startKeyword</method>
  <thread>1</thread>
  <message>Start action : click(findTestObject(\&amp;quot;Object Repository/04 - Revision carrito/Page_Revision carrito/i_CarroCompras\&amp;quot;))</message>
  <nestedLevel>2</nestedLevel>
  <property name="startLine">53</property>
  <property name="stepIndex">1</property>
</record>
<record>
  <date>2022-08-17T19:30:42</date>
  <millis>1660775442026</millis>
  <sequence>361</sequence>
  <level>PASSED</level>
  <class>com.kms.katalon.core.logging.XmlKeywordLogger</class>
  <method>logMessage</method>
  <thread>1</thread>
  <message>Object: &amp;apos;Object Repository/04 - Revision carrito/Page_Revision carrito/i_CarroCompras&amp;apos; is clicked on</message>
  <nestedLevel>1</nestedLevel>
</record>
<record>
  <date>2022-08-17T19:30:42</date>
  <millis>1660775442027</millis>
  <sequence>362</sequence>
  <level>END</level>
  <class>com.kms.katalon.core.logging.XmlKeywordLogger</class>
  <method>endKeyword</method>
  <thread>1</thread>
  <message>End action : click(findTestObject(\&amp;quot;Object Repository/04 - Revision carrito/Page_Revision carrito/i_CarroCompras\&amp;quot;))</message>
  <nestedLevel>2</nestedLevel>
</record>
<record>
  <date>2022-08-17T19:30:42</date>
  <millis>1660775442027</millis>
  <sequence>363</sequence>
  <level>END</level>
  <class>com.kms.katalon.core.logging.XmlKeywordLogger</class>
  <method>endKeyword</method>
  <thread>1</thread>
  <message>End action : if (verifyElementPresent(findTestObject(\&amp;quot;Object Repository/04 - Revision carrito/Page_Revision carrito/i_CarroCompras\&amp;quot;), 2, OPTIONAL))</message>
  <nestedLevel>1</nestedLevel>
</record>
<record>
  <date>2022-08-17T19:30:42</date>
  <millis>1660775442027</millis>
  <sequence>364</sequence>
  <level>START</level>
  <class>com.kms.katalon.core.logging.XmlKeywordLogger</class>
  <method>startKeyword</method>
  <thread>1</thread>
  <message>Start action : if (verifyElementPresent(findTestObject(\&amp;quot;Object Repository/04 - Revision carrito/Page_Revision carrito/span_CodProd_Carrito\&amp;quot;), 2, OPTIONAL))</message>
  <nestedLevel>1</nestedLevel>
  <property name="startLine">57</property>
  <property name="stepIndex">11</property>
</record>
<record>
  <date>2022-08-17T19:30:42</date>
  <millis>1660775442107</millis>
  <sequence>371</sequence>
  <level>PASSED</level>
  <class>com.kms.katalon.core.logging.XmlKeywordLogger</class>
  <method>logMessage</method>
  <thread>1</thread>
  <message>Object &amp;apos;Object Repository/04 - Revision carrito/Page_Revision carrito/span_CodProd_Carrito&amp;apos; is present</message>
  <nestedLevel>1</nestedLevel>
</record>
<record>
  <date>2022-08-17T19:30:42</date>
  <millis>1660775442108</millis>
  <sequence>372</sequence>
  <level>START</level>
  <class>com.kms.katalon.core.logging.XmlKeywordLogger</class>
  <method>startKeyword</method>
  <thread>1</thread>
  <message>Start action : NumArticuloCarrito = getText(findTestObject(\&amp;quot;Object Repository/04 - Revision carrito/Page_Revision carrito/span_CodProd_Carrito\&amp;quot;))</message>
  <nestedLevel>2</nestedLevel>
  <property name="startLine">59</property>
  <property name="stepIndex">1</property>
</record>
<record>
  <date>2022-08-17T19:30:42</date>
  <millis>1660775442189</millis>
  <sequence>380</sequence>
  <level>PASSED</level>
  <class>com.kms.katalon.core.logging.XmlKeywordLogger</class>
  <method>logMessage</method>
  <thread>1</thread>
  <message>Text of object &amp;apos;Object Repository/04 - Revision carrito/Page_Revision carrito/span_CodProd_Carrito&amp;apos; is: &amp;apos;C\u00F3digo: 15245311&amp;apos;</message>
  <nestedLevel>1</nestedLevel>
</record>
<record>
  <date>2022-08-17T19:30:42</date>
  <millis>1660775442190</millis>
  <sequence>381</sequence>
  <level>END</level>
  <class>com.kms.katalon.core.logging.XmlKeywordLogger</class>
  <method>endKeyword</method>
  <thread>1</thread>
  <message>End action : NumArticuloCarrito = getText(findTestObject(\&amp;quot;Object Repository/04 - Revision carrito/Page_Revision carrito/span_CodProd_Carrito\&amp;quot;))</message>
  <nestedLevel>2</nestedLevel>
</record>
<record>
  <date>2022-08-17T19:30:42</date>
  <millis>1660775442190</millis>
  <sequence>382</sequence>
  <level>START</level>
  <class>com.kms.katalon.core.logging.XmlKeywordLogger</class>
  <method>startKeyword</method>
  <thread>1</thread>
  <message>Start action : out.println(NumArticuloCarrito)</message>
  <nestedLevel>2</nestedLevel>
  <property name="startLine">60</property>
  <property name="stepIndex">2</property>
</record>
<record>
  <date>2022-08-17T19:30:42</date>
  <millis>1660775442190</millis>
  <sequence>383</sequence>
  <level>END</level>
  <class>com.kms.katalon.core.logging.XmlKeywordLogger</class>
  <method>endKeyword</method>
  <thread>1</thread>
  <message>End action : out.println(NumArticuloCarrito)</message>
  <nestedLevel>2</nestedLevel>
</record>
<record>
  <date>2022-08-17T19:30:42</date>
  <millis>1660775442191</millis>
  <sequence>384</sequence>
  <level>END</level>
  <class>com.kms.katalon.core.logging.XmlKeywordLogger</class>
  <method>endKeyword</method>
  <thread>1</thread>
  <message>End action : if (verifyElementPresent(findTestObject(\&amp;quot;Object Repository/04 - Revision carrito/Page_Revision carrito/span_CodProd_Carrito\&amp;quot;), 2, OPTIONAL))</message>
  <nestedLevel>1</nestedLevel>
</record>
<record>
  <date>2022-08-17T19:30:42</date>
  <millis>1660775442191</millis>
  <sequence>385</sequence>
  <level>PASSED</level>
  <class>com.kms.katalon.core.logging.XmlKeywordLogger</class>
  <method>logMessage</method>
  <thread>1</thread>
  <message>Test Cases/inicioSesion/04 - Revision carrito</message>
  <nestedLevel>1</nestedLevel>
</record>
<record>
  <date>2022-08-17T19:30:42</date>
  <millis>1660775442191</millis>
  <sequence>386</sequence>
  <level>END</level>
  <class>com.kms.katalon.core.logging.XmlKeywordLogger</class>
  <method>endTest</method>
  <thread>1</thread>
  <message>End Test Case : Test Cases/inicioSesion/04 - Revision carrito</message>
  <nestedLevel>0</nestedLevel>
</record>
<record>
  <date>2022-08-17T19:30:42</date>
  <millis>1660775442191</millis>
  <sequence>387</sequence>
  <level>START</level>
  <class>com.kms.katalon.core.logging.XmlKeywordLogger</class>
  <method>startKeyword</method>
  <thread>1</thread>
  <message>Start listener action : exportKatalonReports</message>
  <nestedLevel>0</nestedLevel>
</record>
<record>
  <date>2022-08-17T19:30:42</date>
  <millis>1660775442191</millis>
  <sequence>389</sequence>
  <level>INFO</level>
  <class>com.kms.katalon.core.logging.XmlKeywordLogger</class>
  <method>logMessage</method>
  <thread>1</thread>
  <message>This Katalon Studio version has been deprecated. Please upgrade Katalon Studio to the latest version.</message>
  <nestedLevel>0</nestedLevel>
</record>
<record>
  <date>2022-08-17T19:30:42</date>
  <millis>1660775442464</millis>
  <sequence>768</sequence>
  <level>INFO</level>
  <class>com.kms.katalon.core.logging.XmlKeywordLogger</class>
  <method>logMessage</method>
  <thread>1</thread>
  <message>Start generating HTML report folder at: D:\\ProyectosAUT\\Katalon\\FalabellaAUT\\FalabellaAUT\\Reports\\20220817_193006\\Suite FalabellaAUT\\20220817_193006...</message>
  <nestedLevel>0</nestedLevel>
</record>
<record>
  <date>2022-08-17T19:30:42</date>
  <millis>1660775442494</millis>
  <sequence>769</sequence>
  <level>INFO</level>
  <class>com.kms.katalon.core.logging.XmlKeywordLogger</class>
  <method>logMessage</method>
  <thread>1</thread>
  <message>HTML report generated</message>
  <nestedLevel>0</nestedLevel>
</record>
<record>
  <date>2022-08-17T19:30:42</date>
  <millis>1660775442495</millis>
  <sequence>770</sequence>
  <level>INFO</level>
  <class>com.kms.katalon.core.logging.XmlKeywordLogger</class>
  <method>logMessage</method>
  <thread>1</thread>
  <message>Start generating CSV report folder at: D:\\ProyectosAUT\\Katalon\\FalabellaAUT\\FalabellaAUT\\Reports\\20220817_193006\\Suite FalabellaAUT\\20220817_193006...</message>
  <nestedLevel>0</nestedLevel>
</record>
<record>
  <date>2022-08-17T19:30:42</date>
  <millis>1660775442537</millis>
  <sequence>771</sequence>
  <level>INFO</level>
  <class>com.kms.katalon.core.logging.XmlKeywordLogger</class>
  <method>logMessage</method>
  <thread>1</thread>
  <message>CSV report generated</message>
  <nestedLevel>0</nestedLevel>
</record>
<record>
  <date>2022-08-17T19:30:42</date>
  <millis>1660775442537</millis>
  <sequence>772</sequence>
  <level>INFO</level>
  <class>com.kms.katalon.core.logging.XmlKeywordLogger</class>
  <method>logMessage</method>
  <thread>1</thread>
  <message>Start generating JUnit report folder at: D:\\ProyectosAUT\\Katalon\\FalabellaAUT\\FalabellaAUT\\Reports\\20220817_193006\\Suite FalabellaAUT\\20220817_193006...</message>
  <nestedLevel>0</nestedLevel>
</record>
<record>
  <date>2022-08-17T19:30:42</date>
  <millis>1660775442767</millis>
  <sequence>773</sequence>
  <level>INFO</level>
  <class>com.kms.katalon.core.logging.XmlKeywordLogger</class>
  <method>logMessage</method>
  <thread>1</thread>
  <message>JUnit report generated</message>
  <nestedLevel>0</nestedLevel>
</record>
<record>
  <date>2022-08-17T19:30:42</date>
  <millis>1660775442768</millis>
  <sequence>775</sequence>
  <level>END</level>
  <class>com.kms.katalon.core.logging.XmlKeywordLogger</class>
  <method>endKeyword</method>
  <thread>1</thread>
  <message>End listener action : exportKatalonReports</message>
  <nestedLevel>0</nestedLevel>
</record>
<record>
  <date>2022-08-17T19:30:43</date>
  <millis>1660775443668</millis>
  <sequence>776</sequence>
  <level>END</level>
  <class>com.kms.katalon.core.logging.XmlKeywordLogger</class>
  <method>endSuite</method>
  <thread>1</thread>
  <message>End Test Suite : Test Suites/Suite FalabellaAUT</message>
  <nestedLevel>0</nestedLevel>
</record>
</log>