<?xml version="1.0" encoding="UTF-8" standalone="no"?>
<!DOCTYPE log SYSTEM "logger.dtd">
<log>
<record>
  <date>2022-08-17T19:05:09</date>
  <millis>1660773909372</millis>
  <sequence>0</sequence>
  <level>START</level>
  <class>com.kms.katalon.core.logging.XmlKeywordLogger</class>
  <method>startSuite</method>
  <thread>1</thread>
  <message>Start Test Suite : Test Suites/Suite FalabellaAUT</message>
  <nestedLevel>0</nestedLevel>
  <property name="name">Suite FalabellaAUT</property>
  <property name="description"></property>
  <property name="id">Test Suites/Suite FalabellaAUT</property>
</record>
<record>
  <date>2022-08-17T19:05:09</date>
  <millis>1660773909387</millis>
  <sequence>1</sequence>
  <level>RUN_DATA</level>
  <class>com.kms.katalon.core.logging.XmlKeywordLogger</class>
  <method>logMessage</method>
  <thread>1</thread>
  <message>hostName = FOX_PREDATOR - 192.168.1.184</message>
  <nestedLevel>0</nestedLevel>
  <property name="hostName">FOX_PREDATOR - 192.168.1.184</property>
</record>
<record>
  <date>2022-08-17T19:05:09</date>
  <millis>1660773909390</millis>
  <sequence>2</sequence>
  <level>RUN_DATA</level>
  <class>com.kms.katalon.core.logging.XmlKeywordLogger</class>
  <method>logMessage</method>
  <thread>1</thread>
  <message>os = Windows 10 64bit</message>
  <nestedLevel>0</nestedLevel>
  <property name="os">Windows 10 64bit</property>
</record>
<record>
  <date>2022-08-17T19:05:09</date>
  <millis>1660773909390</millis>
  <sequence>3</sequence>
  <level>RUN_DATA</level>
  <class>com.kms.katalon.core.logging.XmlKeywordLogger</class>
  <method>logMessage</method>
  <thread>1</thread>
  <message>hostAddress = 192.168.1.184</message>
  <nestedLevel>0</nestedLevel>
  <property name="hostAddress">192.168.1.184</property>
</record>
<record>
  <date>2022-08-17T19:05:09</date>
  <millis>1660773909391</millis>
  <sequence>4</sequence>
  <level>RUN_DATA</level>
  <class>com.kms.katalon.core.logging.XmlKeywordLogger</class>
  <method>logMessage</method>
  <thread>1</thread>
  <message>katalonVersion = 7.5.5.1</message>
  <nestedLevel>0</nestedLevel>
  <property name="katalonVersion">7.5.5.1</property>
</record>
<record>
  <date>2022-08-17T19:05:09</date>
  <millis>1660773909397</millis>
  <sequence>5</sequence>
  <level>START</level>
  <class>com.kms.katalon.core.logging.XmlKeywordLogger</class>
  <method>startKeyword</method>
  <thread>1</thread>
  <message>Start listener action : beforeExportKatalonReports</message>
  <nestedLevel>0</nestedLevel>
</record>
<record>
  <date>2022-08-17T19:05:09</date>
  <millis>1660773909405</millis>
  <sequence>7</sequence>
  <level>INFO</level>
  <class>com.kms.katalon.core.logging.XmlKeywordLogger</class>
  <method>logMessage</method>
  <thread>1</thread>
  <message>This Katalon Studio version has been deprecated. Please upgrade Katalon Studio to the latest version.</message>
  <nestedLevel>0</nestedLevel>
</record>
<record>
  <date>2022-08-17T19:05:09</date>
  <millis>1660773909405</millis>
  <sequence>9</sequence>
  <level>END</level>
  <class>com.kms.katalon.core.logging.XmlKeywordLogger</class>
  <method>endKeyword</method>
  <thread>1</thread>
  <message>End listener action : beforeExportKatalonReports</message>
  <nestedLevel>0</nestedLevel>
</record>
<record>
  <date>2022-08-17T19:05:09</date>
  <millis>1660773909623</millis>
  <sequence>10</sequence>
  <level>START</level>
  <class>com.kms.katalon.core.logging.XmlKeywordLogger</class>
  <method>startTest</method>
  <thread>1</thread>
  <message>Start Test Case : Test Cases/inicioSesion/01 - aperturaPagina</message>
  <nestedLevel>1</nestedLevel>
  <property name="name">Test Cases/inicioSesion/01 - aperturaPagina</property>
  <property name="description"></property>
  <property name="id">Test Cases/inicioSesion/01 - aperturaPagina</property>
  <property name="source">D:\\ProyectosAUT\\Katalon\\FalabellaAUT\\FalabellaAUT\\Test Cases\\inicioSesion\\01 - aperturaPagina.tc</property>
  <property name="tag"></property>
  <property name="isOptional">false</property>
</record>
<record>
  <date>2022-08-17T19:05:10</date>
  <millis>1660773910026</millis>
  <sequence>12</sequence>
  <level>START</level>
  <class>com.kms.katalon.core.logging.XmlKeywordLogger</class>
  <method>startKeyword</method>
  <thread>1</thread>
  <message>Start action : Fecha = new java.util.Date()</message>
  <nestedLevel>1</nestedLevel>
  <property name="startLine">22</property>
  <property name="stepIndex">1</property>
</record>
<record>
  <date>2022-08-17T19:05:10</date>
  <millis>1660773910032</millis>
  <sequence>13</sequence>
  <level>END</level>
  <class>com.kms.katalon.core.logging.XmlKeywordLogger</class>
  <method>endKeyword</method>
  <thread>1</thread>
  <message>End action : Fecha = new java.util.Date()</message>
  <nestedLevel>1</nestedLevel>
</record>
<record>
  <date>2022-08-17T19:05:10</date>
  <millis>1660773910032</millis>
  <sequence>14</sequence>
  <level>START</level>
  <class>com.kms.katalon.core.logging.XmlKeywordLogger</class>
  <method>startKeyword</method>
  <thread>1</thread>
  <message>Start action : Dia = Fecha.format(\&amp;quot;dd_MM_yy\&amp;quot;)</message>
  <nestedLevel>1</nestedLevel>
  <property name="startLine">24</property>
  <property name="stepIndex">2</property>
</record>
<record>
  <date>2022-08-17T19:05:10</date>
  <millis>1660773910035</millis>
  <sequence>15</sequence>
  <level>END</level>
  <class>com.kms.katalon.core.logging.XmlKeywordLogger</class>
  <method>endKeyword</method>
  <thread>1</thread>
  <message>End action : Dia = Fecha.format(\&amp;quot;dd_MM_yy\&amp;quot;)</message>
  <nestedLevel>1</nestedLevel>
</record>
<record>
  <date>2022-08-17T19:05:10</date>
  <millis>1660773910035</millis>
  <sequence>16</sequence>
  <level>START</level>
  <class>com.kms.katalon.core.logging.XmlKeywordLogger</class>
  <method>startKeyword</method>
  <thread>1</thread>
  <message>Start action : Hora = Fecha.format(\&amp;quot;hh_mm_ss\&amp;quot;)</message>
  <nestedLevel>1</nestedLevel>
  <property name="startLine">26</property>
  <property name="stepIndex">3</property>
</record>
<record>
  <date>2022-08-17T19:05:10</date>
  <millis>1660773910036</millis>
  <sequence>17</sequence>
  <level>END</level>
  <class>com.kms.katalon.core.logging.XmlKeywordLogger</class>
  <method>endKeyword</method>
  <thread>1</thread>
  <message>End action : Hora = Fecha.format(\&amp;quot;hh_mm_ss\&amp;quot;)</message>
  <nestedLevel>1</nestedLevel>
</record>
<record>
  <date>2022-08-17T19:05:10</date>
  <millis>1660773910036</millis>
  <sequence>18</sequence>
  <level>START</level>
  <class>com.kms.katalon.core.logging.XmlKeywordLogger</class>
  <method>startKeyword</method>
  <thread>1</thread>
  <message>Start action : robot = new java.awt.Robot()</message>
  <nestedLevel>1</nestedLevel>
  <property name="startLine">28</property>
  <property name="stepIndex">4</property>
</record>
<record>
  <date>2022-08-17T19:05:10</date>
  <millis>1660773910286</millis>
  <sequence>19</sequence>
  <level>END</level>
  <class>com.kms.katalon.core.logging.XmlKeywordLogger</class>
  <method>endKeyword</method>
  <thread>1</thread>
  <message>End action : robot = new java.awt.Robot()</message>
  <nestedLevel>1</nestedLevel>
</record>
<record>
  <date>2022-08-17T19:05:10</date>
  <millis>1660773910287</millis>
  <sequence>20</sequence>
  <level>START</level>
  <class>com.kms.katalon.core.logging.XmlKeywordLogger</class>
  <method>startKeyword</method>
  <thread>1</thread>
  <message>Start action : openBrowser(\&amp;quot;\&amp;quot;)</message>
  <nestedLevel>1</nestedLevel>
  <property name="startLine">30</property>
  <property name="stepIndex">5</property>
</record>
<record>
  <date>2022-08-17T19:05:10</date>
  <millis>1660773910505</millis>
  <sequence>22</sequence>
  <level>INFO</level>
  <class>com.kms.katalon.core.logging.XmlKeywordLogger</class>
  <method>logMessage</method>
  <thread>1</thread>
  <message>Starting &amp;apos;Chrome&amp;apos; driver</message>
  <nestedLevel>1</nestedLevel>
</record>
<record>
  <date>2022-08-17T19:05:10</date>
  <millis>1660773910535</millis>
  <sequence>24</sequence>
  <level>INFO</level>
  <class>com.kms.katalon.core.logging.XmlKeywordLogger</class>
  <method>logMessage</method>
  <thread>1</thread>
  <message>Action delay is set to 0 milliseconds</message>
  <nestedLevel>1</nestedLevel>
</record>
<record>
  <date>2022-08-17T19:05:12</date>
  <millis>1660773912832</millis>
  <sequence>26</sequence>
  <level>RUN_DATA</level>
  <class>com.kms.katalon.core.logging.XmlKeywordLogger</class>
  <method>logMessage</method>
  <thread>1</thread>
  <message>sessionId = 64708b0ccd8cad967bfe981a1e8884c0</message>
  <nestedLevel>1</nestedLevel>
  <property name="sessionId">64708b0ccd8cad967bfe981a1e8884c0</property>
</record>
<record>
  <date>2022-08-17T19:05:12</date>
  <millis>1660773912854</millis>
  <sequence>27</sequence>
  <level>RUN_DATA</level>
  <class>com.kms.katalon.core.logging.XmlKeywordLogger</class>
  <method>logMessage</method>
  <thread>1</thread>
  <message>browser = Chrome 104.0.5112.81</message>
  <nestedLevel>1</nestedLevel>
  <property name="browser">Chrome 104.0.5112.81</property>
</record>
<record>
  <date>2022-08-17T19:05:12</date>
  <millis>1660773912854</millis>
  <sequence>28</sequence>
  <level>RUN_DATA</level>
  <class>com.kms.katalon.core.logging.XmlKeywordLogger</class>
  <method>logMessage</method>
  <thread>1</thread>
  <message>platform = Windows 10</message>
  <nestedLevel>1</nestedLevel>
  <property name="platform">Windows 10</property>
</record>
<record>
  <date>2022-08-17T19:05:12</date>
  <millis>1660773912855</millis>
  <sequence>29</sequence>
  <level>RUN_DATA</level>
  <class>com.kms.katalon.core.logging.XmlKeywordLogger</class>
  <method>logMessage</method>
  <thread>1</thread>
  <message>seleniumVersion = 3.141.59</message>
  <nestedLevel>1</nestedLevel>
  <property name="seleniumVersion">3.141.59</property>
</record>
<record>
  <date>2022-08-17T19:05:12</date>
  <millis>1660773912855</millis>
  <sequence>30</sequence>
  <level>RUN_DATA</level>
  <class>com.kms.katalon.core.logging.XmlKeywordLogger</class>
  <method>logMessage</method>
  <thread>1</thread>
  <message>proxyInformation = ProxyInformation { proxyOption=NO_PROXY, proxyServerType=HTTP, username=, password=********, proxyServerAddress=, proxyServerPort=0, executionList=\&amp;quot;\&amp;quot;, isApplyToDesiredCapabilities=true }</message>
  <nestedLevel>1</nestedLevel>
  <property name="proxyInformation">ProxyInformation { proxyOption=NO_PROXY, proxyServerType=HTTP, username=, password=********, proxyServerAddress=, proxyServerPort=0, executionList=\&quot;\&quot;, isApplyToDesiredCapabilities=true }</property>
</record>
<record>
  <date>2022-08-17T19:05:12</date>
  <millis>1660773912880</millis>
  <sequence>31</sequence>
  <level>PASSED</level>
  <class>com.kms.katalon.core.logging.XmlKeywordLogger</class>
  <method>logMessage</method>
  <thread>1</thread>
  <message>Browser is opened with url: &amp;apos;&amp;apos;</message>
  <nestedLevel>1</nestedLevel>
</record>
<record>
  <date>2022-08-17T19:05:12</date>
  <millis>1660773912881</millis>
  <sequence>32</sequence>
  <level>END</level>
  <class>com.kms.katalon.core.logging.XmlKeywordLogger</class>
  <method>endKeyword</method>
  <thread>1</thread>
  <message>End action : openBrowser(\&amp;quot;\&amp;quot;)</message>
  <nestedLevel>1</nestedLevel>
</record>
<record>
  <date>2022-08-17T19:05:12</date>
  <millis>1660773912882</millis>
  <sequence>33</sequence>
  <level>START</level>
  <class>com.kms.katalon.core.logging.XmlKeywordLogger</class>
  <method>startKeyword</method>
  <thread>1</thread>
  <message>Start action : navigateToUrl(\&amp;quot;https://www.falabella.com/falabella-cl\&amp;quot;)</message>
  <nestedLevel>1</nestedLevel>
  <property name="startLine">32</property>
  <property name="stepIndex">6</property>
</record>
<record>
  <date>2022-08-17T19:05:18</date>
  <millis>1660773918203</millis>
  <sequence>36</sequence>
  <level>PASSED</level>
  <class>com.kms.katalon.core.logging.XmlKeywordLogger</class>
  <method>logMessage</method>
  <thread>1</thread>
  <message>Navigate to &amp;apos;https://www.falabella.com/falabella-cl&amp;apos; successfully</message>
  <nestedLevel>1</nestedLevel>
</record>
<record>
  <date>2022-08-17T19:05:18</date>
  <millis>1660773918204</millis>
  <sequence>37</sequence>
  <level>END</level>
  <class>com.kms.katalon.core.logging.XmlKeywordLogger</class>
  <method>endKeyword</method>
  <thread>1</thread>
  <message>End action : navigateToUrl(\&amp;quot;https://www.falabella.com/falabella-cl\&amp;quot;)</message>
  <nestedLevel>1</nestedLevel>
</record>
<record>
  <date>2022-08-17T19:05:18</date>
  <millis>1660773918204</millis>
  <sequence>38</sequence>
  <level>START</level>
  <class>com.kms.katalon.core.logging.XmlKeywordLogger</class>
  <method>startKeyword</method>
  <thread>1</thread>
  <message>Start action : maximizeWindow()</message>
  <nestedLevel>1</nestedLevel>
  <property name="startLine">34</property>
  <property name="stepIndex">7</property>
</record>
<record>
  <date>2022-08-17T19:05:18</date>
  <millis>1660773918562</millis>
  <sequence>40</sequence>
  <level>PASSED</level>
  <class>com.kms.katalon.core.logging.XmlKeywordLogger</class>
  <method>logMessage</method>
  <thread>1</thread>
  <message>Current window maximized</message>
  <nestedLevel>1</nestedLevel>
</record>
<record>
  <date>2022-08-17T19:05:18</date>
  <millis>1660773918563</millis>
  <sequence>41</sequence>
  <level>END</level>
  <class>com.kms.katalon.core.logging.XmlKeywordLogger</class>
  <method>endKeyword</method>
  <thread>1</thread>
  <message>End action : maximizeWindow()</message>
  <nestedLevel>1</nestedLevel>
</record>
<record>
  <date>2022-08-17T19:05:18</date>
  <millis>1660773918563</millis>
  <sequence>42</sequence>
  <level>START</level>
  <class>com.kms.katalon.core.logging.XmlKeywordLogger</class>
  <method>startKeyword</method>
  <thread>1</thread>
  <message>Start action : if (verifyElementPresent(findTestObject(\&amp;quot;01 - Login/Page_falabellacom  Todo lo que necesitas en_591ae0/div_Logo_Falabella\&amp;quot;), 2, OPTIONAL))</message>
  <nestedLevel>1</nestedLevel>
  <property name="startLine">36</property>
  <property name="stepIndex">8</property>
</record>
<record>
  <date>2022-08-17T19:05:18</date>
  <millis>1660773918761</millis>
  <sequence>49</sequence>
  <level>PASSED</level>
  <class>com.kms.katalon.core.logging.XmlKeywordLogger</class>
  <method>logMessage</method>
  <thread>1</thread>
  <message>Object &amp;apos;Object Repository/01 - Login/Page_falabellacom  Todo lo que necesitas en_591ae0/div_Logo_Falabella&amp;apos; is present</message>
  <nestedLevel>1</nestedLevel>
</record>
<record>
  <date>2022-08-17T19:05:18</date>
  <millis>1660773918762</millis>
  <sequence>50</sequence>
  <level>START</level>
  <class>com.kms.katalon.core.logging.XmlKeywordLogger</class>
  <method>startKeyword</method>
  <thread>1</thread>
  <message>Start action : out.println(\&amp;quot;-&amp;gt; Apertura pagina Falabella OK\&amp;quot;)</message>
  <nestedLevel>2</nestedLevel>
  <property name="startLine">38</property>
  <property name="stepIndex">1</property>
</record>
<record>
  <date>2022-08-17T19:05:18</date>
  <millis>1660773918778</millis>
  <sequence>51</sequence>
  <level>END</level>
  <class>com.kms.katalon.core.logging.XmlKeywordLogger</class>
  <method>endKeyword</method>
  <thread>1</thread>
  <message>End action : out.println(\&amp;quot;-&amp;gt; Apertura pagina Falabella OK\&amp;quot;)</message>
  <nestedLevel>2</nestedLevel>
</record>
<record>
  <date>2022-08-17T19:05:18</date>
  <millis>1660773918778</millis>
  <sequence>52</sequence>
  <level>END</level>
  <class>com.kms.katalon.core.logging.XmlKeywordLogger</class>
  <method>endKeyword</method>
  <thread>1</thread>
  <message>End action : if (verifyElementPresent(findTestObject(\&amp;quot;01 - Login/Page_falabellacom  Todo lo que necesitas en_591ae0/div_Logo_Falabella\&amp;quot;), 2, OPTIONAL))</message>
  <nestedLevel>1</nestedLevel>
</record>
<record>
  <date>2022-08-17T19:05:18</date>
  <millis>1660773918779</millis>
  <sequence>53</sequence>
  <level>PASSED</level>
  <class>com.kms.katalon.core.logging.XmlKeywordLogger</class>
  <method>logMessage</method>
  <thread>1</thread>
  <message>Test Cases/inicioSesion/01 - aperturaPagina</message>
  <nestedLevel>1</nestedLevel>
</record>
<record>
  <date>2022-08-17T19:05:18</date>
  <millis>1660773918780</millis>
  <sequence>54</sequence>
  <level>END</level>
  <class>com.kms.katalon.core.logging.XmlKeywordLogger</class>
  <method>endTest</method>
  <thread>1</thread>
  <message>End Test Case : Test Cases/inicioSesion/01 - aperturaPagina</message>
  <nestedLevel>0</nestedLevel>
</record>
<record>
  <date>2022-08-17T19:05:18</date>
  <millis>1660773918790</millis>
  <sequence>55</sequence>
  <level>START</level>
  <class>com.kms.katalon.core.logging.XmlKeywordLogger</class>
  <method>startTest</method>
  <thread>1</thread>
  <message>Start Test Case : Test Cases/inicioSesion/02 - PopUp articulo carrito</message>
  <nestedLevel>1</nestedLevel>
  <property name="name">Test Cases/inicioSesion/02 - PopUp articulo carrito</property>
  <property name="description"></property>
  <property name="id">Test Cases/inicioSesion/02 - PopUp articulo carrito</property>
  <property name="source">D:\\ProyectosAUT\\Katalon\\FalabellaAUT\\FalabellaAUT\\Test Cases\\inicioSesion\\02 - PopUp articulo carrito.tc</property>
  <property name="tag"></property>
  <property name="isOptional">false</property>
</record>
<record>
  <date>2022-08-17T19:05:19</date>
  <millis>1660773919145</millis>
  <sequence>57</sequence>
  <level>START</level>
  <class>com.kms.katalon.core.logging.XmlKeywordLogger</class>
  <method>startKeyword</method>
  <thread>1</thread>
  <message>Start action : Fecha = new java.util.Date()</message>
  <nestedLevel>1</nestedLevel>
  <property name="startLine">24</property>
  <property name="stepIndex">1</property>
</record>
<record>
  <date>2022-08-17T19:05:19</date>
  <millis>1660773919146</millis>
  <sequence>58</sequence>
  <level>END</level>
  <class>com.kms.katalon.core.logging.XmlKeywordLogger</class>
  <method>endKeyword</method>
  <thread>1</thread>
  <message>End action : Fecha = new java.util.Date()</message>
  <nestedLevel>1</nestedLevel>
</record>
<record>
  <date>2022-08-17T19:05:19</date>
  <millis>1660773919146</millis>
  <sequence>59</sequence>
  <level>START</level>
  <class>com.kms.katalon.core.logging.XmlKeywordLogger</class>
  <method>startKeyword</method>
  <thread>1</thread>
  <message>Start action : Dia = Fecha.format(\&amp;quot;dd_MM_yy\&amp;quot;)</message>
  <nestedLevel>1</nestedLevel>
  <property name="startLine">25</property>
  <property name="stepIndex">2</property>
</record>
<record>
  <date>2022-08-17T19:05:19</date>
  <millis>1660773919147</millis>
  <sequence>60</sequence>
  <level>END</level>
  <class>com.kms.katalon.core.logging.XmlKeywordLogger</class>
  <method>endKeyword</method>
  <thread>1</thread>
  <message>End action : Dia = Fecha.format(\&amp;quot;dd_MM_yy\&amp;quot;)</message>
  <nestedLevel>1</nestedLevel>
</record>
<record>
  <date>2022-08-17T19:05:19</date>
  <millis>1660773919147</millis>
  <sequence>61</sequence>
  <level>START</level>
  <class>com.kms.katalon.core.logging.XmlKeywordLogger</class>
  <method>startKeyword</method>
  <thread>1</thread>
  <message>Start action : Hora = Fecha.format(\&amp;quot;hh_mm_ss\&amp;quot;)</message>
  <nestedLevel>1</nestedLevel>
  <property name="startLine">26</property>
  <property name="stepIndex">3</property>
</record>
<record>
  <date>2022-08-17T19:05:19</date>
  <millis>1660773919148</millis>
  <sequence>62</sequence>
  <level>END</level>
  <class>com.kms.katalon.core.logging.XmlKeywordLogger</class>
  <method>endKeyword</method>
  <thread>1</thread>
  <message>End action : Hora = Fecha.format(\&amp;quot;hh_mm_ss\&amp;quot;)</message>
  <nestedLevel>1</nestedLevel>
</record>
<record>
  <date>2022-08-17T19:05:19</date>
  <millis>1660773919148</millis>
  <sequence>63</sequence>
  <level>START</level>
  <class>com.kms.katalon.core.logging.XmlKeywordLogger</class>
  <method>startKeyword</method>
  <thread>1</thread>
  <message>Start action : robot = new java.awt.Robot()</message>
  <nestedLevel>1</nestedLevel>
  <property name="startLine">27</property>
  <property name="stepIndex">4</property>
</record>
<record>
  <date>2022-08-17T19:05:19</date>
  <millis>1660773919149</millis>
  <sequence>64</sequence>
  <level>END</level>
  <class>com.kms.katalon.core.logging.XmlKeywordLogger</class>
  <method>endKeyword</method>
  <thread>1</thread>
  <message>End action : robot = new java.awt.Robot()</message>
  <nestedLevel>1</nestedLevel>
</record>
<record>
  <date>2022-08-17T19:05:19</date>
  <millis>1660773919149</millis>
  <sequence>65</sequence>
  <level>START</level>
  <class>com.kms.katalon.core.logging.XmlKeywordLogger</class>
  <method>startKeyword</method>
  <thread>1</thread>
  <message>Start action : textoItemCompra = &amp;lt;not implemented yet for class: org.codehaus.groovy.ast.expr.EmptyExpression&amp;gt;</message>
  <nestedLevel>1</nestedLevel>
  <property name="startLine">30</property>
  <property name="stepIndex">5</property>
</record>
<record>
  <date>2022-08-17T19:05:19</date>
  <millis>1660773919150</millis>
  <sequence>66</sequence>
  <level>END</level>
  <class>com.kms.katalon.core.logging.XmlKeywordLogger</class>
  <method>endKeyword</method>
  <thread>1</thread>
  <message>End action : textoItemCompra = &amp;lt;not implemented yet for class: org.codehaus.groovy.ast.expr.EmptyExpression&amp;gt;</message>
  <nestedLevel>1</nestedLevel>
</record>
<record>
  <date>2022-08-17T19:05:19</date>
  <millis>1660773919150</millis>
  <sequence>67</sequence>
  <level>START</level>
  <class>com.kms.katalon.core.logging.XmlKeywordLogger</class>
  <method>startKeyword</method>
  <thread>1</thread>
  <message>Start action : textoPreCarro = &amp;lt;not implemented yet for class: org.codehaus.groovy.ast.expr.EmptyExpression&amp;gt;</message>
  <nestedLevel>1</nestedLevel>
  <property name="startLine">31</property>
  <property name="stepIndex">6</property>
</record>
<record>
  <date>2022-08-17T19:05:19</date>
  <millis>1660773919152</millis>
  <sequence>68</sequence>
  <level>END</level>
  <class>com.kms.katalon.core.logging.XmlKeywordLogger</class>
  <method>endKeyword</method>
  <thread>1</thread>
  <message>End action : textoPreCarro = &amp;lt;not implemented yet for class: org.codehaus.groovy.ast.expr.EmptyExpression&amp;gt;</message>
  <nestedLevel>1</nestedLevel>
</record>
<record>
  <date>2022-08-17T19:05:19</date>
  <millis>1660773919152</millis>
  <sequence>69</sequence>
  <level>START</level>
  <class>com.kms.katalon.core.logging.XmlKeywordLogger</class>
  <method>startKeyword</method>
  <thread>1</thread>
  <message>Start action : if (verifyElementPresent(findTestObject(\&amp;quot;Object Repository/02 - PopUp articulo carrito/Page_Falabella_EnvioGratis/div__dy-lb-close\&amp;quot;), 2, OPTIONAL))</message>
  <nestedLevel>1</nestedLevel>
  <property name="startLine">34</property>
  <property name="stepIndex">7</property>
</record>
<record>
  <date>2022-08-17T19:05:19</date>
  <millis>1660773919227</millis>
  <sequence>76</sequence>
  <level>PASSED</level>
  <class>com.kms.katalon.core.logging.XmlKeywordLogger</class>
  <method>logMessage</method>
  <thread>1</thread>
  <message>Object &amp;apos;Object Repository/02 - PopUp articulo carrito/Page_Falabella_EnvioGratis/div__dy-lb-close&amp;apos; is present</message>
  <nestedLevel>1</nestedLevel>
</record>
<record>
  <date>2022-08-17T19:05:19</date>
  <millis>1660773919227</millis>
  <sequence>77</sequence>
  <level>START</level>
  <class>com.kms.katalon.core.logging.XmlKeywordLogger</class>
  <method>startKeyword</method>
  <thread>1</thread>
  <message>Start action : click(findTestObject(\&amp;quot;Object Repository/02 - PopUp articulo carrito/Page_Falabella_EnvioGratis/div__dy-lb-close\&amp;quot;))</message>
  <nestedLevel>2</nestedLevel>
  <property name="startLine">36</property>
  <property name="stepIndex">1</property>
</record>
<record>
  <date>2022-08-17T19:05:19</date>
  <millis>1660773919365</millis>
  <sequence>85</sequence>
  <level>PASSED</level>
  <class>com.kms.katalon.core.logging.XmlKeywordLogger</class>
  <method>logMessage</method>
  <thread>1</thread>
  <message>Object: &amp;apos;Object Repository/02 - PopUp articulo carrito/Page_Falabella_EnvioGratis/div__dy-lb-close&amp;apos; is clicked on</message>
  <nestedLevel>1</nestedLevel>
</record>
<record>
  <date>2022-08-17T19:05:19</date>
  <millis>1660773919366</millis>
  <sequence>86</sequence>
  <level>END</level>
  <class>com.kms.katalon.core.logging.XmlKeywordLogger</class>
  <method>endKeyword</method>
  <thread>1</thread>
  <message>End action : click(findTestObject(\&amp;quot;Object Repository/02 - PopUp articulo carrito/Page_Falabella_EnvioGratis/div__dy-lb-close\&amp;quot;))</message>
  <nestedLevel>2</nestedLevel>
</record>
<record>
  <date>2022-08-17T19:05:19</date>
  <millis>1660773919366</millis>
  <sequence>87</sequence>
  <level>END</level>
  <class>com.kms.katalon.core.logging.XmlKeywordLogger</class>
  <method>endKeyword</method>
  <thread>1</thread>
  <message>End action : if (verifyElementPresent(findTestObject(\&amp;quot;Object Repository/02 - PopUp articulo carrito/Page_Falabella_EnvioGratis/div__dy-lb-close\&amp;quot;), 2, OPTIONAL))</message>
  <nestedLevel>1</nestedLevel>
</record>
<record>
  <date>2022-08-17T19:05:19</date>
  <millis>1660773919366</millis>
  <sequence>88</sequence>
  <level>START</level>
  <class>com.kms.katalon.core.logging.XmlKeywordLogger</class>
  <method>startKeyword</method>
  <thread>1</thread>
  <message>Start action : if (verifyElementPresent(findTestObject(\&amp;quot;Object Repository/02 - PopUp articulo carrito/Page_Falabella_EnvioGratis/button_Aceptar\&amp;quot;), 2, OPTIONAL))</message>
  <nestedLevel>1</nestedLevel>
  <property name="startLine">39</property>
  <property name="stepIndex">8</property>
</record>
<record>
  <date>2022-08-17T19:05:19</date>
  <millis>1660773919615</millis>
  <sequence>95</sequence>
  <level>PASSED</level>
  <class>com.kms.katalon.core.logging.XmlKeywordLogger</class>
  <method>logMessage</method>
  <thread>1</thread>
  <message>Object &amp;apos;Object Repository/02 - PopUp articulo carrito/Page_Falabella_EnvioGratis/button_Aceptar&amp;apos; is present</message>
  <nestedLevel>1</nestedLevel>
</record>
<record>
  <date>2022-08-17T19:05:19</date>
  <millis>1660773919616</millis>
  <sequence>96</sequence>
  <level>START</level>
  <class>com.kms.katalon.core.logging.XmlKeywordLogger</class>
  <method>startKeyword</method>
  <thread>1</thread>
  <message>Start action : click(findTestObject(\&amp;quot;Object Repository/02 - PopUp articulo carrito/Page_Falabella_EnvioGratis/button_Aceptar\&amp;quot;))</message>
  <nestedLevel>2</nestedLevel>
  <property name="startLine">41</property>
  <property name="stepIndex">1</property>
</record>
<record>
  <date>2022-08-17T19:05:19</date>
  <millis>1660773919888</millis>
  <sequence>104</sequence>
  <level>PASSED</level>
  <class>com.kms.katalon.core.logging.XmlKeywordLogger</class>
  <method>logMessage</method>
  <thread>1</thread>
  <message>Object: &amp;apos;Object Repository/02 - PopUp articulo carrito/Page_Falabella_EnvioGratis/button_Aceptar&amp;apos; is clicked on</message>
  <nestedLevel>1</nestedLevel>
</record>
<record>
  <date>2022-08-17T19:05:19</date>
  <millis>1660773919889</millis>
  <sequence>105</sequence>
  <level>END</level>
  <class>com.kms.katalon.core.logging.XmlKeywordLogger</class>
  <method>endKeyword</method>
  <thread>1</thread>
  <message>End action : click(findTestObject(\&amp;quot;Object Repository/02 - PopUp articulo carrito/Page_Falabella_EnvioGratis/button_Aceptar\&amp;quot;))</message>
  <nestedLevel>2</nestedLevel>
</record>
<record>
  <date>2022-08-17T19:05:19</date>
  <millis>1660773919890</millis>
  <sequence>106</sequence>
  <level>END</level>
  <class>com.kms.katalon.core.logging.XmlKeywordLogger</class>
  <method>endKeyword</method>
  <thread>1</thread>
  <message>End action : if (verifyElementPresent(findTestObject(\&amp;quot;Object Repository/02 - PopUp articulo carrito/Page_Falabella_EnvioGratis/button_Aceptar\&amp;quot;), 2, OPTIONAL))</message>
  <nestedLevel>1</nestedLevel>
</record>
<record>
  <date>2022-08-17T19:05:19</date>
  <millis>1660773919890</millis>
  <sequence>107</sequence>
  <level>START</level>
  <class>com.kms.katalon.core.logging.XmlKeywordLogger</class>
  <method>startKeyword</method>
  <thread>1</thread>
  <message>Start action : if (verifyElementPresent(findTestObject(\&amp;quot;Object Repository/02 - PopUp articulo carrito/Page_Falabella_EnvioGratis/img_banner_Envio_Gratis\&amp;quot;), 2, OPTIONAL))</message>
  <nestedLevel>1</nestedLevel>
  <property name="startLine">45</property>
  <property name="stepIndex">9</property>
</record>
<record>
  <date>2022-08-17T19:05:19</date>
  <millis>1660773919968</millis>
  <sequence>114</sequence>
  <level>PASSED</level>
  <class>com.kms.katalon.core.logging.XmlKeywordLogger</class>
  <method>logMessage</method>
  <thread>1</thread>
  <message>Object &amp;apos;Object Repository/02 - PopUp articulo carrito/Page_Falabella_EnvioGratis/img_banner_Envio_Gratis&amp;apos; is present</message>
  <nestedLevel>1</nestedLevel>
</record>
<record>
  <date>2022-08-17T19:05:19</date>
  <millis>1660773919969</millis>
  <sequence>115</sequence>
  <level>START</level>
  <class>com.kms.katalon.core.logging.XmlKeywordLogger</class>
  <method>startKeyword</method>
  <thread>1</thread>
  <message>Start action : click(findTestObject(\&amp;quot;Object Repository/02 - PopUp articulo carrito/Page_Falabella_EnvioGratis/img_banner_Envio_Gratis\&amp;quot;))</message>
  <nestedLevel>2</nestedLevel>
  <property name="startLine">47</property>
  <property name="stepIndex">1</property>
</record>
<record>
  <date>2022-08-17T19:05:23</date>
  <millis>1660773923441</millis>
  <sequence>123</sequence>
  <level>PASSED</level>
  <class>com.kms.katalon.core.logging.XmlKeywordLogger</class>
  <method>logMessage</method>
  <thread>1</thread>
  <message>Object: &amp;apos;Object Repository/02 - PopUp articulo carrito/Page_Falabella_EnvioGratis/img_banner_Envio_Gratis&amp;apos; is clicked on</message>
  <nestedLevel>1</nestedLevel>
</record>
<record>
  <date>2022-08-17T19:05:23</date>
  <millis>1660773923442</millis>
  <sequence>124</sequence>
  <level>END</level>
  <class>com.kms.katalon.core.logging.XmlKeywordLogger</class>
  <method>endKeyword</method>
  <thread>1</thread>
  <message>End action : click(findTestObject(\&amp;quot;Object Repository/02 - PopUp articulo carrito/Page_Falabella_EnvioGratis/img_banner_Envio_Gratis\&amp;quot;))</message>
  <nestedLevel>2</nestedLevel>
</record>
<record>
  <date>2022-08-17T19:05:23</date>
  <millis>1660773923442</millis>
  <sequence>125</sequence>
  <level>END</level>
  <class>com.kms.katalon.core.logging.XmlKeywordLogger</class>
  <method>endKeyword</method>
  <thread>1</thread>
  <message>End action : if (verifyElementPresent(findTestObject(\&amp;quot;Object Repository/02 - PopUp articulo carrito/Page_Falabella_EnvioGratis/img_banner_Envio_Gratis\&amp;quot;), 2, OPTIONAL))</message>
  <nestedLevel>1</nestedLevel>
</record>
<record>
  <date>2022-08-17T19:05:23</date>
  <millis>1660773923442</millis>
  <sequence>126</sequence>
  <level>START</level>
  <class>com.kms.katalon.core.logging.XmlKeywordLogger</class>
  <method>startKeyword</method>
  <thread>1</thread>
  <message>Start action : if (verifyElementPresent(findTestObject(\&amp;quot;Object Repository/02 - PopUp articulo carrito/Page_Falabella_EnvioGratis/b_SubText_1er_subtitulo\&amp;quot;), 2, OPTIONAL))</message>
  <nestedLevel>1</nestedLevel>
  <property name="startLine">50</property>
  <property name="stepIndex">10</property>
</record>
<record>
  <date>2022-08-17T19:05:23</date>
  <millis>1660773923623</millis>
  <sequence>133</sequence>
  <level>PASSED</level>
  <class>com.kms.katalon.core.logging.XmlKeywordLogger</class>
  <method>logMessage</method>
  <thread>1</thread>
  <message>Object &amp;apos;Object Repository/02 - PopUp articulo carrito/Page_Falabella_EnvioGratis/b_SubText_1er_subtitulo&amp;apos; is present</message>
  <nestedLevel>1</nestedLevel>
</record>
<record>
  <date>2022-08-17T19:05:23</date>
  <millis>1660773923623</millis>
  <sequence>134</sequence>
  <level>START</level>
  <class>com.kms.katalon.core.logging.XmlKeywordLogger</class>
  <method>startKeyword</method>
  <thread>1</thread>
  <message>Start action : textoItemCompra = getText(findTestObject(\&amp;quot;Object Repository/02 - PopUp articulo carrito/Page_Falabella_EnvioGratis/b_SubText_1er_subtitulo\&amp;quot;))</message>
  <nestedLevel>2</nestedLevel>
  <property name="startLine">52</property>
  <property name="stepIndex">1</property>
</record>
<record>
  <date>2022-08-17T19:05:23</date>
  <millis>1660773923979</millis>
  <sequence>142</sequence>
  <level>PASSED</level>
  <class>com.kms.katalon.core.logging.XmlKeywordLogger</class>
  <method>logMessage</method>
  <thread>1</thread>
  <message>Text of object &amp;apos;Object Repository/02 - PopUp articulo carrito/Page_Falabella_EnvioGratis/b_SubText_1er_subtitulo&amp;apos; is: &amp;apos;GIORGIO ARMANI&amp;apos;</message>
  <nestedLevel>1</nestedLevel>
</record>
<record>
  <date>2022-08-17T19:05:23</date>
  <millis>1660773923980</millis>
  <sequence>143</sequence>
  <level>END</level>
  <class>com.kms.katalon.core.logging.XmlKeywordLogger</class>
  <method>endKeyword</method>
  <thread>1</thread>
  <message>End action : textoItemCompra = getText(findTestObject(\&amp;quot;Object Repository/02 - PopUp articulo carrito/Page_Falabella_EnvioGratis/b_SubText_1er_subtitulo\&amp;quot;))</message>
  <nestedLevel>2</nestedLevel>
</record>
<record>
  <date>2022-08-17T19:05:23</date>
  <millis>1660773923980</millis>
  <sequence>144</sequence>
  <level>START</level>
  <class>com.kms.katalon.core.logging.XmlKeywordLogger</class>
  <method>startKeyword</method>
  <thread>1</thread>
  <message>Start action : out.println(textoItemCompra)</message>
  <nestedLevel>2</nestedLevel>
  <property name="startLine">53</property>
  <property name="stepIndex">2</property>
</record>
<record>
  <date>2022-08-17T19:05:23</date>
  <millis>1660773923982</millis>
  <sequence>145</sequence>
  <level>END</level>
  <class>com.kms.katalon.core.logging.XmlKeywordLogger</class>
  <method>endKeyword</method>
  <thread>1</thread>
  <message>End action : out.println(textoItemCompra)</message>
  <nestedLevel>2</nestedLevel>
</record>
<record>
  <date>2022-08-17T19:05:23</date>
  <millis>1660773923982</millis>
  <sequence>146</sequence>
  <level>START</level>
  <class>com.kms.katalon.core.logging.XmlKeywordLogger</class>
  <method>startKeyword</method>
  <thread>1</thread>
  <message>Start action : click(findTestObject(\&amp;quot;Object Repository/02 - PopUp articulo carrito/Page_Falabella_EnvioGratis/b_SubText_1er_subtitulo\&amp;quot;))</message>
  <nestedLevel>2</nestedLevel>
  <property name="startLine">54</property>
  <property name="stepIndex">3</property>
</record>
<record>
  <date>2022-08-17T19:05:30</date>
  <millis>1660773930602</millis>
  <sequence>154</sequence>
  <level>PASSED</level>
  <class>com.kms.katalon.core.logging.XmlKeywordLogger</class>
  <method>logMessage</method>
  <thread>1</thread>
  <message>Object: &amp;apos;Object Repository/02 - PopUp articulo carrito/Page_Falabella_EnvioGratis/b_SubText_1er_subtitulo&amp;apos; is clicked on</message>
  <nestedLevel>1</nestedLevel>
</record>
<record>
  <date>2022-08-17T19:05:30</date>
  <millis>1660773930602</millis>
  <sequence>155</sequence>
  <level>END</level>
  <class>com.kms.katalon.core.logging.XmlKeywordLogger</class>
  <method>endKeyword</method>
  <thread>1</thread>
  <message>End action : click(findTestObject(\&amp;quot;Object Repository/02 - PopUp articulo carrito/Page_Falabella_EnvioGratis/b_SubText_1er_subtitulo\&amp;quot;))</message>
  <nestedLevel>2</nestedLevel>
</record>
<record>
  <date>2022-08-17T19:05:30</date>
  <millis>1660773930603</millis>
  <sequence>156</sequence>
  <level>END</level>
  <class>com.kms.katalon.core.logging.XmlKeywordLogger</class>
  <method>endKeyword</method>
  <thread>1</thread>
  <message>End action : if (verifyElementPresent(findTestObject(\&amp;quot;Object Repository/02 - PopUp articulo carrito/Page_Falabella_EnvioGratis/b_SubText_1er_subtitulo\&amp;quot;), 2, OPTIONAL))</message>
  <nestedLevel>1</nestedLevel>
</record>
<record>
  <date>2022-08-17T19:05:30</date>
  <millis>1660773930603</millis>
  <sequence>157</sequence>
  <level>START</level>
  <class>com.kms.katalon.core.logging.XmlKeywordLogger</class>
  <method>startKeyword</method>
  <thread>1</thread>
  <message>Start action : if (verifyElementPresent(findTestObject(\&amp;quot;Object Repository/02 - PopUp articulo carrito/Page_Falabella_EnvioGratis/a_GIORGIO ARMANI\&amp;quot;), 2, OPTIONAL))</message>
  <nestedLevel>1</nestedLevel>
  <property name="startLine">57</property>
  <property name="stepIndex">11</property>
</record>
<record>
  <date>2022-08-17T19:05:30</date>
  <millis>1660773930759</millis>
  <sequence>164</sequence>
  <level>PASSED</level>
  <class>com.kms.katalon.core.logging.XmlKeywordLogger</class>
  <method>logMessage</method>
  <thread>1</thread>
  <message>Object &amp;apos;Object Repository/02 - PopUp articulo carrito/Page_Falabella_EnvioGratis/a_GIORGIO ARMANI&amp;apos; is present</message>
  <nestedLevel>1</nestedLevel>
</record>
<record>
  <date>2022-08-17T19:05:30</date>
  <millis>1660773930759</millis>
  <sequence>165</sequence>
  <level>START</level>
  <class>com.kms.katalon.core.logging.XmlKeywordLogger</class>
  <method>startKeyword</method>
  <thread>1</thread>
  <message>Start action : textoPreCarro = getText(findTestObject(\&amp;quot;Object Repository/02 - PopUp articulo carrito/Page_Falabella_EnvioGratis/a_GIORGIO ARMANI\&amp;quot;))</message>
  <nestedLevel>2</nestedLevel>
  <property name="startLine">60</property>
  <property name="stepIndex">1</property>
</record>
<record>
  <date>2022-08-17T19:05:30</date>
  <millis>1660773930848</millis>
  <sequence>173</sequence>
  <level>PASSED</level>
  <class>com.kms.katalon.core.logging.XmlKeywordLogger</class>
  <method>logMessage</method>
  <thread>1</thread>
  <message>Text of object &amp;apos;Object Repository/02 - PopUp articulo carrito/Page_Falabella_EnvioGratis/a_GIORGIO ARMANI&amp;apos; is: &amp;apos;GIORGIO ARMANI&amp;apos;</message>
  <nestedLevel>1</nestedLevel>
</record>
<record>
  <date>2022-08-17T19:05:30</date>
  <millis>1660773930849</millis>
  <sequence>174</sequence>
  <level>END</level>
  <class>com.kms.katalon.core.logging.XmlKeywordLogger</class>
  <method>endKeyword</method>
  <thread>1</thread>
  <message>End action : textoPreCarro = getText(findTestObject(\&amp;quot;Object Repository/02 - PopUp articulo carrito/Page_Falabella_EnvioGratis/a_GIORGIO ARMANI\&amp;quot;))</message>
  <nestedLevel>2</nestedLevel>
</record>
<record>
  <date>2022-08-17T19:05:30</date>
  <millis>1660773930849</millis>
  <sequence>175</sequence>
  <level>START</level>
  <class>com.kms.katalon.core.logging.XmlKeywordLogger</class>
  <method>startKeyword</method>
  <thread>1</thread>
  <message>Start action : out.println(textoPreCarro)</message>
  <nestedLevel>2</nestedLevel>
  <property name="startLine">61</property>
  <property name="stepIndex">2</property>
</record>
<record>
  <date>2022-08-17T19:05:30</date>
  <millis>1660773930850</millis>
  <sequence>176</sequence>
  <level>END</level>
  <class>com.kms.katalon.core.logging.XmlKeywordLogger</class>
  <method>endKeyword</method>
  <thread>1</thread>
  <message>End action : out.println(textoPreCarro)</message>
  <nestedLevel>2</nestedLevel>
</record>
<record>
  <date>2022-08-17T19:05:30</date>
  <millis>1660773930850</millis>
  <sequence>177</sequence>
  <level>END</level>
  <class>com.kms.katalon.core.logging.XmlKeywordLogger</class>
  <method>endKeyword</method>
  <thread>1</thread>
  <message>End action : if (verifyElementPresent(findTestObject(\&amp;quot;Object Repository/02 - PopUp articulo carrito/Page_Falabella_EnvioGratis/a_GIORGIO ARMANI\&amp;quot;), 2, OPTIONAL))</message>
  <nestedLevel>1</nestedLevel>
</record>
<record>
  <date>2022-08-17T19:05:30</date>
  <millis>1660773930850</millis>
  <sequence>178</sequence>
  <level>START</level>
  <class>com.kms.katalon.core.logging.XmlKeywordLogger</class>
  <method>startKeyword</method>
  <thread>1</thread>
  <message>Start action : Assert.assertEquals(textoPreCarro, textoItemCompra)</message>
  <nestedLevel>1</nestedLevel>
  <property name="startLine">64</property>
  <property name="stepIndex">12</property>
</record>
<record>
  <date>2022-08-17T19:05:30</date>
  <millis>1660773930858</millis>
  <sequence>179</sequence>
  <level>END</level>
  <class>com.kms.katalon.core.logging.XmlKeywordLogger</class>
  <method>endKeyword</method>
  <thread>1</thread>
  <message>End action : Assert.assertEquals(textoPreCarro, textoItemCompra)</message>
  <nestedLevel>1</nestedLevel>
</record>
<record>
  <date>2022-08-17T19:05:30</date>
  <millis>1660773930858</millis>
  <sequence>180</sequence>
  <level>PASSED</level>
  <class>com.kms.katalon.core.logging.XmlKeywordLogger</class>
  <method>logMessage</method>
  <thread>1</thread>
  <message>Test Cases/inicioSesion/02 - PopUp articulo carrito</message>
  <nestedLevel>1</nestedLevel>
</record>
<record>
  <date>2022-08-17T19:05:30</date>
  <millis>1660773930858</millis>
  <sequence>181</sequence>
  <level>END</level>
  <class>com.kms.katalon.core.logging.XmlKeywordLogger</class>
  <method>endTest</method>
  <thread>1</thread>
  <message>End Test Case : Test Cases/inicioSesion/02 - PopUp articulo carrito</message>
  <nestedLevel>0</nestedLevel>
</record>
<record>
  <date>2022-08-17T19:05:30</date>
  <millis>1660773930864</millis>
  <sequence>182</sequence>
  <level>START</level>
  <class>com.kms.katalon.core.logging.XmlKeywordLogger</class>
  <method>startTest</method>
  <thread>1</thread>
  <message>Start Test Case : Test Cases/inicioSesion/03 - AgregarAlCarro</message>
  <nestedLevel>1</nestedLevel>
  <property name="name">Test Cases/inicioSesion/03 - AgregarAlCarro</property>
  <property name="description"></property>
  <property name="id">Test Cases/inicioSesion/03 - AgregarAlCarro</property>
  <property name="source">D:\\ProyectosAUT\\Katalon\\FalabellaAUT\\FalabellaAUT\\Test Cases\\inicioSesion\\03 - AgregarAlCarro.tc</property>
  <property name="tag"></property>
  <property name="isOptional">false</property>
</record>
<record>
  <date>2022-08-17T19:05:31</date>
  <millis>1660773931180</millis>
  <sequence>184</sequence>
  <level>START</level>
  <class>com.kms.katalon.core.logging.XmlKeywordLogger</class>
  <method>startKeyword</method>
  <thread>1</thread>
  <message>Start action : Fecha = new java.util.Date()</message>
  <nestedLevel>1</nestedLevel>
  <property name="startLine">24</property>
  <property name="stepIndex">1</property>
</record>
<record>
  <date>2022-08-17T19:05:31</date>
  <millis>1660773931181</millis>
  <sequence>185</sequence>
  <level>END</level>
  <class>com.kms.katalon.core.logging.XmlKeywordLogger</class>
  <method>endKeyword</method>
  <thread>1</thread>
  <message>End action : Fecha = new java.util.Date()</message>
  <nestedLevel>1</nestedLevel>
</record>
<record>
  <date>2022-08-17T19:05:31</date>
  <millis>1660773931181</millis>
  <sequence>186</sequence>
  <level>START</level>
  <class>com.kms.katalon.core.logging.XmlKeywordLogger</class>
  <method>startKeyword</method>
  <thread>1</thread>
  <message>Start action : Dia = Fecha.format(\&amp;quot;dd_MM_yy\&amp;quot;)</message>
  <nestedLevel>1</nestedLevel>
  <property name="startLine">25</property>
  <property name="stepIndex">2</property>
</record>
<record>
  <date>2022-08-17T19:05:31</date>
  <millis>1660773931183</millis>
  <sequence>187</sequence>
  <level>END</level>
  <class>com.kms.katalon.core.logging.XmlKeywordLogger</class>
  <method>endKeyword</method>
  <thread>1</thread>
  <message>End action : Dia = Fecha.format(\&amp;quot;dd_MM_yy\&amp;quot;)</message>
  <nestedLevel>1</nestedLevel>
</record>
<record>
  <date>2022-08-17T19:05:31</date>
  <millis>1660773931183</millis>
  <sequence>188</sequence>
  <level>START</level>
  <class>com.kms.katalon.core.logging.XmlKeywordLogger</class>
  <method>startKeyword</method>
  <thread>1</thread>
  <message>Start action : Hora = Fecha.format(\&amp;quot;hh_mm_ss\&amp;quot;)</message>
  <nestedLevel>1</nestedLevel>
  <property name="startLine">26</property>
  <property name="stepIndex">3</property>
</record>
<record>
  <date>2022-08-17T19:05:31</date>
  <millis>1660773931184</millis>
  <sequence>189</sequence>
  <level>END</level>
  <class>com.kms.katalon.core.logging.XmlKeywordLogger</class>
  <method>endKeyword</method>
  <thread>1</thread>
  <message>End action : Hora = Fecha.format(\&amp;quot;hh_mm_ss\&amp;quot;)</message>
  <nestedLevel>1</nestedLevel>
</record>
<record>
  <date>2022-08-17T19:05:31</date>
  <millis>1660773931185</millis>
  <sequence>190</sequence>
  <level>START</level>
  <class>com.kms.katalon.core.logging.XmlKeywordLogger</class>
  <method>startKeyword</method>
  <thread>1</thread>
  <message>Start action : robot = new java.awt.Robot()</message>
  <nestedLevel>1</nestedLevel>
  <property name="startLine">27</property>
  <property name="stepIndex">4</property>
</record>
<record>
  <date>2022-08-17T19:05:31</date>
  <millis>1660773931185</millis>
  <sequence>191</sequence>
  <level>END</level>
  <class>com.kms.katalon.core.logging.XmlKeywordLogger</class>
  <method>endKeyword</method>
  <thread>1</thread>
  <message>End action : robot = new java.awt.Robot()</message>
  <nestedLevel>1</nestedLevel>
</record>
<record>
  <date>2022-08-17T19:05:31</date>
  <millis>1660773931186</millis>
  <sequence>192</sequence>
  <level>START</level>
  <class>com.kms.katalon.core.logging.XmlKeywordLogger</class>
  <method>startKeyword</method>
  <thread>1</thread>
  <message>Start action : subPopupPreCarro = &amp;lt;not implemented yet for class: org.codehaus.groovy.ast.expr.EmptyExpression&amp;gt;</message>
  <nestedLevel>1</nestedLevel>
  <property name="startLine">30</property>
  <property name="stepIndex">5</property>
</record>
<record>
  <date>2022-08-17T19:05:31</date>
  <millis>1660773931186</millis>
  <sequence>193</sequence>
  <level>END</level>
  <class>com.kms.katalon.core.logging.XmlKeywordLogger</class>
  <method>endKeyword</method>
  <thread>1</thread>
  <message>End action : subPopupPreCarro = &amp;lt;not implemented yet for class: org.codehaus.groovy.ast.expr.EmptyExpression&amp;gt;</message>
  <nestedLevel>1</nestedLevel>
</record>
<record>
  <date>2022-08-17T19:05:31</date>
  <millis>1660773931187</millis>
  <sequence>194</sequence>
  <level>START</level>
  <class>com.kms.katalon.core.logging.XmlKeywordLogger</class>
  <method>startKeyword</method>
  <thread>1</thread>
  <message>Start action : textoPreCarro = &amp;lt;not implemented yet for class: org.codehaus.groovy.ast.expr.EmptyExpression&amp;gt;</message>
  <nestedLevel>1</nestedLevel>
  <property name="startLine">31</property>
  <property name="stepIndex">6</property>
</record>
<record>
  <date>2022-08-17T19:05:31</date>
  <millis>1660773931187</millis>
  <sequence>195</sequence>
  <level>END</level>
  <class>com.kms.katalon.core.logging.XmlKeywordLogger</class>
  <method>endKeyword</method>
  <thread>1</thread>
  <message>End action : textoPreCarro = &amp;lt;not implemented yet for class: org.codehaus.groovy.ast.expr.EmptyExpression&amp;gt;</message>
  <nestedLevel>1</nestedLevel>
</record>
<record>
  <date>2022-08-17T19:05:31</date>
  <millis>1660773931188</millis>
  <sequence>196</sequence>
  <level>START</level>
  <class>com.kms.katalon.core.logging.XmlKeywordLogger</class>
  <method>startKeyword</method>
  <thread>1</thread>
  <message>Start action : if (verifyElementPresent(findTestObject(\&amp;quot;01 - Login/Page_falabellacom  Todo lo que necesitas en_591ae0/div_Logo_Falabella\&amp;quot;), 2, OPTIONAL))</message>
  <nestedLevel>1</nestedLevel>
  <property name="startLine">34</property>
  <property name="stepIndex">7</property>
</record>
<record>
  <date>2022-08-17T19:05:31</date>
  <millis>1660773931345</millis>
  <sequence>203</sequence>
  <level>PASSED</level>
  <class>com.kms.katalon.core.logging.XmlKeywordLogger</class>
  <method>logMessage</method>
  <thread>1</thread>
  <message>Object &amp;apos;Object Repository/01 - Login/Page_falabellacom  Todo lo que necesitas en_591ae0/div_Logo_Falabella&amp;apos; is present</message>
  <nestedLevel>1</nestedLevel>
</record>
<record>
  <date>2022-08-17T19:05:31</date>
  <millis>1660773931346</millis>
  <sequence>204</sequence>
  <level>START</level>
  <class>com.kms.katalon.core.logging.XmlKeywordLogger</class>
  <method>startKeyword</method>
  <thread>1</thread>
  <message>Start action : out.println(\&amp;quot;-&amp;gt; Apertura pagina Falabella OK\&amp;quot;)</message>
  <nestedLevel>2</nestedLevel>
  <property name="startLine">36</property>
  <property name="stepIndex">1</property>
</record>
<record>
  <date>2022-08-17T19:05:31</date>
  <millis>1660773931347</millis>
  <sequence>205</sequence>
  <level>END</level>
  <class>com.kms.katalon.core.logging.XmlKeywordLogger</class>
  <method>endKeyword</method>
  <thread>1</thread>
  <message>End action : out.println(\&amp;quot;-&amp;gt; Apertura pagina Falabella OK\&amp;quot;)</message>
  <nestedLevel>2</nestedLevel>
</record>
<record>
  <date>2022-08-17T19:05:31</date>
  <millis>1660773931347</millis>
  <sequence>206</sequence>
  <level>END</level>
  <class>com.kms.katalon.core.logging.XmlKeywordLogger</class>
  <method>endKeyword</method>
  <thread>1</thread>
  <message>End action : if (verifyElementPresent(findTestObject(\&amp;quot;01 - Login/Page_falabellacom  Todo lo que necesitas en_591ae0/div_Logo_Falabella\&amp;quot;), 2, OPTIONAL))</message>
  <nestedLevel>1</nestedLevel>
</record>
<record>
  <date>2022-08-17T19:05:31</date>
  <millis>1660773931347</millis>
  <sequence>207</sequence>
  <level>START</level>
  <class>com.kms.katalon.core.logging.XmlKeywordLogger</class>
  <method>startKeyword</method>
  <thread>1</thread>
  <message>Start action : if (verifyElementPresent(findTestObject(\&amp;quot;Object Repository/02 - PopUp articulo carrito/Page_Falabella_EnvioGratis/a_GIORGIO ARMANI\&amp;quot;), 2, OPTIONAL))</message>
  <nestedLevel>1</nestedLevel>
  <property name="startLine">45</property>
  <property name="stepIndex">9</property>
</record>
<record>
  <date>2022-08-17T19:05:31</date>
  <millis>1660773931409</millis>
  <sequence>214</sequence>
  <level>PASSED</level>
  <class>com.kms.katalon.core.logging.XmlKeywordLogger</class>
  <method>logMessage</method>
  <thread>1</thread>
  <message>Object &amp;apos;Object Repository/02 - PopUp articulo carrito/Page_Falabella_EnvioGratis/a_GIORGIO ARMANI&amp;apos; is present</message>
  <nestedLevel>1</nestedLevel>
</record>
<record>
  <date>2022-08-17T19:05:31</date>
  <millis>1660773931410</millis>
  <sequence>215</sequence>
  <level>START</level>
  <class>com.kms.katalon.core.logging.XmlKeywordLogger</class>
  <method>startKeyword</method>
  <thread>1</thread>
  <message>Start action : textoPreCarro = getText(findTestObject(\&amp;quot;Object Repository/02 - PopUp articulo carrito/Page_Falabella_EnvioGratis/a_GIORGIO ARMANI\&amp;quot;))</message>
  <nestedLevel>2</nestedLevel>
  <property name="startLine">47</property>
  <property name="stepIndex">1</property>
</record>
<record>
  <date>2022-08-17T19:05:31</date>
  <millis>1660773931481</millis>
  <sequence>223</sequence>
  <level>PASSED</level>
  <class>com.kms.katalon.core.logging.XmlKeywordLogger</class>
  <method>logMessage</method>
  <thread>1</thread>
  <message>Text of object &amp;apos;Object Repository/02 - PopUp articulo carrito/Page_Falabella_EnvioGratis/a_GIORGIO ARMANI&amp;apos; is: &amp;apos;GIORGIO ARMANI&amp;apos;</message>
  <nestedLevel>1</nestedLevel>
</record>
<record>
  <date>2022-08-17T19:05:31</date>
  <millis>1660773931481</millis>
  <sequence>224</sequence>
  <level>END</level>
  <class>com.kms.katalon.core.logging.XmlKeywordLogger</class>
  <method>endKeyword</method>
  <thread>1</thread>
  <message>End action : textoPreCarro = getText(findTestObject(\&amp;quot;Object Repository/02 - PopUp articulo carrito/Page_Falabella_EnvioGratis/a_GIORGIO ARMANI\&amp;quot;))</message>
  <nestedLevel>2</nestedLevel>
</record>
<record>
  <date>2022-08-17T19:05:31</date>
  <millis>1660773931482</millis>
  <sequence>225</sequence>
  <level>START</level>
  <class>com.kms.katalon.core.logging.XmlKeywordLogger</class>
  <method>startKeyword</method>
  <thread>1</thread>
  <message>Start action : out.println(textoPreCarro)</message>
  <nestedLevel>2</nestedLevel>
  <property name="startLine">48</property>
  <property name="stepIndex">2</property>
</record>
<record>
  <date>2022-08-17T19:05:31</date>
  <millis>1660773931482</millis>
  <sequence>226</sequence>
  <level>END</level>
  <class>com.kms.katalon.core.logging.XmlKeywordLogger</class>
  <method>endKeyword</method>
  <thread>1</thread>
  <message>End action : out.println(textoPreCarro)</message>
  <nestedLevel>2</nestedLevel>
</record>
<record>
  <date>2022-08-17T19:05:31</date>
  <millis>1660773931482</millis>
  <sequence>227</sequence>
  <level>END</level>
  <class>com.kms.katalon.core.logging.XmlKeywordLogger</class>
  <method>endKeyword</method>
  <thread>1</thread>
  <message>End action : if (verifyElementPresent(findTestObject(\&amp;quot;Object Repository/02 - PopUp articulo carrito/Page_Falabella_EnvioGratis/a_GIORGIO ARMANI\&amp;quot;), 2, OPTIONAL))</message>
  <nestedLevel>1</nestedLevel>
</record>
<record>
  <date>2022-08-17T19:05:31</date>
  <millis>1660773931482</millis>
  <sequence>228</sequence>
  <level>START</level>
  <class>com.kms.katalon.core.logging.XmlKeywordLogger</class>
  <method>startKeyword</method>
  <thread>1</thread>
  <message>Start action : if (verifyElementPresent(findTestObject(\&amp;quot;Object Repository/03 - AgregarAlCarro/Page_popup_agregar_carro/button_Agregar al Carro\&amp;quot;), 2, OPTIONAL))</message>
  <nestedLevel>1</nestedLevel>
  <property name="startLine">51</property>
  <property name="stepIndex">10</property>
</record>
<record>
  <date>2022-08-17T19:05:31</date>
  <millis>1660773931565</millis>
  <sequence>235</sequence>
  <level>PASSED</level>
  <class>com.kms.katalon.core.logging.XmlKeywordLogger</class>
  <method>logMessage</method>
  <thread>1</thread>
  <message>Object &amp;apos;Object Repository/03 - AgregarAlCarro/Page_popup_agregar_carro/button_Agregar al Carro&amp;apos; is present</message>
  <nestedLevel>1</nestedLevel>
</record>
<record>
  <date>2022-08-17T19:05:31</date>
  <millis>1660773931565</millis>
  <sequence>236</sequence>
  <level>START</level>
  <class>com.kms.katalon.core.logging.XmlKeywordLogger</class>
  <method>startKeyword</method>
  <thread>1</thread>
  <message>Start action : click(findTestObject(\&amp;quot;Object Repository/03 - AgregarAlCarro/Page_popup_agregar_carro/button_Agregar al Carro\&amp;quot;))</message>
  <nestedLevel>2</nestedLevel>
  <property name="startLine">53</property>
  <property name="stepIndex">1</property>
</record>
<record>
  <date>2022-08-17T19:05:31</date>
  <millis>1660773931738</millis>
  <sequence>244</sequence>
  <level>PASSED</level>
  <class>com.kms.katalon.core.logging.XmlKeywordLogger</class>
  <method>logMessage</method>
  <thread>1</thread>
  <message>Object: &amp;apos;Object Repository/03 - AgregarAlCarro/Page_popup_agregar_carro/button_Agregar al Carro&amp;apos; is clicked on</message>
  <nestedLevel>1</nestedLevel>
</record>
<record>
  <date>2022-08-17T19:05:31</date>
  <millis>1660773931738</millis>
  <sequence>245</sequence>
  <level>END</level>
  <class>com.kms.katalon.core.logging.XmlKeywordLogger</class>
  <method>endKeyword</method>
  <thread>1</thread>
  <message>End action : click(findTestObject(\&amp;quot;Object Repository/03 - AgregarAlCarro/Page_popup_agregar_carro/button_Agregar al Carro\&amp;quot;))</message>
  <nestedLevel>2</nestedLevel>
</record>
<record>
  <date>2022-08-17T19:05:31</date>
  <millis>1660773931738</millis>
  <sequence>246</sequence>
  <level>END</level>
  <class>com.kms.katalon.core.logging.XmlKeywordLogger</class>
  <method>endKeyword</method>
  <thread>1</thread>
  <message>End action : if (verifyElementPresent(findTestObject(\&amp;quot;Object Repository/03 - AgregarAlCarro/Page_popup_agregar_carro/button_Agregar al Carro\&amp;quot;), 2, OPTIONAL))</message>
  <nestedLevel>1</nestedLevel>
</record>
<record>
  <date>2022-08-17T19:05:31</date>
  <millis>1660773931738</millis>
  <sequence>247</sequence>
  <level>START</level>
  <class>com.kms.katalon.core.logging.XmlKeywordLogger</class>
  <method>startKeyword</method>
  <thread>1</thread>
  <message>Start action : if (verifyElementPresent(findTestObject(\&amp;quot;Object Repository/03 - AgregarAlCarro/Page_popup_agregar_carro/span_Popup_GIORGIO ARMANI\&amp;quot;), 2, OPTIONAL))</message>
  <nestedLevel>1</nestedLevel>
  <property name="startLine">56</property>
  <property name="stepIndex">11</property>
</record>
<record>
  <date>2022-08-17T19:05:32</date>
  <millis>1660773932379</millis>
  <sequence>254</sequence>
  <level>PASSED</level>
  <class>com.kms.katalon.core.logging.XmlKeywordLogger</class>
  <method>logMessage</method>
  <thread>1</thread>
  <message>Object &amp;apos;Object Repository/03 - AgregarAlCarro/Page_popup_agregar_carro/span_Popup_GIORGIO ARMANI&amp;apos; is present</message>
  <nestedLevel>1</nestedLevel>
</record>
<record>
  <date>2022-08-17T19:05:32</date>
  <millis>1660773932380</millis>
  <sequence>255</sequence>
  <level>START</level>
  <class>com.kms.katalon.core.logging.XmlKeywordLogger</class>
  <method>startKeyword</method>
  <thread>1</thread>
  <message>Start action : subPopupPreCarro = getText(findTestObject(\&amp;quot;Object Repository/03 - AgregarAlCarro/Page_popup_agregar_carro/span_Popup_GIORGIO ARMANI\&amp;quot;))</message>
  <nestedLevel>2</nestedLevel>
  <property name="startLine">58</property>
  <property name="stepIndex">1</property>
</record>
<record>
  <date>2022-08-17T19:05:32</date>
  <millis>1660773932466</millis>
  <sequence>263</sequence>
  <level>PASSED</level>
  <class>com.kms.katalon.core.logging.XmlKeywordLogger</class>
  <method>logMessage</method>
  <thread>1</thread>
  <message>Text of object &amp;apos;Object Repository/03 - AgregarAlCarro/Page_popup_agregar_carro/span_Popup_GIORGIO ARMANI&amp;apos; is: &amp;apos;GIORGIO ARMANI&amp;apos;</message>
  <nestedLevel>1</nestedLevel>
</record>
<record>
  <date>2022-08-17T19:05:32</date>
  <millis>1660773932467</millis>
  <sequence>264</sequence>
  <level>END</level>
  <class>com.kms.katalon.core.logging.XmlKeywordLogger</class>
  <method>endKeyword</method>
  <thread>1</thread>
  <message>End action : subPopupPreCarro = getText(findTestObject(\&amp;quot;Object Repository/03 - AgregarAlCarro/Page_popup_agregar_carro/span_Popup_GIORGIO ARMANI\&amp;quot;))</message>
  <nestedLevel>2</nestedLevel>
</record>
<record>
  <date>2022-08-17T19:05:32</date>
  <millis>1660773932467</millis>
  <sequence>265</sequence>
  <level>START</level>
  <class>com.kms.katalon.core.logging.XmlKeywordLogger</class>
  <method>startKeyword</method>
  <thread>1</thread>
  <message>Start action : out.println(subPopupPreCarro)</message>
  <nestedLevel>2</nestedLevel>
  <property name="startLine">59</property>
  <property name="stepIndex">2</property>
</record>
<record>
  <date>2022-08-17T19:05:32</date>
  <millis>1660773932468</millis>
  <sequence>266</sequence>
  <level>END</level>
  <class>com.kms.katalon.core.logging.XmlKeywordLogger</class>
  <method>endKeyword</method>
  <thread>1</thread>
  <message>End action : out.println(subPopupPreCarro)</message>
  <nestedLevel>2</nestedLevel>
</record>
<record>
  <date>2022-08-17T19:05:32</date>
  <millis>1660773932468</millis>
  <sequence>267</sequence>
  <level>END</level>
  <class>com.kms.katalon.core.logging.XmlKeywordLogger</class>
  <method>endKeyword</method>
  <thread>1</thread>
  <message>End action : if (verifyElementPresent(findTestObject(\&amp;quot;Object Repository/03 - AgregarAlCarro/Page_popup_agregar_carro/span_Popup_GIORGIO ARMANI\&amp;quot;), 2, OPTIONAL))</message>
  <nestedLevel>1</nestedLevel>
</record>
<record>
  <date>2022-08-17T19:05:32</date>
  <millis>1660773932468</millis>
  <sequence>268</sequence>
  <level>START</level>
  <class>com.kms.katalon.core.logging.XmlKeywordLogger</class>
  <method>startKeyword</method>
  <thread>1</thread>
  <message>Start action : Assert.assertEquals(textoPreCarro, subPopupPreCarro)</message>
  <nestedLevel>1</nestedLevel>
  <property name="startLine">62</property>
  <property name="stepIndex">12</property>
</record>
<record>
  <date>2022-08-17T19:05:32</date>
  <millis>1660773932468</millis>
  <sequence>269</sequence>
  <level>END</level>
  <class>com.kms.katalon.core.logging.XmlKeywordLogger</class>
  <method>endKeyword</method>
  <thread>1</thread>
  <message>End action : Assert.assertEquals(textoPreCarro, subPopupPreCarro)</message>
  <nestedLevel>1</nestedLevel>
</record>
<record>
  <date>2022-08-17T19:05:32</date>
  <millis>1660773932469</millis>
  <sequence>270</sequence>
  <level>PASSED</level>
  <class>com.kms.katalon.core.logging.XmlKeywordLogger</class>
  <method>logMessage</method>
  <thread>1</thread>
  <message>Test Cases/inicioSesion/03 - AgregarAlCarro</message>
  <nestedLevel>1</nestedLevel>
</record>
<record>
  <date>2022-08-17T19:05:32</date>
  <millis>1660773932469</millis>
  <sequence>271</sequence>
  <level>END</level>
  <class>com.kms.katalon.core.logging.XmlKeywordLogger</class>
  <method>endTest</method>
  <thread>1</thread>
  <message>End Test Case : Test Cases/inicioSesion/03 - AgregarAlCarro</message>
  <nestedLevel>0</nestedLevel>
</record>
<record>
  <date>2022-08-17T19:05:32</date>
  <millis>1660773932469</millis>
  <sequence>272</sequence>
  <level>START</level>
  <class>com.kms.katalon.core.logging.XmlKeywordLogger</class>
  <method>startKeyword</method>
  <thread>1</thread>
  <message>Start listener action : exportKatalonReports</message>
  <nestedLevel>0</nestedLevel>
</record>
<record>
  <date>2022-08-17T19:05:32</date>
  <millis>1660773932469</millis>
  <sequence>274</sequence>
  <level>INFO</level>
  <class>com.kms.katalon.core.logging.XmlKeywordLogger</class>
  <method>logMessage</method>
  <thread>1</thread>
  <message>This Katalon Studio version has been deprecated. Please upgrade Katalon Studio to the latest version.</message>
  <nestedLevel>0</nestedLevel>
</record>
<record>
  <date>2022-08-17T19:05:32</date>
  <millis>1660773932623</millis>
  <sequence>555</sequence>
  <level>INFO</level>
  <class>com.kms.katalon.core.logging.XmlKeywordLogger</class>
  <method>logMessage</method>
  <thread>1</thread>
  <message>Start generating HTML report folder at: D:\\ProyectosAUT\\Katalon\\FalabellaAUT\\FalabellaAUT\\Reports\\20220817_190504\\Suite FalabellaAUT\\20220817_190504...</message>
  <nestedLevel>0</nestedLevel>
</record>
<record>
  <date>2022-08-17T19:05:32</date>
  <millis>1660773932645</millis>
  <sequence>556</sequence>
  <level>INFO</level>
  <class>com.kms.katalon.core.logging.XmlKeywordLogger</class>
  <method>logMessage</method>
  <thread>1</thread>
  <message>HTML report generated</message>
  <nestedLevel>0</nestedLevel>
</record>
<record>
  <date>2022-08-17T19:05:32</date>
  <millis>1660773932645</millis>
  <sequence>557</sequence>
  <level>INFO</level>
  <class>com.kms.katalon.core.logging.XmlKeywordLogger</class>
  <method>logMessage</method>
  <thread>1</thread>
  <message>Start generating CSV report folder at: D:\\ProyectosAUT\\Katalon\\FalabellaAUT\\FalabellaAUT\\Reports\\20220817_190504\\Suite FalabellaAUT\\20220817_190504...</message>
  <nestedLevel>0</nestedLevel>
</record>
<record>
  <date>2022-08-17T19:05:32</date>
  <millis>1660773932671</millis>
  <sequence>558</sequence>
  <level>INFO</level>
  <class>com.kms.katalon.core.logging.XmlKeywordLogger</class>
  <method>logMessage</method>
  <thread>1</thread>
  <message>CSV report generated</message>
  <nestedLevel>0</nestedLevel>
</record>
<record>
  <date>2022-08-17T19:05:32</date>
  <millis>1660773932672</millis>
  <sequence>559</sequence>
  <level>INFO</level>
  <class>com.kms.katalon.core.logging.XmlKeywordLogger</class>
  <method>logMessage</method>
  <thread>1</thread>
  <message>Start generating JUnit report folder at: D:\\ProyectosAUT\\Katalon\\FalabellaAUT\\FalabellaAUT\\Reports\\20220817_190504\\Suite FalabellaAUT\\20220817_190504...</message>
  <nestedLevel>0</nestedLevel>
</record>
<record>
  <date>2022-08-17T19:05:32</date>
  <millis>1660773932843</millis>
  <sequence>560</sequence>
  <level>INFO</level>
  <class>com.kms.katalon.core.logging.XmlKeywordLogger</class>
  <method>logMessage</method>
  <thread>1</thread>
  <message>JUnit report generated</message>
  <nestedLevel>0</nestedLevel>
</record>
<record>
  <date>2022-08-17T19:05:32</date>
  <millis>1660773932843</millis>
  <sequence>562</sequence>
  <level>END</level>
  <class>com.kms.katalon.core.logging.XmlKeywordLogger</class>
  <method>endKeyword</method>
  <thread>1</thread>
  <message>End listener action : exportKatalonReports</message>
  <nestedLevel>0</nestedLevel>
</record>
<record>
  <date>2022-08-17T19:05:33</date>
  <millis>1660773933845</millis>
  <sequence>563</sequence>
  <level>END</level>
  <class>com.kms.katalon.core.logging.XmlKeywordLogger</class>
  <method>endSuite</method>
  <thread>1</thread>
  <message>End Test Suite : Test Suites/Suite FalabellaAUT</message>
  <nestedLevel>0</nestedLevel>
</record>
</log>